This is TeX, Version 3.14159265 (TeX Live 2019) (preloaded format=tex 2020.2.4)  12 NOV 2021 18:12
**develop
(./develop.tex (./parimacro.tex
\std=\read0
 (./paricfg.tex)
\toc=\write0
\out=\write1
\aux=\write2
\index=\write3

SECOND PASS
(./develop.aux)) [1
\openout2 = `develop.aux'.

\appno=\count8
\chapno=\count8
\secno=\count8
\subsecno=\count8
\subsubsecno=\count8
\euffam=\fam8
] [2] (./develop.toc) [3
\openout0 = `develop.toc'.

] (./develop.aux) [4] [5] [6]
[7] [8] [9] [10] [11] [12] [13] [14] [15] [16] [17] (../examples/pari-mt.c
[18]) [19] [20] (./index.tex [21
\fullhsize=\dimen20
\leftcolumn=\box20
\dbox=\box20
\dfillskip=\skip20
\interskipa=\skip20
\interskipb=\skip20
] [22]) [23] )
Output written on develop.dvi (23 pages, 81808 bytes).
