This is TeX, Version 3.14159265 (TeX Live 2019) (preloaded format=tex 2020.2.4)  12 NOV 2021 18:12
**libpari
(./libpari.tex (./parimacro.tex
\std=\read0
 (./paricfg.tex)
\toc=\write0
\out=\write1
\aux=\write2
\index=\write3

SECOND PASS
(./libpari.aux)) [1
\openout2 = `libpari.aux'.

\appno=\count8
\chapno=\count8
\secno=\count8
\subsecno=\count8
\subsubsecno=\count8
\euffam=\fam8
] [2] (./libpari.toc [3] [4] [5] [6] [7] [8] [9] [10]
[11]) [12
\openout0 = `libpari.toc'.

] (./usersch4.tex [13] [14] [15] [16] [17] [18] [19] [20] [21]
[22] [23] [24] [25] [26] [27] [28] [29] [30] [31] [32] [33] [34] [35] [36]
[37] [38] [39] [40] [41] [42] [43] [44] [45] [46] [47] [48] [49]
(../examples/extgcd.c) [50] [51]) (./usersch5.tex [52] [53] [54] [55] [56]
[57] [58] [59] [60] [61] [62] [63] [64] [65] [66] [67] [68] [69] [70] [71]
[72] [73] [74] [75] [76] [77] [78] [79] [80] [81] [82] [83] [84] [85] [86]
[87] [88] [89] [90] [91] [92] [93] [94] [95] [96] [97] [98] [99] [100] [101]
[102] [103] [104] [105] [106] [107] [108] [109] [110] [111] [112] [113]
[114] [115] [116] [117] [118] [119] [120] [121] [122] [123] [124] [125]
[126] [127] [128] [129] [130] [131] [132] [133] [134] [135] [136] [137]
[138] [139] [140]
Overfull \hbox (142.19858pt too wide) in paragraph at lines 6151--6154
\tentt GEN FlxV_Flv_multieval(GEN F, GEN v, ulong p) \tenrm re-turns the vec-to
r $[[\teni F\tenrm [1](\teni v\tenrm [1])\teni ; [] ; F\tenrm [1](\teni v\tenrm
 [\teni n\tenrm ])]\teni ; [] ; \tenrm [\teni F\tenrm [\teni m\tenrm ](\teni v\
tenrm [1])\teni ; [] ; F\tenrm [\teni m\tenrm ](\teni v\tenrm [\teni n\tenrm ])
]]$|

\hbox(7.5+2.5)x428.99947, glue set - 1.0
.\tentt G
.\tentt E
.\tentt N
.\glue 5.24995
.\tentt F
.etc.

[141] [142] [143] [144] [145] [146] [147] [148] [149] [150] [151] [152]
[153] [154] [155] [156] [157] [158] [159] [160] [161] [162] [163] [164]
[165] [166]
Overfull \hbox (3.86292pt too wide) in paragraph at lines 8002--8007
\tentt GEN absZ_factor_limit_strict(GEN n, ulong all, GEN *pU) \tenrm anal-o-go
us to \tentt absZ_factor_limit\tenrm ,|

\hbox(6.94444+2.22223)x428.99947, glue set - 1.0
.\tentt G
.\tentt E
.\tentt N
.\glue 5.24995
.\tentt a
.etc.

[167] [168] [169] [170] [171] [172] [173] [174] [175] [176] [177] [178]
[179] [180] [181] [182] [183] [184] [185] [186] [187] [188] [189] [190]
[191] [192] [193] [194] [195] [196] [197] [198] [199] [200] [201] [202]
[203] [204] [205] [206] [207] [208] [209] [210] [211] [212] [213] [214]
[215] [216] [217] [218] [219] [220] [221] [222] [223] [224] [225] [226]
[227] [228] [229] [230] [231] [232] [233] [234] [235] [236] [237] [238]
[239] [240] [241] [242] [243] [244] [245] [246] [247] [248] [249] [250]
[251] [252] [253] [254] [255] [256] [257] [258] [259] [260] [261] [262]
[263] [264] [265] [266] [267] [268] [269] [270] [271] [272] [273] [274]
[275] [276] [277]) (./usersch6.tex [278] [279] [280] [281] [282] [283] [284]
[285] [286] [287] [288] [289] [290] [291] [292] [293] [294] [295] [296]
[297] [298] [299] [300] [301] [302] [303] [304] [305] [306] [307] [308]
[309] [310] [311] [312] [313] [314] [315] [316] [317] [318] [319] [320]
[321] [322] [323] [324] [325]) (./usersch7.tex [326] [327] [328] [329] [330]
[331] [332] [333] [334] [335] [336] [337] [338] [339] [340] [341])
(./usersch8.tex [342] [343]
Overfull \hbox (5.19182pt too wide) in paragraph at lines 87--89
\tentt GEN lfun-misc_to_ldata_shallow_i(GEN obj) \tenrm as \tentt lfun-misc_to_
ldata_shallow_i\tenrm , re-turn-ing \tentt NULL|

\hbox(6.94444+2.22223)x428.99947, glue set - 1.0
.\tentt G
.\tentt E
.\tentt N
.\glue 5.24995
.\tentt l
.etc.

[344] [345] [346] [347] [348] [349] [350] [351] [352] [353] [354] [355])
(./appb.tex [356]
Overfull \hbox (121.24591pt too wide) in paragraph at lines 21--22
[]\tentt INCDIR = /Users/julianalvarez/Documents/VSCODE/Smart_Symbolic_Graphing
_Calculator/tools/macos/include |

\hbox(6.94444+2.22223)x428.99947
.\hbox(0.0+0.0)x20.0
.\tentt I
.\tentt N
.\tentt C
.\tentt D
.etc.


Overfull \hbox (100.2461pt too wide) in paragraph at lines 22--23
[]\tentt LIBDIR = /Users/julianalvarez/Documents/VSCODE/Smart_Symbolic_Graphing
_Calculator/tools/macos/lib |

\hbox(6.94444+2.22223)x428.99947
.\hbox(0.0+0.0)x20.0
.\tentt L
.\tentt I
.\tentt B
.\tentt D
.etc.

(../examples/extgcd.c [357]) [358]) (./appd.tex [359] (../examples/thread.c
[360]) [361]) (./index.tex [362
\fullhsize=\dimen20
\leftcolumn=\box20
\dbox=\box20
\dfillskip=\skip20
\interskipa=\skip20
\interskipb=\skip20
] [363] [364] [365] [366] [367] [368] [369]
[370] [371] [372] [373] [374] [375] [376] [377] [378] [379] [380] [381]
[382] [383] [384] [385] [386] [387] [388] [389] [390] [391] [392] [393]
[394] [395] [396] [397] [398] [399] [400] [401] [402] [403] [404] [405]
[406] [407] [408] [409] [410] [411]) [412] )
Output written on libpari.dvi (412 pages, 2117400 bytes).
