This is TeX, Version 3.14159265 (TeX Live 2019) (preloaded format=tex 2020.2.4)  12 NOV 2021 18:12
**refcard-mf.tex
(./refcard-mf.tex (./refmacro.tex (./parimacro.tex
\std=\read0
 (./paricfg.tex)
\toc=\write0
\out=\write1
\aux=\write2
\index=\write3

FIRST PASS
No aux file.
\appno=\count26
\chapno=\count27
\secno=\count28
\subsecno=\count29
\subsubsecno=\count30
\euffam=\fam8
)
\columnsperpage=\count31
\intercolumnskip=\dimen16
\columna=\box16
\columnb=\box17
 [3 columns per page]
\keyindent=\dimen17
\libox=\box18
\liwidth=\dimen18
) [1
\openout3 = `refcard-mf.idx'.

\openout2 = `refcard-mf.aux'.

]
Underfull \hbox (badness 10000) in paragraph at lines 179--184


\hbox(0.0+0.0)x245.71754
.\glue(\rightskip) 0.0


Underfull \hbox (badness 10000) in paragraph at lines 185--192


\hbox(0.0+0.0)x245.71754
.\glue(\rightskip) 0.0

[2] )
Output written on refcard-mf.dvi (2 pages, 19852 bytes).
