This is TeX, Version 3.14159265 (TeX Live 2019) (preloaded format=tex 2020.2.4)  12 NOV 2021 18:12
**refcard-nf.tex
(./refcard-nf.tex (./refmacro.tex (./parimacro.tex
\std=\read0
 (./paricfg.tex)
\toc=\write0
\out=\write1
\aux=\write2
\index=\write3

FIRST PASS
No aux file.
\appno=\count26
\chapno=\count27
\secno=\count28
\subsecno=\count29
\subsubsecno=\count30
\euffam=\fam8
)
\columnsperpage=\count31
\intercolumnskip=\dimen16
\columna=\box16
\columnb=\box17
 [3 columns per page]
\keyindent=\dimen17
\libox=\box18
\liwidth=\dimen18
) [1
\openout3 = `refcard-nf.idx'.

\openout2 = `refcard-nf.aux'.

] [2] [3] )
Output written on refcard-nf.dvi (3 pages, 34880 bytes).
