This is TeX, Version 3.14159265 (TeX Live 2019) (preloaded format=tex 2020.2.4)  12 NOV 2021 18:12
**tutorial
(./tutorial.tex (./parimacro.tex
\std=\read0
 (./paricfg.tex)
\toc=\write0
\out=\write1
\aux=\write2
\index=\write3

FIRST PASS
(./tutorial.aux)
\appno=\count26
\chapno=\count27
\secno=\count28
\subsecno=\count29
\subsubsecno=\count30
\euffam=\fam8
) [1
\openout3 = `tutorial.idx'.

\openout2 = `tutorial.aux'.

] [2] (./tutorial.toc) [3
\openout0 = `tutorial.toc'.

] [4] [5] [6] [7] [8] [9] [10]
[11] [12] [13] [14] [15] [16] [17] [18] [19] [20] [21] [22] [23] [24] [25]
[26] [27] [28] [29] [30] [31] [32] [33] [34] [35] [36] [37] [38] [39] [40]
[41] [42] [43] [44] [45] [46] [47] [48] [49] [50] [51] [52] [53] [54] [55]
[56] [57] [58] )
Output written on tutorial.dvi (58 pages, 233476 bytes).
