This file contains any messages produced by compilers while
running configure, to aid debugging if configure makes a mistake.

It was created by mpfi configure 1.5.4, which was
generated by GNU Autoconf 2.71.  Invocation command line was

  $ ./configure --with-gmp=/Users/julianalvarez/Documents/VSCODE/Smart_Symbolic_Graphing_Calculator/tools/macos --with-mpfr=/Users/julianalvarez/Documents/VSCODE/Smart_Symbolic_Graphing_Calculator/tools/macos --prefix=/Users/julianalvarez/Documents/VSCODE/Smart_Symbolic_Graphing_Calculator/tools/macos

## --------- ##
## Platform. ##
## --------- ##

hostname = Julians-MacBook-Pro.local
uname -m = x86_64
uname -r = 20.2.0
uname -s = Darwin
uname -v = Darwin Kernel Version 20.2.0: Wed Dec  2 20:39:59 PST 2020; root:xnu-7195.60.75~1/RELEASE_X86_64

/usr/bin/uname -p = i386
/bin/uname -X     = unknown

/bin/arch              = unknown
/usr/bin/arch -k       = unknown
/usr/convex/getsysinfo = unknown
/usr/bin/hostinfo      = Mach kernel version:
	 Darwin Kernel Version 20.2.0: Wed Dec  2 20:39:59 PST 2020; root:xnu-7195.60.75~1/RELEASE_X86_64
Kernel configured for up to 4 processors.
2 processors are physically available.
4 processors are logically available.
Processor type: x86_64h (Intel x86-64h Haswell)
Processors active: 0 1 2 3
Primary memory available: 8.00 gigabytes
Default processor set: 510 tasks, 2595 threads, 4 processors
Load average: 7.58, Mach factor: 1.56
/bin/machine           = unknown
/usr/bin/oslevel       = unknown
/bin/universe          = unknown

PATH: /Users/julianalvarez/.cabal/bin/
PATH: /Users/julianalvarez/.ghcup/bin/
PATH: /Users/julianalvarez/.cargo/bin/
PATH: /usr/local/bin/
PATH: /usr/bin/
PATH: /bin/
PATH: /usr/sbin/
PATH: /sbin/
PATH: /Users/julianalvarez/.ghcup/env/
PATH: /Library/TeX/texbin/
PATH: /opt/X11/bin/
PATH: /Library/Apple/usr/bin/
PATH: /Applications/Wireshark.app/Contents/MacOS/
PATH: /Users/julianalvarez/.cabal/bin/
PATH: /Users/julianalvarez/.ghcup/bin/
PATH: /Users/julianalvarez/.cargo/bin/
PATH: /Applications/Julia-1.6.app/Contents/Resources/julia/bin/
PATH: /Applications/Julia-1.6.app/Contents/Resources/julia/bin/


## ----------- ##
## Core tests. ##
## ----------- ##

configure:2474: looking for aux files: config.guess config.sub ltmain.sh ar-lib missing install-sh compile
configure:2487:  trying ./build-aux/
configure:2516:   ./build-aux/config.guess found
configure:2516:   ./build-aux/config.sub found
configure:2516:   ./build-aux/ltmain.sh found
configure:2516:   ./build-aux/ar-lib found
configure:2516:   ./build-aux/missing found
configure:2498:   ./build-aux/install-sh found
configure:2516:   ./build-aux/compile found
configure:2700: checking for gcc
configure:2721: found /usr/bin/gcc
configure:2732: result: gcc
configure:3085: checking for C compiler version
configure:3094: gcc --version >&5
Apple clang version 12.0.5 (clang-1205.0.22.11)
Target: x86_64-apple-darwin20.2.0
Thread model: posix
InstalledDir: /Applications/Xcode.app/Contents/Developer/Toolchains/XcodeDefault.xctoolchain/usr/bin
Configured with: --prefix=/Applications/Xcode.app/Contents/Developer/usr --with-gxx-include-dir=/Library/Developer/CommandLineTools/SDKs/MacOSX.sdk/usr/include/c++/4.2.1
configure:3105: $? = 0
configure:3094: gcc -v >&5
Configured with: --prefix=/Applications/Xcode.app/Contents/Developer/usr --with-gxx-include-dir=/Library/Developer/CommandLineTools/SDKs/MacOSX.sdk/usr/include/c++/4.2.1
Apple clang version 12.0.5 (clang-1205.0.22.11)
Target: x86_64-apple-darwin20.2.0
Thread model: posix
InstalledDir: /Applications/Xcode.app/Contents/Developer/Toolchains/XcodeDefault.xctoolchain/usr/bin
configure:3105: $? = 0
configure:3094: gcc -V >&5
clang: error: argument to '-V' is missing (expected 1 value)
clang: error: no input files
configure:3105: $? = 1
configure:3094: gcc -qversion >&5
clang: error: unknown argument '-qversion'; did you mean '--version'?
clang: error: no input files
configure:3105: $? = 1
configure:3094: gcc -version >&5
clang: error: unknown argument '-version'; did you mean '--version'?
clang: error: no input files
configure:3105: $? = 1
configure:3125: checking whether the C compiler works
configure:3147: gcc    conftest.c  >&5
configure:3151: $? = 0
configure:3201: result: yes
configure:3204: checking for C compiler default output file name
configure:3206: result: a.out
configure:3212: checking for suffix of executables
configure:3219: gcc -o conftest    conftest.c  >&5
configure:3223: $? = 0
configure:3246: result: 
configure:3268: checking whether we are cross compiling
configure:3276: gcc -o conftest    conftest.c  >&5
configure:3280: $? = 0
configure:3287: ./conftest
configure:3291: $? = 0
configure:3306: result: no
configure:3311: checking for suffix of object files
configure:3334: gcc -c   conftest.c >&5
configure:3338: $? = 0
configure:3360: result: o
configure:3364: checking whether the compiler supports GNU C
configure:3384: gcc -c   conftest.c >&5
configure:3384: $? = 0
configure:3394: result: yes
configure:3405: checking whether gcc accepts -g
configure:3426: gcc -c -g  conftest.c >&5
configure:3426: $? = 0
configure:3470: result: yes
configure:3490: checking for gcc option to enable C11 features
configure:3505: gcc  -c -g -O2  conftest.c >&5
configure:3505: $? = 0
configure:3523: result: none needed
configure:3639: checking whether gcc understands -c and -o together
configure:3662: gcc -c conftest.c -o conftest2.o
configure:3665: $? = 0
configure:3662: gcc -c conftest.c -o conftest2.o
configure:3665: $? = 0
configure:3677: result: yes
configure:3699: checking for stdio.h
configure:3699: gcc -c -g -O2  conftest.c >&5
configure:3699: $? = 0
configure:3699: result: yes
configure:3699: checking for stdlib.h
configure:3699: gcc -c -g -O2  conftest.c >&5
configure:3699: $? = 0
configure:3699: result: yes
configure:3699: checking for string.h
configure:3699: gcc -c -g -O2  conftest.c >&5
configure:3699: $? = 0
configure:3699: result: yes
configure:3699: checking for inttypes.h
configure:3699: gcc -c -g -O2  conftest.c >&5
configure:3699: $? = 0
configure:3699: result: yes
configure:3699: checking for stdint.h
configure:3699: gcc -c -g -O2  conftest.c >&5
configure:3699: $? = 0
configure:3699: result: yes
configure:3699: checking for strings.h
configure:3699: gcc -c -g -O2  conftest.c >&5
configure:3699: $? = 0
configure:3699: result: yes
configure:3699: checking for sys/stat.h
configure:3699: gcc -c -g -O2  conftest.c >&5
configure:3699: $? = 0
configure:3699: result: yes
configure:3699: checking for sys/types.h
configure:3699: gcc -c -g -O2  conftest.c >&5
configure:3699: $? = 0
configure:3699: result: yes
configure:3699: checking for unistd.h
configure:3699: gcc -c -g -O2  conftest.c >&5
configure:3699: $? = 0
configure:3699: result: yes
configure:3699: checking for wchar.h
configure:3699: gcc -c -g -O2  conftest.c >&5
configure:3699: $? = 0
configure:3699: result: yes
configure:3699: checking for minix/config.h
configure:3699: gcc -c -g -O2  conftest.c >&5
conftest.c:47:10: fatal error: 'minix/config.h' file not found
#include <minix/config.h>
         ^~~~~~~~~~~~~~~~
1 error generated.
configure:3699: $? = 1
configure: failed program was:
| /* confdefs.h */
| #define PACKAGE_NAME "mpfi"
| #define PACKAGE_TARNAME "mpfi"
| #define PACKAGE_VERSION "1.5.4"
| #define PACKAGE_STRING "mpfi 1.5.4"
| #define PACKAGE_BUGREPORT "mpfi-users@lists.gforge.inria.fr"
| #define PACKAGE_URL "https://gforge.inria.fr/projects/mpfi/"
| #define HAVE_STDIO_H 1
| #define HAVE_STDLIB_H 1
| #define HAVE_STRING_H 1
| #define HAVE_INTTYPES_H 1
| #define HAVE_STDINT_H 1
| #define HAVE_STRINGS_H 1
| #define HAVE_SYS_STAT_H 1
| #define HAVE_SYS_TYPES_H 1
| #define HAVE_UNISTD_H 1
| #define HAVE_WCHAR_H 1
| /* end confdefs.h.  */
| #include <stddef.h>
| #ifdef HAVE_STDIO_H
| # include <stdio.h>
| #endif
| #ifdef HAVE_STDLIB_H
| # include <stdlib.h>
| #endif
| #ifdef HAVE_STRING_H
| # include <string.h>
| #endif
| #ifdef HAVE_INTTYPES_H
| # include <inttypes.h>
| #endif
| #ifdef HAVE_STDINT_H
| # include <stdint.h>
| #endif
| #ifdef HAVE_STRINGS_H
| # include <strings.h>
| #endif
| #ifdef HAVE_SYS_TYPES_H
| # include <sys/types.h>
| #endif
| #ifdef HAVE_SYS_STAT_H
| # include <sys/stat.h>
| #endif
| #ifdef HAVE_UNISTD_H
| # include <unistd.h>
| #endif
| #include <minix/config.h>
configure:3699: result: no
configure:3730: checking whether it is safe to define __EXTENSIONS__
configure:3749: gcc -c -g -O2  conftest.c >&5
configure:3749: $? = 0
configure:3757: result: yes
configure:3760: checking whether _XOPEN_SOURCE should be defined
configure:3782: gcc -c -g -O2  conftest.c >&5
configure:3782: $? = 0
configure:3809: result: no
configure:3882: checking for a BSD-compatible install
configure:3955: result: /usr/bin/install -c
configure:3966: checking whether build environment is sane
configure:4021: result: yes
configure:4176: checking for a race-free mkdir -p
configure:4220: result: ./build-aux/install-sh -c -d
configure:4227: checking for gawk
configure:4262: result: no
configure:4227: checking for mawk
configure:4262: result: no
configure:4227: checking for nawk
configure:4262: result: no
configure:4227: checking for awk
configure:4248: found /usr/bin/awk
configure:4259: result: awk
configure:4270: checking whether make sets $(MAKE)
configure:4293: result: yes
configure:4315: checking whether make supports the include directive
configure:4330: make -f confmf.GNU && cat confinc.out
this is the am__doit target
configure:4333: $? = 0
configure:4352: result: yes (GNU style)
configure:4387: checking whether make supports nested variables
configure:4405: result: yes
configure:4486: checking dependency style of gcc
configure:4598: result: gcc3
configure:4682: checking whether make supports nested variables
configure:4700: result: yes
configure:4712: checking whether to enable maintainer-specific portions of Makefiles
configure:4722: result: no
configure:4853: checking for gcc
configure:4885: result: gcc
configure:5238: checking for C compiler version
configure:5247: gcc --version >&5
Apple clang version 12.0.5 (clang-1205.0.22.11)
Target: x86_64-apple-darwin20.2.0
Thread model: posix
InstalledDir: /Applications/Xcode.app/Contents/Developer/Toolchains/XcodeDefault.xctoolchain/usr/bin
Configured with: --prefix=/Applications/Xcode.app/Contents/Developer/usr --with-gxx-include-dir=/Library/Developer/CommandLineTools/SDKs/MacOSX.sdk/usr/include/c++/4.2.1
configure:5258: $? = 0
configure:5247: gcc -v >&5
Configured with: --prefix=/Applications/Xcode.app/Contents/Developer/usr --with-gxx-include-dir=/Library/Developer/CommandLineTools/SDKs/MacOSX.sdk/usr/include/c++/4.2.1
Apple clang version 12.0.5 (clang-1205.0.22.11)
Target: x86_64-apple-darwin20.2.0
Thread model: posix
InstalledDir: /Applications/Xcode.app/Contents/Developer/Toolchains/XcodeDefault.xctoolchain/usr/bin
configure:5258: $? = 0
configure:5247: gcc -V >&5
clang: error: argument to '-V' is missing (expected 1 value)
clang: error: no input files
configure:5258: $? = 1
configure:5247: gcc -qversion >&5
clang: error: unknown argument '-qversion'; did you mean '--version'?
clang: error: no input files
configure:5258: $? = 1
configure:5247: gcc -version >&5
clang: error: unknown argument '-version'; did you mean '--version'?
clang: error: no input files
configure:5258: $? = 1
configure:5262: checking whether the compiler supports GNU C
configure:5292: result: yes
configure:5303: checking whether gcc accepts -g
configure:5368: result: yes
configure:5388: checking for gcc option to enable C11 features
configure:5421: result: none needed
configure:5537: checking whether gcc understands -c and -o together
configure:5575: result: yes
configure:5597: checking how to run the C preprocessor
configure:5623: gcc -E -I/Users/julianalvarez/Documents/VSCODE/Smart_Symbolic_Graphing_Calculator/tools/macos/include -I/Users/julianalvarez/Documents/VSCODE/Smart_Symbolic_Graphing_Calculator/tools/macos/include  conftest.c
configure:5623: $? = 0
configure:5638: gcc -E -I/Users/julianalvarez/Documents/VSCODE/Smart_Symbolic_Graphing_Calculator/tools/macos/include -I/Users/julianalvarez/Documents/VSCODE/Smart_Symbolic_Graphing_Calculator/tools/macos/include  conftest.c
conftest.c:38:10: fatal error: 'ac_nonexistent.h' file not found
#include <ac_nonexistent.h>
         ^~~~~~~~~~~~~~~~~~
1 error generated.
configure:5638: $? = 1
configure: failed program was:
| /* confdefs.h */
| #define PACKAGE_NAME "mpfi"
| #define PACKAGE_TARNAME "mpfi"
| #define PACKAGE_VERSION "1.5.4"
| #define PACKAGE_STRING "mpfi 1.5.4"
| #define PACKAGE_BUGREPORT "mpfi-users@lists.gforge.inria.fr"
| #define PACKAGE_URL "https://gforge.inria.fr/projects/mpfi/"
| #define HAVE_STDIO_H 1
| #define HAVE_STDLIB_H 1
| #define HAVE_STRING_H 1
| #define HAVE_INTTYPES_H 1
| #define HAVE_STDINT_H 1
| #define HAVE_STRINGS_H 1
| #define HAVE_SYS_STAT_H 1
| #define HAVE_SYS_TYPES_H 1
| #define HAVE_UNISTD_H 1
| #define HAVE_WCHAR_H 1
| #define STDC_HEADERS 1
| #define _ALL_SOURCE 1
| #define _DARWIN_C_SOURCE 1
| #define _GNU_SOURCE 1
| #define _HPUX_ALT_XOPEN_SOCKET_API 1
| #define _NETBSD_SOURCE 1
| #define _OPENBSD_SOURCE 1
| #define _POSIX_PTHREAD_SEMANTICS 1
| #define __STDC_WANT_IEC_60559_ATTRIBS_EXT__ 1
| #define __STDC_WANT_IEC_60559_BFP_EXT__ 1
| #define __STDC_WANT_IEC_60559_DFP_EXT__ 1
| #define __STDC_WANT_IEC_60559_FUNCS_EXT__ 1
| #define __STDC_WANT_IEC_60559_TYPES_EXT__ 1
| #define __STDC_WANT_LIB_EXT2__ 1
| #define __STDC_WANT_MATH_SPEC_FUNCS__ 1
| #define _TANDEM_SOURCE 1
| #define __EXTENSIONS__ 1
| #define PACKAGE "mpfi"
| #define VERSION "1.5.4"
| /* end confdefs.h.  */
| #include <ac_nonexistent.h>
configure:5665: result: gcc -E
configure:5679: gcc -E -I/Users/julianalvarez/Documents/VSCODE/Smart_Symbolic_Graphing_Calculator/tools/macos/include -I/Users/julianalvarez/Documents/VSCODE/Smart_Symbolic_Graphing_Calculator/tools/macos/include  conftest.c
configure:5679: $? = 0
configure:5694: gcc -E -I/Users/julianalvarez/Documents/VSCODE/Smart_Symbolic_Graphing_Calculator/tools/macos/include -I/Users/julianalvarez/Documents/VSCODE/Smart_Symbolic_Graphing_Calculator/tools/macos/include  conftest.c
conftest.c:38:10: fatal error: 'ac_nonexistent.h' file not found
#include <ac_nonexistent.h>
         ^~~~~~~~~~~~~~~~~~
1 error generated.
configure:5694: $? = 1
configure: failed program was:
| /* confdefs.h */
| #define PACKAGE_NAME "mpfi"
| #define PACKAGE_TARNAME "mpfi"
| #define PACKAGE_VERSION "1.5.4"
| #define PACKAGE_STRING "mpfi 1.5.4"
| #define PACKAGE_BUGREPORT "mpfi-users@lists.gforge.inria.fr"
| #define PACKAGE_URL "https://gforge.inria.fr/projects/mpfi/"
| #define HAVE_STDIO_H 1
| #define HAVE_STDLIB_H 1
| #define HAVE_STRING_H 1
| #define HAVE_INTTYPES_H 1
| #define HAVE_STDINT_H 1
| #define HAVE_STRINGS_H 1
| #define HAVE_SYS_STAT_H 1
| #define HAVE_SYS_TYPES_H 1
| #define HAVE_UNISTD_H 1
| #define HAVE_WCHAR_H 1
| #define STDC_HEADERS 1
| #define _ALL_SOURCE 1
| #define _DARWIN_C_SOURCE 1
| #define _GNU_SOURCE 1
| #define _HPUX_ALT_XOPEN_SOCKET_API 1
| #define _NETBSD_SOURCE 1
| #define _OPENBSD_SOURCE 1
| #define _POSIX_PTHREAD_SEMANTICS 1
| #define __STDC_WANT_IEC_60559_ATTRIBS_EXT__ 1
| #define __STDC_WANT_IEC_60559_BFP_EXT__ 1
| #define __STDC_WANT_IEC_60559_DFP_EXT__ 1
| #define __STDC_WANT_IEC_60559_FUNCS_EXT__ 1
| #define __STDC_WANT_IEC_60559_TYPES_EXT__ 1
| #define __STDC_WANT_LIB_EXT2__ 1
| #define __STDC_WANT_MATH_SPEC_FUNCS__ 1
| #define _TANDEM_SOURCE 1
| #define __EXTENSIONS__ 1
| #define PACKAGE "mpfi"
| #define VERSION "1.5.4"
| /* end confdefs.h.  */
| #include <ac_nonexistent.h>
configure:5725: checking whether ln -s works
configure:5729: result: yes
configure:5736: checking whether make sets $(MAKE)
configure:5759: result: yes
configure:5823: checking for ar
configure:5844: found /usr/bin/ar
configure:5855: result: ar
configure:5881: checking the archiver (ar) interface
configure:5898: gcc -c -g -O2 -I/Users/julianalvarez/Documents/VSCODE/Smart_Symbolic_Graphing_Calculator/tools/macos/include -I/Users/julianalvarez/Documents/VSCODE/Smart_Symbolic_Graphing_Calculator/tools/macos/include  conftest.c >&5
configure:5898: $? = 0
configure:5901: ar cru libconftest.a conftest.o >&5
configure:5904: $? = 0
configure:5932: result: ar
configure:5984: checking build system type
configure:5999: result: x86_64-apple-darwin20.2.0
configure:6019: checking host system type
configure:6033: result: x86_64-apple-darwin20.2.0
configure:6074: checking how to print strings
configure:6101: result: printf
configure:6122: checking for a sed that does not truncate output
configure:6192: result: /usr/bin/sed
configure:6210: checking for grep that handles long lines and -e
configure:6274: result: /usr/bin/grep
configure:6279: checking for egrep
configure:6347: result: /usr/bin/grep -E
configure:6352: checking for fgrep
configure:6420: result: /usr/bin/grep -F
configure:6456: checking for ld used by gcc
configure:6524: result: /Applications/Xcode.app/Contents/Developer/Toolchains/XcodeDefault.xctoolchain/usr/bin/ld
configure:6531: checking if the linker (/Applications/Xcode.app/Contents/Developer/Toolchains/XcodeDefault.xctoolchain/usr/bin/ld) is GNU ld
configure:6547: result: no
configure:6559: checking for BSD- or MS-compatible name lister (nm)
configure:6614: result: /usr/bin/nm -B
configure:6754: checking the name lister (/usr/bin/nm -B) interface
configure:6762: gcc -c -g -O2 -I/Users/julianalvarez/Documents/VSCODE/Smart_Symbolic_Graphing_Calculator/tools/macos/include -I/Users/julianalvarez/Documents/VSCODE/Smart_Symbolic_Graphing_Calculator/tools/macos/include  conftest.c >&5
configure:6765: /usr/bin/nm -B "conftest.o"
configure:6768: output
0000000000000258 S _some_variable
configure:6775: result: BSD nm
configure:6779: checking the maximum length of command line arguments
configure:6911: result: 786432
configure:6959: checking how to convert x86_64-apple-darwin20.2.0 file names to x86_64-apple-darwin20.2.0 format
configure:7000: result: func_convert_file_noop
configure:7007: checking how to convert x86_64-apple-darwin20.2.0 file names to toolchain format
configure:7028: result: func_convert_file_noop
configure:7035: checking for /Applications/Xcode.app/Contents/Developer/Toolchains/XcodeDefault.xctoolchain/usr/bin/ld option to reload object files
configure:7043: result: -r
configure:7122: checking for objdump
configure:7143: found /usr/bin/objdump
configure:7154: result: objdump
configure:7186: checking how to recognize dependent libraries
configure:7387: result: pass_all
configure:7477: checking for dlltool
configure:7512: result: no
configure:7542: checking how to associate runtime and link libraries
configure:7570: result: printf %s\n
configure:7704: checking for archiver @FILE support
configure:7722: gcc -c -g -O2 -I/Users/julianalvarez/Documents/VSCODE/Smart_Symbolic_Graphing_Calculator/tools/macos/include -I/Users/julianalvarez/Documents/VSCODE/Smart_Symbolic_Graphing_Calculator/tools/macos/include  conftest.c >&5
configure:7722: $? = 0
configure:7726: ar cru libconftest.a @conftest.lst >&5
ar: @conftest.lst: No such file or directory
configure:7729: $? = 1
configure:7749: result: no
configure:7812: checking for strip
configure:7833: found /usr/bin/strip
configure:7844: result: strip
configure:7921: checking for ranlib
configure:7942: found /usr/bin/ranlib
configure:7953: result: ranlib
configure:8055: checking command to parse /usr/bin/nm -B output from gcc object
configure:8209: gcc -c -g -O2 -I/Users/julianalvarez/Documents/VSCODE/Smart_Symbolic_Graphing_Calculator/tools/macos/include -I/Users/julianalvarez/Documents/VSCODE/Smart_Symbolic_Graphing_Calculator/tools/macos/include  conftest.c >&5
configure:8212: $? = 0
configure:8216: /usr/bin/nm -B conftest.o \| sed -n -e 's/^.*[ ]\([BCDEGRST][BCDEGRST]*\)[ ][ ]*\([_A-Za-z][_A-Za-z0-9]*\)$/\1 \2 \2/p' | sed '/ __gnu_lto/d' \> conftest.nm
configure:8219: $? = 0
cannot find nm_test_var in conftest.nm
configure:8209: gcc -c -g -O2 -I/Users/julianalvarez/Documents/VSCODE/Smart_Symbolic_Graphing_Calculator/tools/macos/include -I/Users/julianalvarez/Documents/VSCODE/Smart_Symbolic_Graphing_Calculator/tools/macos/include  conftest.c >&5
configure:8212: $? = 0
configure:8216: /usr/bin/nm -B conftest.o \| sed -n -e 's/^.*[ ]\([BCDEGRST][BCDEGRST]*\)[ ][ ]*_\([_A-Za-z][_A-Za-z0-9]*\)$/\1 _\2 \2/p' | sed '/ __gnu_lto/d' \> conftest.nm
configure:8219: $? = 0
configure:8285: gcc -o conftest -g -O2 -I/Users/julianalvarez/Documents/VSCODE/Smart_Symbolic_Graphing_Calculator/tools/macos/include -I/Users/julianalvarez/Documents/VSCODE/Smart_Symbolic_Graphing_Calculator/tools/macos/include  -L/Users/julianalvarez/Documents/VSCODE/Smart_Symbolic_Graphing_Calculator/tools/macos/lib -L/Users/julianalvarez/Documents/VSCODE/Smart_Symbolic_Graphing_Calculator/tools/macos/lib  conftest.c conftstm.o >&5
warning: (x86_64)  could not find object file symbol for symbol _main
configure:8288: $? = 0
configure:8326: result: ok
configure:8373: checking for sysroot
configure:8404: result: no
configure:8411: checking for a working dd
configure:8455: result: /bin/dd
configure:8459: checking how to truncate binary pipes
configure:8475: result: /bin/dd bs=4096 count=1
configure:8812: checking for mt
configure:8847: result: no
configure:8867: checking if : is a manifest tool
configure:8874: : '-?'
configure:8882: result: no
configure:8943: checking for dsymutil
configure:8964: found /usr/bin/dsymutil
configure:8975: result: dsymutil
configure:9045: checking for nmedit
configure:9066: found /usr/bin/nmedit
configure:9077: result: nmedit
configure:9147: checking for lipo
configure:9168: found /usr/bin/lipo
configure:9179: result: lipo
configure:9249: checking for otool
configure:9270: found /usr/bin/otool
configure:9281: result: otool
configure:9351: checking for otool64
configure:9386: result: no
configure:9431: checking for -single_module linker flag
gcc -g -O2 -L/Users/julianalvarez/Documents/VSCODE/Smart_Symbolic_Graphing_Calculator/tools/macos/lib -L/Users/julianalvarez/Documents/VSCODE/Smart_Symbolic_Graphing_Calculator/tools/macos/lib  -o libconftest.dylib -dynamiclib -Wl,-single_module conftest.c
configure:9465: result: yes
configure:9468: checking for -exported_symbols_list linker flag
configure:9489: gcc -o conftest -g -O2 -I/Users/julianalvarez/Documents/VSCODE/Smart_Symbolic_Graphing_Calculator/tools/macos/include -I/Users/julianalvarez/Documents/VSCODE/Smart_Symbolic_Graphing_Calculator/tools/macos/include  -L/Users/julianalvarez/Documents/VSCODE/Smart_Symbolic_Graphing_Calculator/tools/macos/lib -L/Users/julianalvarez/Documents/VSCODE/Smart_Symbolic_Graphing_Calculator/tools/macos/lib  -Wl,-exported_symbols_list,conftest.sym conftest.c  >&5
configure:9489: $? = 0
configure:9500: result: yes
configure:9503: checking for -force_load linker flag
gcc -g -O2 -c -o conftest.o conftest.c
ar cru libconftest.a conftest.o
ranlib libconftest.a
gcc -g -O2 -L/Users/julianalvarez/Documents/VSCODE/Smart_Symbolic_Graphing_Calculator/tools/macos/lib -L/Users/julianalvarez/Documents/VSCODE/Smart_Symbolic_Graphing_Calculator/tools/macos/lib  -o conftest conftest.c -Wl,-force_load,./libconftest.a
configure:9536: result: yes
configure:9603: checking for dlfcn.h
configure:9603: gcc -c -g -O2 -I/Users/julianalvarez/Documents/VSCODE/Smart_Symbolic_Graphing_Calculator/tools/macos/include -I/Users/julianalvarez/Documents/VSCODE/Smart_Symbolic_Graphing_Calculator/tools/macos/include  conftest.c >&5
configure:9603: $? = 0
configure:9603: result: yes
configure:9862: checking for objdir
configure:9878: result: .libs
configure:10142: checking if gcc supports -fno-rtti -fno-exceptions
configure:10161: gcc -c -g -O2 -I/Users/julianalvarez/Documents/VSCODE/Smart_Symbolic_Graphing_Calculator/tools/macos/include -I/Users/julianalvarez/Documents/VSCODE/Smart_Symbolic_Graphing_Calculator/tools/macos/include  -fno-rtti -fno-exceptions conftest.c >&5
configure:10165: $? = 0
configure:10178: result: yes
configure:10536: checking for gcc option to produce PIC
configure:10544: result: -fno-common -DPIC
configure:10552: checking if gcc PIC flag -fno-common -DPIC works
configure:10571: gcc -c -g -O2 -I/Users/julianalvarez/Documents/VSCODE/Smart_Symbolic_Graphing_Calculator/tools/macos/include -I/Users/julianalvarez/Documents/VSCODE/Smart_Symbolic_Graphing_Calculator/tools/macos/include  -fno-common -DPIC -DPIC conftest.c >&5
configure:10575: $? = 0
configure:10588: result: yes
configure:10617: checking if gcc static flag -static works
configure:10646: result: no
configure:10661: checking if gcc supports -c -o file.o
configure:10683: gcc -c -g -O2 -I/Users/julianalvarez/Documents/VSCODE/Smart_Symbolic_Graphing_Calculator/tools/macos/include -I/Users/julianalvarez/Documents/VSCODE/Smart_Symbolic_Graphing_Calculator/tools/macos/include  -o out/conftest2.o conftest.c >&5
configure:10687: $? = 0
configure:10709: result: yes
configure:10717: checking if gcc supports -c -o file.o
configure:10765: result: yes
configure:10798: checking whether the gcc linker (/Applications/Xcode.app/Contents/Developer/Toolchains/XcodeDefault.xctoolchain/usr/bin/ld) supports shared libraries
configure:12064: result: yes
configure:12305: checking dynamic linker characteristics
configure:13126: result: darwin20.2.0 dyld
configure:13248: checking how to hardcode library paths into programs
configure:13273: result: immediate
configure:13825: checking whether stripping libraries is possible
configure:13839: result: yes
configure:13865: checking if libtool supports shared libraries
configure:13867: result: yes
configure:13870: checking whether to build shared libraries
configure:13895: result: yes
configure:13898: checking whether to build static libraries
configure:13902: result: yes
configure:13941: checking for gmp.h
configure:13949: gcc -c -g -O2 -I/Users/julianalvarez/Documents/VSCODE/Smart_Symbolic_Graphing_Calculator/tools/macos/include -I/Users/julianalvarez/Documents/VSCODE/Smart_Symbolic_Graphing_Calculator/tools/macos/include  conftest.c >&5
configure:13949: $? = 0
configure:13951: result: yes
configure:13962: checking for __gmpz_init in -lgmp
configure:13985: gcc -o conftest -g -O2 -I/Users/julianalvarez/Documents/VSCODE/Smart_Symbolic_Graphing_Calculator/tools/macos/include -I/Users/julianalvarez/Documents/VSCODE/Smart_Symbolic_Graphing_Calculator/tools/macos/include  -L/Users/julianalvarez/Documents/VSCODE/Smart_Symbolic_Graphing_Calculator/tools/macos/lib -L/Users/julianalvarez/Documents/VSCODE/Smart_Symbolic_Graphing_Calculator/tools/macos/lib  conftest.c -lgmp   >&5
configure:13985: $? = 0
configure:13995: result: yes
configure:14005: checking for valid GMP
configure:14023: gcc -c -g -O2 -I/Users/julianalvarez/Documents/VSCODE/Smart_Symbolic_Graphing_Calculator/tools/macos/include -I/Users/julianalvarez/Documents/VSCODE/Smart_Symbolic_Graphing_Calculator/tools/macos/include  conftest.c >&5
configure:14023: $? = 0
configure:14025: result: yes
configure:14036: checking for mpfr.h
configure:14044: gcc -c -g -O2 -I/Users/julianalvarez/Documents/VSCODE/Smart_Symbolic_Graphing_Calculator/tools/macos/include -I/Users/julianalvarez/Documents/VSCODE/Smart_Symbolic_Graphing_Calculator/tools/macos/include  conftest.c >&5
configure:14044: $? = 0
configure:14046: result: yes
configure:14057: checking for mpfr_init in -lmpfr
configure:14080: gcc -o conftest -g -O2 -I/Users/julianalvarez/Documents/VSCODE/Smart_Symbolic_Graphing_Calculator/tools/macos/include -I/Users/julianalvarez/Documents/VSCODE/Smart_Symbolic_Graphing_Calculator/tools/macos/include  -L/Users/julianalvarez/Documents/VSCODE/Smart_Symbolic_Graphing_Calculator/tools/macos/lib -L/Users/julianalvarez/Documents/VSCODE/Smart_Symbolic_Graphing_Calculator/tools/macos/lib  conftest.c -lmpfr  -lgmp  >&5
configure:14080: $? = 0
configure:14090: result: yes
configure:14100: checking for valid MPFR
configure:14118: gcc -c -g -O2 -I/Users/julianalvarez/Documents/VSCODE/Smart_Symbolic_Graphing_Calculator/tools/macos/include -I/Users/julianalvarez/Documents/VSCODE/Smart_Symbolic_Graphing_Calculator/tools/macos/include  conftest.c >&5
configure:14118: $? = 0
configure:14120: result: yes
configure:14132: checking for float.h
configure:14132: gcc -c -g -O2 -I/Users/julianalvarez/Documents/VSCODE/Smart_Symbolic_Graphing_Calculator/tools/macos/include -I/Users/julianalvarez/Documents/VSCODE/Smart_Symbolic_Graphing_Calculator/tools/macos/include  conftest.c >&5
configure:14132: $? = 0
configure:14132: result: yes
configure:14138: checking for limits.h
configure:14138: gcc -c -g -O2 -I/Users/julianalvarez/Documents/VSCODE/Smart_Symbolic_Graphing_Calculator/tools/macos/include -I/Users/julianalvarez/Documents/VSCODE/Smart_Symbolic_Graphing_Calculator/tools/macos/include  conftest.c >&5
configure:14138: $? = 0
configure:14138: result: yes
configure:14144: checking for stdlib.h
configure:14144: result: yes
configure:14150: checking for string.h
configure:14150: result: yes
configure:14156: checking for sys/time.h
configure:14156: gcc -c -g -O2 -I/Users/julianalvarez/Documents/VSCODE/Smart_Symbolic_Graphing_Calculator/tools/macos/include -I/Users/julianalvarez/Documents/VSCODE/Smart_Symbolic_Graphing_Calculator/tools/macos/include  conftest.c >&5
configure:14156: $? = 0
configure:14156: result: yes
configure:14162: checking for unistd.h
configure:14162: result: yes
configure:14169: checking for stdarg.h
configure:14169: gcc -c -g -O2 -I/Users/julianalvarez/Documents/VSCODE/Smart_Symbolic_Graphing_Calculator/tools/macos/include -I/Users/julianalvarez/Documents/VSCODE/Smart_Symbolic_Graphing_Calculator/tools/macos/include  conftest.c >&5
configure:14169: $? = 0
configure:14169: result: yes
configure:14188: checking for size_t
configure:14188: gcc -c -g -O2 -I/Users/julianalvarez/Documents/VSCODE/Smart_Symbolic_Graphing_Calculator/tools/macos/include -I/Users/julianalvarez/Documents/VSCODE/Smart_Symbolic_Graphing_Calculator/tools/macos/include  conftest.c >&5
configure:14188: $? = 0
configure:14188: gcc -c -g -O2 -I/Users/julianalvarez/Documents/VSCODE/Smart_Symbolic_Graphing_Calculator/tools/macos/include -I/Users/julianalvarez/Documents/VSCODE/Smart_Symbolic_Graphing_Calculator/tools/macos/include  conftest.c >&5
conftest.c:78:21: error: expected expression
if (sizeof ((size_t)))
                    ^
1 error generated.
configure:14188: $? = 1
configure: failed program was:
| /* confdefs.h */
| #define PACKAGE_NAME "mpfi"
| #define PACKAGE_TARNAME "mpfi"
| #define PACKAGE_VERSION "1.5.4"
| #define PACKAGE_STRING "mpfi 1.5.4"
| #define PACKAGE_BUGREPORT "mpfi-users@lists.gforge.inria.fr"
| #define PACKAGE_URL "https://gforge.inria.fr/projects/mpfi/"
| #define HAVE_STDIO_H 1
| #define HAVE_STDLIB_H 1
| #define HAVE_STRING_H 1
| #define HAVE_INTTYPES_H 1
| #define HAVE_STDINT_H 1
| #define HAVE_STRINGS_H 1
| #define HAVE_SYS_STAT_H 1
| #define HAVE_SYS_TYPES_H 1
| #define HAVE_UNISTD_H 1
| #define HAVE_WCHAR_H 1
| #define STDC_HEADERS 1
| #define _ALL_SOURCE 1
| #define _DARWIN_C_SOURCE 1
| #define _GNU_SOURCE 1
| #define _HPUX_ALT_XOPEN_SOCKET_API 1
| #define _NETBSD_SOURCE 1
| #define _OPENBSD_SOURCE 1
| #define _POSIX_PTHREAD_SEMANTICS 1
| #define __STDC_WANT_IEC_60559_ATTRIBS_EXT__ 1
| #define __STDC_WANT_IEC_60559_BFP_EXT__ 1
| #define __STDC_WANT_IEC_60559_DFP_EXT__ 1
| #define __STDC_WANT_IEC_60559_FUNCS_EXT__ 1
| #define __STDC_WANT_IEC_60559_TYPES_EXT__ 1
| #define __STDC_WANT_LIB_EXT2__ 1
| #define __STDC_WANT_MATH_SPEC_FUNCS__ 1
| #define _TANDEM_SOURCE 1
| #define __EXTENSIONS__ 1
| #define PACKAGE "mpfi"
| #define VERSION "1.5.4"
| #define HAVE_DLFCN_H 1
| #define LT_OBJDIR ".libs/"
| #define HAVE_FLOAT_H 1
| #define HAVE_LIMITS_H 1
| #define HAVE_STDLIB_H 1
| #define HAVE_STRING_H 1
| #define HAVE_SYS_TIME_H 1
| #define HAVE_UNISTD_H 1
| #define HAVE_STDARG 1
| /* end confdefs.h.  */
| #include <stddef.h>
| #ifdef HAVE_STDIO_H
| # include <stdio.h>
| #endif
| #ifdef HAVE_STDLIB_H
| # include <stdlib.h>
| #endif
| #ifdef HAVE_STRING_H
| # include <string.h>
| #endif
| #ifdef HAVE_INTTYPES_H
| # include <inttypes.h>
| #endif
| #ifdef HAVE_STDINT_H
| # include <stdint.h>
| #endif
| #ifdef HAVE_STRINGS_H
| # include <strings.h>
| #endif
| #ifdef HAVE_SYS_TYPES_H
| # include <sys/types.h>
| #endif
| #ifdef HAVE_SYS_STAT_H
| # include <sys/stat.h>
| #endif
| #ifdef HAVE_UNISTD_H
| # include <unistd.h>
| #endif
| int
| main (void)
| {
| if (sizeof ((size_t)))
| 	    return 0;
|   ;
|   return 0;
| }
configure:14188: result: yes
configure:14200: checking for dup2
configure:14200: gcc -o conftest -g -O2 -I/Users/julianalvarez/Documents/VSCODE/Smart_Symbolic_Graphing_Calculator/tools/macos/include -I/Users/julianalvarez/Documents/VSCODE/Smart_Symbolic_Graphing_Calculator/tools/macos/include  -L/Users/julianalvarez/Documents/VSCODE/Smart_Symbolic_Graphing_Calculator/tools/macos/lib -L/Users/julianalvarez/Documents/VSCODE/Smart_Symbolic_Graphing_Calculator/tools/macos/lib  conftest.c -lmpfr -lgmp  >&5
configure:14200: $? = 0
configure:14200: result: yes
configure:14206: checking for gettimeofday
configure:14206: gcc -o conftest -g -O2 -I/Users/julianalvarez/Documents/VSCODE/Smart_Symbolic_Graphing_Calculator/tools/macos/include -I/Users/julianalvarez/Documents/VSCODE/Smart_Symbolic_Graphing_Calculator/tools/macos/include  -L/Users/julianalvarez/Documents/VSCODE/Smart_Symbolic_Graphing_Calculator/tools/macos/lib -L/Users/julianalvarez/Documents/VSCODE/Smart_Symbolic_Graphing_Calculator/tools/macos/lib  conftest.c -lmpfr -lgmp  >&5
configure:14206: $? = 0
configure:14206: result: yes
configure:14213: checking for mpfr_q_sub
configure:14213: gcc -o conftest -g -O2 -I/Users/julianalvarez/Documents/VSCODE/Smart_Symbolic_Graphing_Calculator/tools/macos/include -I/Users/julianalvarez/Documents/VSCODE/Smart_Symbolic_Graphing_Calculator/tools/macos/include  -L/Users/julianalvarez/Documents/VSCODE/Smart_Symbolic_Graphing_Calculator/tools/macos/lib -L/Users/julianalvarez/Documents/VSCODE/Smart_Symbolic_Graphing_Calculator/tools/macos/lib  conftest.c -lmpfr -lgmp  >&5
Undefined symbols for architecture x86_64:
  "_mpfr_q_sub", referenced from:
      _main in conftest-743b58.o
ld: symbol(s) not found for architecture x86_64
clang: error: linker command failed with exit code 1 (use -v to see invocation)
configure:14213: $? = 1
configure: failed program was:
| /* confdefs.h */
| #define PACKAGE_NAME "mpfi"
| #define PACKAGE_TARNAME "mpfi"
| #define PACKAGE_VERSION "1.5.4"
| #define PACKAGE_STRING "mpfi 1.5.4"
| #define PACKAGE_BUGREPORT "mpfi-users@lists.gforge.inria.fr"
| #define PACKAGE_URL "https://gforge.inria.fr/projects/mpfi/"
| #define HAVE_STDIO_H 1
| #define HAVE_STDLIB_H 1
| #define HAVE_STRING_H 1
| #define HAVE_INTTYPES_H 1
| #define HAVE_STDINT_H 1
| #define HAVE_STRINGS_H 1
| #define HAVE_SYS_STAT_H 1
| #define HAVE_SYS_TYPES_H 1
| #define HAVE_UNISTD_H 1
| #define HAVE_WCHAR_H 1
| #define STDC_HEADERS 1
| #define _ALL_SOURCE 1
| #define _DARWIN_C_SOURCE 1
| #define _GNU_SOURCE 1
| #define _HPUX_ALT_XOPEN_SOCKET_API 1
| #define _NETBSD_SOURCE 1
| #define _OPENBSD_SOURCE 1
| #define _POSIX_PTHREAD_SEMANTICS 1
| #define __STDC_WANT_IEC_60559_ATTRIBS_EXT__ 1
| #define __STDC_WANT_IEC_60559_BFP_EXT__ 1
| #define __STDC_WANT_IEC_60559_DFP_EXT__ 1
| #define __STDC_WANT_IEC_60559_FUNCS_EXT__ 1
| #define __STDC_WANT_IEC_60559_TYPES_EXT__ 1
| #define __STDC_WANT_LIB_EXT2__ 1
| #define __STDC_WANT_MATH_SPEC_FUNCS__ 1
| #define _TANDEM_SOURCE 1
| #define __EXTENSIONS__ 1
| #define PACKAGE "mpfi"
| #define VERSION "1.5.4"
| #define HAVE_DLFCN_H 1
| #define LT_OBJDIR ".libs/"
| #define HAVE_FLOAT_H 1
| #define HAVE_LIMITS_H 1
| #define HAVE_STDLIB_H 1
| #define HAVE_STRING_H 1
| #define HAVE_SYS_TIME_H 1
| #define HAVE_UNISTD_H 1
| #define HAVE_STDARG 1
| #define HAVE_DUP2 1
| #define HAVE_GETTIMEOFDAY 1
| /* end confdefs.h.  */
| /* Define mpfr_q_sub to an innocuous variant, in case <limits.h> declares mpfr_q_sub.
|    For example, HP-UX 11i <limits.h> declares gettimeofday.  */
| #define mpfr_q_sub innocuous_mpfr_q_sub
| 
| /* System header to define __stub macros and hopefully few prototypes,
|    which can conflict with char mpfr_q_sub (); below.  */
| 
| #include <limits.h>
| #undef mpfr_q_sub
| 
| /* Override any GCC internal prototype to avoid an error.
|    Use char because int might match the return type of a GCC
|    builtin and then its argument prototype would still apply.  */
| #ifdef __cplusplus
| extern "C"
| #endif
| char mpfr_q_sub ();
| /* The GNU C library defines this for functions which it implements
|     to always fail with ENOSYS.  Some functions are actually named
|     something starting with __ and the normal name is an alias.  */
| #if defined __stub_mpfr_q_sub || defined __stub___mpfr_q_sub
| choke me
| #endif
| 
| int
| main (void)
| {
| return mpfr_q_sub ();
|   ;
|   return 0;
| }
configure:14213: result: no
configure:14219: checking for mpfr_z_sub
configure:14219: gcc -o conftest -g -O2 -I/Users/julianalvarez/Documents/VSCODE/Smart_Symbolic_Graphing_Calculator/tools/macos/include -I/Users/julianalvarez/Documents/VSCODE/Smart_Symbolic_Graphing_Calculator/tools/macos/include  -L/Users/julianalvarez/Documents/VSCODE/Smart_Symbolic_Graphing_Calculator/tools/macos/lib -L/Users/julianalvarez/Documents/VSCODE/Smart_Symbolic_Graphing_Calculator/tools/macos/lib  conftest.c -lmpfr -lgmp  >&5
configure:14219: $? = 0
configure:14219: result: yes
configure:14225: checking for mpfr_z_div
configure:14225: gcc -o conftest -g -O2 -I/Users/julianalvarez/Documents/VSCODE/Smart_Symbolic_Graphing_Calculator/tools/macos/include -I/Users/julianalvarez/Documents/VSCODE/Smart_Symbolic_Graphing_Calculator/tools/macos/include  -L/Users/julianalvarez/Documents/VSCODE/Smart_Symbolic_Graphing_Calculator/tools/macos/lib -L/Users/julianalvarez/Documents/VSCODE/Smart_Symbolic_Graphing_Calculator/tools/macos/lib  conftest.c -lmpfr -lgmp  >&5
Undefined symbols for architecture x86_64:
  "_mpfr_z_div", referenced from:
      _main in conftest-6ecb7d.o
ld: symbol(s) not found for architecture x86_64
clang: error: linker command failed with exit code 1 (use -v to see invocation)
configure:14225: $? = 1
configure: failed program was:
| /* confdefs.h */
| #define PACKAGE_NAME "mpfi"
| #define PACKAGE_TARNAME "mpfi"
| #define PACKAGE_VERSION "1.5.4"
| #define PACKAGE_STRING "mpfi 1.5.4"
| #define PACKAGE_BUGREPORT "mpfi-users@lists.gforge.inria.fr"
| #define PACKAGE_URL "https://gforge.inria.fr/projects/mpfi/"
| #define HAVE_STDIO_H 1
| #define HAVE_STDLIB_H 1
| #define HAVE_STRING_H 1
| #define HAVE_INTTYPES_H 1
| #define HAVE_STDINT_H 1
| #define HAVE_STRINGS_H 1
| #define HAVE_SYS_STAT_H 1
| #define HAVE_SYS_TYPES_H 1
| #define HAVE_UNISTD_H 1
| #define HAVE_WCHAR_H 1
| #define STDC_HEADERS 1
| #define _ALL_SOURCE 1
| #define _DARWIN_C_SOURCE 1
| #define _GNU_SOURCE 1
| #define _HPUX_ALT_XOPEN_SOCKET_API 1
| #define _NETBSD_SOURCE 1
| #define _OPENBSD_SOURCE 1
| #define _POSIX_PTHREAD_SEMANTICS 1
| #define __STDC_WANT_IEC_60559_ATTRIBS_EXT__ 1
| #define __STDC_WANT_IEC_60559_BFP_EXT__ 1
| #define __STDC_WANT_IEC_60559_DFP_EXT__ 1
| #define __STDC_WANT_IEC_60559_FUNCS_EXT__ 1
| #define __STDC_WANT_IEC_60559_TYPES_EXT__ 1
| #define __STDC_WANT_LIB_EXT2__ 1
| #define __STDC_WANT_MATH_SPEC_FUNCS__ 1
| #define _TANDEM_SOURCE 1
| #define __EXTENSIONS__ 1
| #define PACKAGE "mpfi"
| #define VERSION "1.5.4"
| #define HAVE_DLFCN_H 1
| #define LT_OBJDIR ".libs/"
| #define HAVE_FLOAT_H 1
| #define HAVE_LIMITS_H 1
| #define HAVE_STDLIB_H 1
| #define HAVE_STRING_H 1
| #define HAVE_SYS_TIME_H 1
| #define HAVE_UNISTD_H 1
| #define HAVE_STDARG 1
| #define HAVE_DUP2 1
| #define HAVE_GETTIMEOFDAY 1
| #define HAVE_MPFR_Z_SUB 1
| /* end confdefs.h.  */
| /* Define mpfr_z_div to an innocuous variant, in case <limits.h> declares mpfr_z_div.
|    For example, HP-UX 11i <limits.h> declares gettimeofday.  */
| #define mpfr_z_div innocuous_mpfr_z_div
| 
| /* System header to define __stub macros and hopefully few prototypes,
|    which can conflict with char mpfr_z_div (); below.  */
| 
| #include <limits.h>
| #undef mpfr_z_div
| 
| /* Override any GCC internal prototype to avoid an error.
|    Use char because int might match the return type of a GCC
|    builtin and then its argument prototype would still apply.  */
| #ifdef __cplusplus
| extern "C"
| #endif
| char mpfr_z_div ();
| /* The GNU C library defines this for functions which it implements
|     to always fail with ENOSYS.  Some functions are actually named
|     something starting with __ and the normal name is an alias.  */
| #if defined __stub_mpfr_z_div || defined __stub___mpfr_z_div
| choke me
| #endif
| 
| int
| main (void)
| {
| return mpfr_z_div ();
|   ;
|   return 0;
| }
configure:14225: result: no
configure:14351: checking that generated files are newer than configure
configure:14357: result: done
configure:14384: creating ./config.status

## ---------------------- ##
## Running config.status. ##
## ---------------------- ##

This file was extended by mpfi config.status 1.5.4, which was
generated by GNU Autoconf 2.71.  Invocation command line was

  CONFIG_FILES    = 
  CONFIG_HEADERS  = 
  CONFIG_LINKS    = 
  CONFIG_COMMANDS = 
  $ ./config.status 

on Julians-MacBook-Pro.local

config.status:1113: creating Makefile
config.status:1113: creating doc/Makefile
config.status:1113: creating src/Makefile
config.status:1113: creating tests/Makefile
config.status:1113: creating mpfi_config.h
config.status:1342: executing depfiles commands
config.status:1419: cd src       && sed -e '/# am--include-marker/d' Makefile         | make -f - am--depfiles
config.status:1424: $? = 0
config.status:1419: cd tests       && sed -e '/# am--include-marker/d' Makefile         | make -f - am--depfiles
config.status:1424: $? = 0
config.status:1342: executing libtool commands

## ---------------- ##
## Cache variables. ##
## ---------------- ##

ac_cv_build=x86_64-apple-darwin20.2.0
ac_cv_c_compiler_gnu=yes
ac_cv_env_CC_set=
ac_cv_env_CC_value=
ac_cv_env_CFLAGS_set=
ac_cv_env_CFLAGS_value=
ac_cv_env_CPPFLAGS_set=
ac_cv_env_CPPFLAGS_value=
ac_cv_env_CPP_set=
ac_cv_env_CPP_value=
ac_cv_env_LDFLAGS_set=
ac_cv_env_LDFLAGS_value=
ac_cv_env_LIBS_set=
ac_cv_env_LIBS_value=
ac_cv_env_LT_SYS_LIBRARY_PATH_set=
ac_cv_env_LT_SYS_LIBRARY_PATH_value=
ac_cv_env_build_alias_set=
ac_cv_env_build_alias_value=
ac_cv_env_host_alias_set=
ac_cv_env_host_alias_value=
ac_cv_env_target_alias_set=
ac_cv_env_target_alias_value=
ac_cv_func_dup2=yes
ac_cv_func_gettimeofday=yes
ac_cv_func_mpfr_q_sub=no
ac_cv_func_mpfr_z_div=no
ac_cv_func_mpfr_z_sub=yes
ac_cv_header_dlfcn_h=yes
ac_cv_header_float_h=yes
ac_cv_header_inttypes_h=yes
ac_cv_header_limits_h=yes
ac_cv_header_minix_config_h=no
ac_cv_header_stdarg_h=yes
ac_cv_header_stdint_h=yes
ac_cv_header_stdio_h=yes
ac_cv_header_stdlib_h=yes
ac_cv_header_string_h=yes
ac_cv_header_strings_h=yes
ac_cv_header_sys_stat_h=yes
ac_cv_header_sys_time_h=yes
ac_cv_header_sys_types_h=yes
ac_cv_header_unistd_h=yes
ac_cv_header_wchar_h=yes
ac_cv_host=x86_64-apple-darwin20.2.0
ac_cv_lib_gmp___gmpz_init=yes
ac_cv_lib_mpfr_mpfr_init=yes
ac_cv_objext=o
ac_cv_path_EGREP='/usr/bin/grep -E'
ac_cv_path_FGREP='/usr/bin/grep -F'
ac_cv_path_GREP=/usr/bin/grep
ac_cv_path_SED=/usr/bin/sed
ac_cv_path_install='/usr/bin/install -c'
ac_cv_path_lt_DD=/bin/dd
ac_cv_prog_AWK=awk
ac_cv_prog_CPP='gcc -E'
ac_cv_prog_ac_ct_AR=ar
ac_cv_prog_ac_ct_CC=gcc
ac_cv_prog_ac_ct_DSYMUTIL=dsymutil
ac_cv_prog_ac_ct_LIPO=lipo
ac_cv_prog_ac_ct_NMEDIT=nmedit
ac_cv_prog_ac_ct_OBJDUMP=objdump
ac_cv_prog_ac_ct_OTOOL=otool
ac_cv_prog_ac_ct_RANLIB=ranlib
ac_cv_prog_ac_ct_STRIP=strip
ac_cv_prog_cc_c11=
ac_cv_prog_cc_g=yes
ac_cv_prog_cc_stdc=
ac_cv_prog_make_make_set=yes
ac_cv_safe_to_define___extensions__=yes
ac_cv_should_define__xopen_source=no
ac_cv_type_size_t=yes
am_cv_CC_dependencies_compiler_type=gcc3
am_cv_ar_interface=ar
am_cv_make_support_nested_variables=yes
am_cv_prog_cc_c_o=yes
lt_cv_apple_cc_single_mod=yes
lt_cv_ar_at_file=no
lt_cv_deplibs_check_method=pass_all
lt_cv_file_magic_cmd='$MAGIC_CMD'
lt_cv_file_magic_test_file=
lt_cv_ld_exported_symbols_list=yes
lt_cv_ld_force_load=yes
lt_cv_ld_reload_flag=-r
lt_cv_nm_interface='BSD nm'
lt_cv_objdir=.libs
lt_cv_path_LD=/Applications/Xcode.app/Contents/Developer/Toolchains/XcodeDefault.xctoolchain/usr/bin/ld
lt_cv_path_NM='/usr/bin/nm -B'
lt_cv_path_mainfest_tool=no
lt_cv_prog_compiler_c_o=yes
lt_cv_prog_compiler_pic='-fno-common -DPIC'
lt_cv_prog_compiler_pic_works=yes
lt_cv_prog_compiler_rtti_exceptions=yes
lt_cv_prog_compiler_static_works=no
lt_cv_prog_gnu_ld=no
lt_cv_sharedlib_from_linklib_cmd='printf %s\n'
lt_cv_sys_global_symbol_pipe='sed -n -e '\''s/^.*[	 ]\([BCDEGRST][BCDEGRST]*\)[	 ][	 ]*_\([_A-Za-z][_A-Za-z0-9]*\)$/\1 _\2 \2/p'\'' | sed '\''/ __gnu_lto/d'\'''
lt_cv_sys_global_symbol_to_c_name_address='sed -n -e '\''s/^: \(.*\) .*$/  {"\1", (void *) 0},/p'\'' -e '\''s/^[BCDEGRST][BCDEGRST]* .* \(.*\)$/  {"\1", (void *) \&\1},/p'\'''
lt_cv_sys_global_symbol_to_c_name_address_lib_prefix='sed -n -e '\''s/^: \(.*\) .*$/  {"\1", (void *) 0},/p'\'' -e '\''s/^[BCDEGRST][BCDEGRST]* .* \(lib.*\)$/  {"\1", (void *) \&\1},/p'\'' -e '\''s/^[BCDEGRST][BCDEGRST]* .* \(.*\)$/  {"lib\1", (void *) \&\1},/p'\'''
lt_cv_sys_global_symbol_to_cdecl='sed -n -e '\''s/^T .* \(.*\)$/extern int \1();/p'\'' -e '\''s/^[BCDEGRST][BCDEGRST]* .* \(.*\)$/extern char \1;/p'\'''
lt_cv_sys_global_symbol_to_import=
lt_cv_sys_max_cmd_len=786432
lt_cv_to_host_file_cmd=func_convert_file_noop
lt_cv_to_tool_file_cmd=func_convert_file_noop
lt_cv_truncate_bin='/bin/dd bs=4096 count=1'

## ----------------- ##
## Output variables. ##
## ----------------- ##

ACLOCAL='${SHELL} '\''/Users/julianalvarez/Documents/VSCODE/Smart_Symbolic_Graphing_Calculator/dependencies/mpfi/build-aux/missing'\'' aclocal-1.16'
AMDEPBACKSLASH='\'
AMDEP_FALSE='#'
AMDEP_TRUE=''
AMTAR='$${TAR-tar}'
AM_BACKSLASH='\'
AM_DEFAULT_V='$(AM_DEFAULT_VERBOSITY)'
AM_DEFAULT_VERBOSITY='1'
AM_V='$(V)'
AR='ar'
AUTOCONF='${SHELL} '\''/Users/julianalvarez/Documents/VSCODE/Smart_Symbolic_Graphing_Calculator/dependencies/mpfi/build-aux/missing'\'' autoconf'
AUTOHEADER='${SHELL} '\''/Users/julianalvarez/Documents/VSCODE/Smart_Symbolic_Graphing_Calculator/dependencies/mpfi/build-aux/missing'\'' autoheader'
AUTOMAKE='${SHELL} '\''/Users/julianalvarez/Documents/VSCODE/Smart_Symbolic_Graphing_Calculator/dependencies/mpfi/build-aux/missing'\'' automake-1.16'
AWK='awk'
CC='gcc'
CCDEPMODE='depmode=gcc3'
CFLAGS='-g -O2'
CPP='gcc -E'
CPPFLAGS='-I/Users/julianalvarez/Documents/VSCODE/Smart_Symbolic_Graphing_Calculator/tools/macos/include -I/Users/julianalvarez/Documents/VSCODE/Smart_Symbolic_Graphing_Calculator/tools/macos/include '
CSCOPE='cscope'
CTAGS='ctags'
CYGPATH_W='echo'
DEFS='-DHAVE_CONFIG_H'
DEPDIR='.deps'
DLLTOOL='false'
DSYMUTIL='dsymutil'
DUMPBIN=''
ECHO_C='\c'
ECHO_N=''
ECHO_T=''
EGREP='/usr/bin/grep -E'
ETAGS='etags'
EXEEXT=''
FGREP='/usr/bin/grep -F'
GREP='/usr/bin/grep'
INSTALL_DATA='${INSTALL} -m 644'
INSTALL_PROGRAM='${INSTALL}'
INSTALL_SCRIPT='${INSTALL}'
INSTALL_STRIP_PROGRAM='$(install_sh) -c -s'
LD='/Applications/Xcode.app/Contents/Developer/Toolchains/XcodeDefault.xctoolchain/usr/bin/ld'
LDFLAGS='-L/Users/julianalvarez/Documents/VSCODE/Smart_Symbolic_Graphing_Calculator/tools/macos/lib -L/Users/julianalvarez/Documents/VSCODE/Smart_Symbolic_Graphing_Calculator/tools/macos/lib '
LIBOBJS=''
LIBS='-lmpfr -lgmp '
LIBTOOL='$(SHELL) $(top_builddir)/libtool'
LIPO='lipo'
LN_S='ln -s'
LTLIBOBJS=''
LT_SYS_LIBRARY_PATH=''
MAINT='#'
MAINTAINER_MODE_FALSE=''
MAINTAINER_MODE_TRUE='#'
MAKEINFO='${SHELL} '\''/Users/julianalvarez/Documents/VSCODE/Smart_Symbolic_Graphing_Calculator/dependencies/mpfi/build-aux/missing'\'' makeinfo'
MANIFEST_TOOL=':'
MKDIR_P='./build-aux/install-sh -c -d'
NM='/usr/bin/nm -B'
NMEDIT='nmedit'
OBJDUMP='objdump'
OBJEXT='o'
OTOOL64=':'
OTOOL='otool'
PACKAGE='mpfi'
PACKAGE_BUGREPORT='mpfi-users@lists.gforge.inria.fr'
PACKAGE_NAME='mpfi'
PACKAGE_STRING='mpfi 1.5.4'
PACKAGE_TARNAME='mpfi'
PACKAGE_URL='https://gforge.inria.fr/projects/mpfi/'
PACKAGE_VERSION='1.5.4'
PATH_SEPARATOR=':'
RANLIB='ranlib'
SED='/usr/bin/sed'
SET_MAKE=''
SHELL='/bin/sh'
STRIP='strip'
VERSION='1.5.4'
ac_ct_AR='ar'
ac_ct_CC='gcc'
ac_ct_DUMPBIN=''
am__EXEEXT_FALSE=''
am__EXEEXT_TRUE='#'
am__fastdepCC_FALSE='#'
am__fastdepCC_TRUE=''
am__include='include'
am__isrc=''
am__leading_dot='.'
am__nodep='_no'
am__quote=''
am__tar='$${TAR-tar} chof - "$$tardir"'
am__untar='$${TAR-tar} xf -'
bindir='${exec_prefix}/bin'
build='x86_64-apple-darwin20.2.0'
build_alias=''
build_cpu='x86_64'
build_os='darwin20.2.0'
build_vendor='apple'
datadir='${datarootdir}'
datarootdir='${prefix}/share'
docdir='${datarootdir}/doc/${PACKAGE_TARNAME}'
dvidir='${docdir}'
exec_prefix='${prefix}'
host='x86_64-apple-darwin20.2.0'
host_alias=''
host_cpu='x86_64'
host_os='darwin20.2.0'
host_vendor='apple'
htmldir='${docdir}'
includedir='${prefix}/include'
infodir='${datarootdir}/info'
install_sh='${SHELL} /Users/julianalvarez/Documents/VSCODE/Smart_Symbolic_Graphing_Calculator/dependencies/mpfi/build-aux/install-sh'
libdir='${exec_prefix}/lib'
libexecdir='${exec_prefix}/libexec'
localedir='${datarootdir}/locale'
localstatedir='${prefix}/var'
mandir='${datarootdir}/man'
mkdir_p='$(MKDIR_P)'
oldincludedir='/usr/include'
pdfdir='${docdir}'
prefix='/Users/julianalvarez/Documents/VSCODE/Smart_Symbolic_Graphing_Calculator/tools/macos'
program_transform_name='s,x,x,'
psdir='${docdir}'
runstatedir='${localstatedir}/run'
sbindir='${exec_prefix}/sbin'
sharedstatedir='${prefix}/com'
sysconfdir='${prefix}/etc'
target_alias=''

## ----------- ##
## confdefs.h. ##
## ----------- ##

/* confdefs.h */
#define PACKAGE_NAME "mpfi"
#define PACKAGE_TARNAME "mpfi"
#define PACKAGE_VERSION "1.5.4"
#define PACKAGE_STRING "mpfi 1.5.4"
#define PACKAGE_BUGREPORT "mpfi-users@lists.gforge.inria.fr"
#define PACKAGE_URL "https://gforge.inria.fr/projects/mpfi/"
#define HAVE_STDIO_H 1
#define HAVE_STDLIB_H 1
#define HAVE_STRING_H 1
#define HAVE_INTTYPES_H 1
#define HAVE_STDINT_H 1
#define HAVE_STRINGS_H 1
#define HAVE_SYS_STAT_H 1
#define HAVE_SYS_TYPES_H 1
#define HAVE_UNISTD_H 1
#define HAVE_WCHAR_H 1
#define STDC_HEADERS 1
#define _ALL_SOURCE 1
#define _DARWIN_C_SOURCE 1
#define _GNU_SOURCE 1
#define _HPUX_ALT_XOPEN_SOCKET_API 1
#define _NETBSD_SOURCE 1
#define _OPENBSD_SOURCE 1
#define _POSIX_PTHREAD_SEMANTICS 1
#define __STDC_WANT_IEC_60559_ATTRIBS_EXT__ 1
#define __STDC_WANT_IEC_60559_BFP_EXT__ 1
#define __STDC_WANT_IEC_60559_DFP_EXT__ 1
#define __STDC_WANT_IEC_60559_FUNCS_EXT__ 1
#define __STDC_WANT_IEC_60559_TYPES_EXT__ 1
#define __STDC_WANT_LIB_EXT2__ 1
#define __STDC_WANT_MATH_SPEC_FUNCS__ 1
#define _TANDEM_SOURCE 1
#define __EXTENSIONS__ 1
#define PACKAGE "mpfi"
#define VERSION "1.5.4"
#define HAVE_DLFCN_H 1
#define LT_OBJDIR ".libs/"
#define HAVE_FLOAT_H 1
#define HAVE_LIMITS_H 1
#define HAVE_STDLIB_H 1
#define HAVE_STRING_H 1
#define HAVE_SYS_TIME_H 1
#define HAVE_UNISTD_H 1
#define HAVE_STDARG 1
#define HAVE_DUP2 1
#define HAVE_GETTIMEOFDAY 1
#define HAVE_MPFR_Z_SUB 1

configure: exit 0
