This file contains messages produced while configuring
  pari-2.13.3 
to aid debugging if Configure makes a mistake. Command line was
  > ./configure --without-readline --with-gmp-include=/Users/julianalvarez/Documents/VSCODE/Smart_Symbolic_Graphing_Calculator/tools/macos/include --with-gmp-lib=/Users/julianalvarez/Documents/VSCODE/Smart_Symbolic_Graphing_Calculator/tools/macos/lib --prefix=/Users/julianalvarez/Documents/VSCODE/Smart_Symbolic_Graphing_Calculator/tools/macos --static

/usr/bin/gcc -Wl,-search_paths_first -o darwin-i386-ansi69850 ansi.c
/usr/bin/gcc -Wl,-search_paths_first -o darwin-i386-gnu69850 gnu.c
/usr/bin/gcc -Wl,-search_paths_first -fno-strict-aliasing -o darwin-i386-gnu69850 gnu.c
/usr/bin/gcc -O3 -Wall -fno-strict-aliasing -fomit-frame-pointer -Wl,-search_paths_first endian.c -o darwin-i386-endian69850
/usr/bin/gcc -O3 -Wall -fno-strict-aliasing -fomit-frame-pointer has_exp2.c -o darwin-i386-tmp69850 -lm
/usr/bin/gcc -O3 -Wall -fno-strict-aliasing -fomit-frame-pointer has_log2.c -o darwin-i386-tmp69850 -lm
/usr/bin/gcc -O3 -Wall -fno-strict-aliasing -fomit-frame-pointer has_strftime.c -o darwin-i386-tmp69850
/usr/bin/gcc -O3 -Wall -fno-strict-aliasing -fomit-frame-pointer has_getrusage.c -o darwin-i386-tmp69850
/usr/bin/gcc -O3 -Wall -fno-strict-aliasing -fomit-frame-pointer has_gettimeofday.c -o darwin-i386-tmp69850
/usr/bin/gcc -O3 -Wall -fno-strict-aliasing -fomit-frame-pointer has_sigaction.c -o darwin-i386-tmp69850
/usr/bin/gcc -O3 -Wall -fno-strict-aliasing -fomit-frame-pointer has_TIOCGWINSZ.c -o darwin-i386-tmp69850
/usr/bin/gcc -O3 -Wall -fno-strict-aliasing -fomit-frame-pointer has_getrlimit.c -o darwin-i386-tmp69850
/usr/bin/gcc -O3 -Wall -fno-strict-aliasing -fomit-frame-pointer has_stat.c -o darwin-i386-tmp69850
/usr/bin/gcc -O3 -Wall -fno-strict-aliasing -fomit-frame-pointer has_vsnprintf.c -o darwin-i386-tmp69850
/usr/bin/gcc -O3 -Wall -fno-strict-aliasing -fomit-frame-pointer has_mmap.c -o darwin-i386-tmp69850
/usr/bin/gcc -O3 -Wall -fno-strict-aliasing -fomit-frame-pointer has_waitpid.c -o darwin-i386-tmp69850
/usr/bin/gcc -O3 -Wall -fno-strict-aliasing -fomit-frame-pointer has_setsid.c -o darwin-i386-tmp69850
/usr/bin/gcc -O3 -Wall -fno-strict-aliasing -fomit-frame-pointer has_getenv.c -o darwin-i386-tmp69850
/usr/bin/gcc -O3 -Wall -fno-strict-aliasing -fomit-frame-pointer has_isatty.c -o darwin-i386-tmp69850
/usr/bin/gcc -O3 -Wall -fno-strict-aliasing -fomit-frame-pointer has_alarm.c -o darwin-i386-tmp69850
/usr/bin/gcc -O3 -Wall -fno-strict-aliasing -fomit-frame-pointer has_system.c -o darwin-i386-tmp69850
/usr/bin/gcc -O3 -Wall -fno-strict-aliasing -fomit-frame-pointer has_dlopen.c -o darwin-i386-tmp69850
/usr/bin/gcc -O3 -Wall -fno-strict-aliasing -fomit-frame-pointer -Wl,-search_paths_first -I/Users/julianalvarez/Documents/VSCODE/Smart_Symbolic_Graphing_Calculator/tools/macos/include -o darwin-i386-gmp69850 gmp_version.c -L/Users/julianalvarez/Documents/VSCODE/Smart_Symbolic_Graphing_Calculator/tools/macos/lib -lgmp
/usr/bin/gcc -O3 -Wall -fno-strict-aliasing -fomit-frame-pointer -Wl,-search_paths_first -I/Users/julianalvarez/Documents/VSCODE/Smart_Symbolic_Graphing_Calculator/tools/macos/include -o darwin-i386-gmp69850 gmp_mismatch.c -L/Users/julianalvarez/Documents/VSCODE/Smart_Symbolic_Graphing_Calculator/tools/macos/lib -lgmp
xmkmf
../log_cmd: line 2: xmkmf: command not found
/usr/bin/gcc -O3 -Wall -fno-strict-aliasing -fomit-frame-pointer -Wl,-search_paths_first -I/usr/local/include -o darwin-i386-X1169850 has_X11.c -lX11
