make all --print-data-base --no-builtin-variables --no-builtin-rules --question
# GNU Make 4.3
# Built for x86_64-pc-linux-gnu
# Copyright (C) 1988-2020 Free Software Foundation, Inc.
# License GPLv3+: GNU GPL version 3 or later <http://gnu.org/licenses/gpl.html>
# This is free software: you are free to change and redistribute it.
# There is NO WARRANTY, to the extent permitted by law.

# Make data base, printed on Mon Mar 21 14:21:08 2022

# Variables

# environment
 
GDK_BACKEND = x11
# environment
LC_ALL = C
# environment
NO_AT_BRIDGE = 1
# environment
CSF_EXCEPTION_PROMPT = 1
# environment
VSCODE_IPC_HOOK_EXTHOST = /run/user/1000/vscode-ipc-0c9a1acb-0b6b-4e9f-a22a-10188d79c4d0.sock
# environment
CSF_XmlOcafResource = /usr/share/opencascade/resources/XmlOcafResource
# environment
VSCODE_CWD = /home/toast
# environment
MMGT_CLEAR = 1
# environment
CSF_XCAFDefaults = /usr/share/opencascade/resources/StdResource
# environment
CSF_PluginDefaults = /usr/share/opencascade/resources/StdResource
# environment
CASROOT = /usr
# default
MAKE_COMMAND := make
# automatic
@D = $(patsubst %/,%,$(dir $@))
# environment
VSCODE_HANDLES_UNCAUGHT_ERRORS = true
# default
.VARIABLES := 
# environment
PWD = /home/toast/VSCODE/SeniorProjects/Smart_Symbolic_Graphing_Calculator
# automatic
%D = $(patsubst %/,%,$(dir $%))
# environment
MAIL = /var/spool/mail/toast
# environment
XDG_DATA_DIRS = /home/toast/.local/share/flatpak/exports/share:/var/lib/flatpak/exports/share:/usr/local/share:/usr/share:/var/lib/snapd/desktop
# automatic
^D = $(patsubst %/,%,$(dir $^))
# environment
VSCODE_LOG_STACK = false
# automatic
%F = $(notdir $%)
# environment
VSCODE_CODE_CACHE_PATH = /home/toast/.config/Code - OSS/CachedData/c722ca6c7eed3d7987c0d5c3df5c45f6b15e77d1
# environment
XDG_SESSION_PATH = /org/freedesktop/DisplayManager/Session1
# environment
CSF_ShadersDirectory = /usr/share/opencascade/resources/Shaders
# environment
LANG = C
# environment
XAUTHORITY = /home/toast/.Xauthority
# default
.LOADED := 
# default
.INCLUDE_DIRS = /usr/include /usr/local/include /usr/include
# makefile (from 'Makefile', line 51)
CMAKE_COMMAND = /usr/bin/cmake
# makefile
MAKEFLAGS = pqrR
# makefile
CURDIR := /home/toast/VSCODE/SeniorProjects/Smart_Symbolic_Graphing_Calculator
# environment
VSCODE_PIPE_LOGGING = true
# environment
APPLICATION_INSIGHTS_NO_DIAGNOSTIC_CHANNEL = true
# automatic
*D = $(patsubst %/,%,$(dir $*))
# environment
MFLAGS = -pqrR
# default
.SHELLFLAGS := -c
# environment
CSF_MDTVTexturesDirectory = /usr/share/opencascade/resources/Textures
# automatic
+D = $(patsubst %/,%,$(dir $+))
# environment
XDG_SESSION_DESKTOP = 
# makefile (from 'Makefile', line 1)
MAKEFILE_LIST := Makefile
# makefile (from 'Makefile', line 63)
CMAKE_BINARY_DIR = /home/toast/VSCODE/SeniorProjects/Smart_Symbolic_Graphing_Calculator
# automatic
@F = $(notdir $@)
# environment
VSCODE_VERBOSE_LOGGING = true
# environment
VSCODE_PID = 2014
# environment
XDG_SESSION_TYPE = x11
# environment
CUDA_PATH = /opt/cuda
# automatic
?D = $(patsubst %/,%,$(dir $?))
# environment
CSF_XSMessage = /usr/share/opencascade/resources/XSMessage
# makefile (from 'Makefile', line 60)
CMAKE_SOURCE_DIR = /home/toast/VSCODE/SeniorProjects/Smart_Symbolic_Graphing_Calculator
# environment
DRAWDEFAULT = /usr/share/opencascade/resources/DrawResources/DrawDefault
# automatic
*F = $(notdir $*)
# environment
CHROME_DESKTOP = code-oss.desktop
# environment
CSF_SHMessage = /usr/share/opencascade/resources/SHMessage
# environment
DBUS_SESSION_BUS_ADDRESS = unix:path=/run/user/1000/bus
# automatic
<D = $(patsubst %/,%,$(dir $<))
# environment
VSCODE_NLS_CONFIG = {"locale":"en-us","availableLanguages":{},"_languagePackSupport":true}
# default
MAKE_HOST := x86_64-pc-linux-gnu
# makefile (from 'Makefile', line 48)
SHELL = /bin/sh
# default
MAKECMDGOALS := all
# environment
DOTNET_BUNDLE_EXTRACT_BASE_DIR = /home/toast/.cache/dotnet_bundle_extract
# environment
SHLVL = 0
# environment
CSF_TObjDefaults = /usr/share/opencascade/resources/StdResource
# environment
MAKELEVEL := 0
# default
MAKE = $(MAKE_COMMAND)
# environment
PATH = /home/toast/.cargo/bin:/home/toast/.local/bin:/usr/local/sbin:/usr/local/bin:/usr/bin:/opt/cuda/bin:/opt/cuda/nsight_compute:/opt/cuda/nsight_systems/bin:/home/toast/.dotnet/tools:/var/lib/flatpak/exports/bin:/usr/lib/jvm/default/bin:/usr/bin/site_perl:/usr/bin/vendor_perl:/usr/bin/core_perl:/home/toast/.local/share/gem/ruby/3.0.0/bin:/var/lib/snapd/snap/bin
# default
MAKEFILES := 
# environment
MOTD_SHOWN = pam
# environment
CSF_OCCTResourcePath = /usr/share/opencascade/resources
# automatic
^F = $(notdir $^)
# environment
VSCODE_LOG_NATIVE = false
# environment
CSF_StandardLiteDefaults = /usr/share/opencascade/resources/StdResource
# environment
CSF_STEPDefaults = /usr/share/opencascade/resources/XSTEPResource
# automatic
?F = $(notdir $?)
# environment
XDG_SEAT = seat0
# environment
XDG_CURRENT_DESKTOP = 
# environment
CSF_MIGRATION_TYPES = /usr/share/opencascade/resources/StdResource/MigrationSheet.txt
# automatic
+F = $(notdir $+)
# environment
XDG_SEAT_PATH = /org/freedesktop/DisplayManager/Seat0
# environment
DESKTOP_SESSION = openbox
# environment
ORIGINAL_XDG_CURRENT_DESKTOP = 
# 'override' directive
GNUMAKEFLAGS := 
# makefile (from 'Makefile', line 57)
EQUALS = =
# environment
LOGNAME = toast
# environment
CSF_LANGUAGE = us
# environment
XDG_VTNR = 1
# makefile
.DEFAULT_GOAL := default_target
# makefile (from 'Makefile', line 54)
RM = /usr/bin/cmake -E rm -f
# environment
CSF_TObjMessage = /usr/share/opencascade/resources/TObj
# environment
DISPLAY = :0
# environment
GTK_MODULES = canberra-gtk-module
# environment
USER = toast
# default
MAKE_VERSION := 4.3
# makefile (from 'Makefile', line 35)
MAKESILENT = -s
# environment
_ = /usr/bin/make
# environment
XDG_RUNTIME_DIR = /run/user/1000
# environment
CSF_DrawPluginDefaults = /usr/share/opencascade/resources/DrawResources
# environment
CSF_IGESDefaults = /usr/share/opencascade/resources/XSTEPResource
# environment
XDG_SESSION_CLASS = user
# environment
VSCODE_AMD_ENTRYPOINT = vs/workbench/api/node/extensionHostProcess
# environment
HOME = /home/toast
# environment
ELECTRON_RUN_AS_NODE = 1
# environment
DRAWHOME = /usr/share/opencascade/resources/DrawResources
# environment
VSCODE_IPC_HOOK = /run/user/1000/vscode-6fb32388-1.65.2-main.sock
# environment
XDG_SESSION_ID = 2
# default
.RECIPEPREFIX := 
# automatic
<F = $(notdir $<)
# default
SUFFIXES := 
# environment
VSCODE_CLI = 1
# environment
ELECTRON_NO_ATTACH_CONSOLE = 1
# environment
CSF_StandardDefaults = /usr/share/opencascade/resources/StdResource
# default
.FEATURES := target-specific order-only second-expansion else-if shortest-stem undefine oneshell nocomment grouped-target extra-prereqs archives jobserver output-sync check-symlink guile load
# environment
DOTNET_ROOT = /usr/share/dotnet
# environment
SSH_AUTH_SOCKET = /run/user/1000/ssh-agent.socket
# variable set hash-table stats:
# Load=114/1024=11%, Rehash=0, Collisions=9/153=6%

# Pattern-specific Variable Values

# No pattern-specific variable values.

# Directories

# RCS: could not be stat'd.
 
# SCCS: could not be stat'd.
# . (device 66311, inode 6782977): 38 files, no impossibilities.

# 38 files, no impossibilities in 3 directories.

# Implicit Rules

%: %,v

%: RCS/%

%: RCS/%,v

%: SCCS/s.%

%: s.%

%.hpux_make_needs_suffix_list:

# 6 implicit rules, 0 (0.0%) terminal.
# Files

ExperimentalSubmit/fast:
#  Phony target (prerequisite of .PHONY).
#  Implicit rule search has not been done.
#  File does not exist.
#  File has not been updated.
#  recipe to execute (from 'Makefile', line 431):
	$(MAKE) $(MAKESILENT) -f CMakeFiles/ExperimentalSubmit.dir/build.make CMakeFiles/ExperimentalSubmit.dir/build

NightlyBuild: cmake_check_build_system
#  Phony target (prerequisite of .PHONY).
#  Implicit rule search has not been done.
#  File does not exist.
#  File has not been updated.
#  recipe to execute (from 'Makefile', line 270):
	$(MAKE) $(MAKESILENT) -f CMakeFiles/Makefile2 NightlyBuild

Nightly/fast:
#  Phony target (prerequisite of .PHONY).
#  Implicit rule search has not been done.
#  File does not exist.
#  File has not been updated.
#  recipe to execute (from 'Makefile', line 197):
	$(MAKE) $(MAKESILENT) -f CMakeFiles/Nightly.dir/build.make CMakeFiles/Nightly.dir/build

Catch2WithMain: cmake_check_build_system
#  Phony target (prerequisite of .PHONY).
#  Implicit rule search has not been done.
#  File does not exist.
#  File has not been updated.
#  recipe to execute (from 'Makefile', line 621):
	$(MAKE) $(MAKESILENT) -f CMakeFiles/Makefile2 Catch2WithMain

Catch2: cmake_check_build_system
#  Phony target (prerequisite of .PHONY).
#  Implicit rule search has not been done.
#  File does not exist.
#  File has not been updated.
#  recipe to execute (from 'Makefile', line 608):
	$(MAKE) $(MAKESILENT) -f CMakeFiles/Makefile2 Catch2

NightlyMemoryCheck/fast:
#  Phony target (prerequisite of .PHONY).
#  Implicit rule search has not been done.
#  File does not exist.
#  File has not been updated.
#  recipe to execute (from 'Makefile', line 223):
	$(MAKE) $(MAKESILENT) -f CMakeFiles/NightlyMemoryCheck.dir/build.make CMakeFiles/NightlyMemoryCheck.dir/build

depend:
#  Phony target (prerequisite of .PHONY).
#  Implicit rule search has not been done.
#  File does not exist.
#  File has not been updated.
#  recipe to execute (from 'Makefile', line 171):
	$(CMAKE_COMMAND) -S$(CMAKE_SOURCE_DIR) -B$(CMAKE_BINARY_DIR) --check-build-system CMakeFiles/Makefile.cmake 1

NightlyStart/fast:
#  Phony target (prerequisite of .PHONY).
#  Implicit rule search has not been done.
#  File does not exist.
#  File has not been updated.
#  recipe to execute (from 'Makefile', line 236):
	$(MAKE) $(MAKESILENT) -f CMakeFiles/NightlyStart.dir/build.make CMakeFiles/NightlyStart.dir/build

lvgl/fast:
#  Phony target (prerequisite of .PHONY).
#  Implicit rule search has not been done.
#  File does not exist.
#  File has not been updated.
#  recipe to execute (from 'Makefile', line 561):
	$(MAKE) $(MAKESILENT) -f lvgl/CMakeFiles/lvgl.dir/build.make lvgl/CMakeFiles/lvgl.dir/build

default_target: all
#  Phony target (prerequisite of .PHONY).
#  Implicit rule search has not been done.
#  File does not exist.
#  File has not been updated.

Catch2/fast:
#  Phony target (prerequisite of .PHONY).
#  Implicit rule search has not been done.
#  File does not exist.
#  File has not been updated.
#  recipe to execute (from 'Makefile', line 613):
	$(MAKE) $(MAKESILENT) -f _deps/catch2-build/src/CMakeFiles/Catch2.dir/build.make _deps/catch2-build/src/CMakeFiles/Catch2.dir/build

Experimental: cmake_check_build_system
#  Phony target (prerequisite of .PHONY).
#  Implicit rule search has not been done.
#  File does not exist.
#  File has not been updated.
#  recipe to execute (from 'Makefile', line 179):
	$(MAKE) $(MAKESILENT) -f CMakeFiles/Makefile2 Experimental

NightlyUpdate: cmake_check_build_system
#  Phony target (prerequisite of .PHONY).
#  Implicit rule search has not been done.
#  File does not exist.
#  File has not been updated.
#  recipe to execute (from 'Makefile', line 244):
	$(MAKE) $(MAKESILENT) -f CMakeFiles/Makefile2 NightlyUpdate

ContinuousStart: cmake_check_build_system
#  Phony target (prerequisite of .PHONY).
#  Implicit rule search has not been done.
#  File does not exist.
#  File has not been updated.
#  recipe to execute (from 'Makefile', line 439):
	$(MAKE) $(MAKESILENT) -f CMakeFiles/Makefile2 ContinuousStart

ContinuousTest: cmake_check_build_system
#  Phony target (prerequisite of .PHONY).
#  Implicit rule search has not been done.
#  File does not exist.
#  File has not been updated.
#  recipe to execute (from 'Makefile', line 491):
	$(MAKE) $(MAKESILENT) -f CMakeFiles/Makefile2 ContinuousTest

edit_cache/fast: edit_cache
#  Phony target (prerequisite of .PHONY).
#  Implicit rule search has not been done.
#  File does not exist.
#  File has not been updated.

NightlyCoverage/fast:
#  Phony target (prerequisite of .PHONY).
#  Implicit rule search has not been done.
#  File does not exist.
#  File has not been updated.
#  recipe to execute (from 'Makefile', line 301):
	$(MAKE) $(MAKESILENT) -f CMakeFiles/NightlyCoverage.dir/build.make CMakeFiles/NightlyCoverage.dir/build

lvgl_demos: cmake_check_build_system
#  Phony target (prerequisite of .PHONY).
#  Implicit rule search has not been done.
#  File does not exist.
#  File has not been updated.
#  recipe to execute (from 'Makefile', line 582):
	$(MAKE) $(MAKESILENT) -f CMakeFiles/Makefile2 lvgl_demos

ContinuousSubmit/fast:
#  Phony target (prerequisite of .PHONY).
#  Implicit rule search has not been done.
#  File does not exist.
#  File has not been updated.
#  recipe to execute (from 'Makefile', line 535):
	$(MAKE) $(MAKESILENT) -f CMakeFiles/ContinuousSubmit.dir/build.make CMakeFiles/ContinuousSubmit.dir/build

# Not a target:
Makefile:
#  Implicit rule search has been done.
#  Last modified 2022-03-20 20:05:56.7404368
#  File has been updated.
#  Successfully updated.

Experimental/fast:
#  Phony target (prerequisite of .PHONY).
#  Implicit rule search has not been done.
#  File does not exist.
#  File has not been updated.
#  recipe to execute (from 'Makefile', line 184):
	$(MAKE) $(MAKESILENT) -f CMakeFiles/Experimental.dir/build.make CMakeFiles/Experimental.dir/build

ExperimentalMemCheck/fast:
#  Phony target (prerequisite of .PHONY).
#  Implicit rule search has not been done.
#  File does not exist.
#  File has not been updated.
#  recipe to execute (from 'Makefile', line 418):
	$(MAKE) $(MAKESILENT) -f CMakeFiles/ExperimentalMemCheck.dir/build.make CMakeFiles/ExperimentalMemCheck.dir/build

rebuild_cache:
#  Phony target (prerequisite of .PHONY).
#  Implicit rule search has not been done.
#  File does not exist.
#  File has not been updated.
#  recipe to execute (from 'Makefile', line 90):
	@$(CMAKE_COMMAND) -E cmake_echo_color --switch=$(COLOR) --cyan "Running CMake to regenerate build system..."
	/usr/bin/cmake --regenerate-during-build -S$(CMAKE_SOURCE_DIR) -B$(CMAKE_BINARY_DIR)

tests/fast:
#  Phony target (prerequisite of .PHONY).
#  Implicit rule search has not been done.
#  File does not exist.
#  File has not been updated.
#  recipe to execute (from 'Makefile', line 639):
	$(MAKE) $(MAKESILENT) -f tests/src/CMakeFiles/tests.dir/build.make tests/src/CMakeFiles/tests.dir/build

SSGC: cmake_check_build_system
#  Phony target (prerequisite of .PHONY).
#  Implicit rule search has not been done.
#  File does not exist.
#  File has not been updated.
#  recipe to execute (from 'Makefile', line 595):
	$(MAKE) $(MAKESILENT) -f CMakeFiles/Makefile2 SSGC

Continuous/fast:
#  Phony target (prerequisite of .PHONY).
#  Implicit rule search has not been done.
#  File does not exist.
#  File has not been updated.
#  recipe to execute (from 'Makefile', line 210):
	$(MAKE) $(MAKESILENT) -f CMakeFiles/Continuous.dir/build.make CMakeFiles/Continuous.dir/build

test/fast: test
#  Phony target (prerequisite of .PHONY).
#  Implicit rule search has not been done.
#  File does not exist.
#  File has not been updated.

NightlyCoverage: cmake_check_build_system
#  Phony target (prerequisite of .PHONY).
#  Implicit rule search has not been done.
#  File does not exist.
#  File has not been updated.
#  recipe to execute (from 'Makefile', line 296):
	$(MAKE) $(MAKESILENT) -f CMakeFiles/Makefile2 NightlyCoverage

.SILENT:
#  Implicit rule search has not been done.
#  Modification time never checked.
#  File has not been updated.

lv_drivers/fast:
#  Phony target (prerequisite of .PHONY).
#  Implicit rule search has not been done.
#  File does not exist.
#  File has not been updated.
#  recipe to execute (from 'Makefile', line 548):
	$(MAKE) $(MAKESILENT) -f lv_drivers/CMakeFiles/lv_drivers.dir/build.make lv_drivers/CMakeFiles/lv_drivers.dir/build

clean:
#  Phony target (prerequisite of .PHONY).
#  Implicit rule search has not been done.
#  File does not exist.
#  File has not been updated.
#  recipe to execute (from 'Makefile', line 152):
	$(MAKE) $(MAKESILENT) -f CMakeFiles/Makefile2 clean

cmake_force:
#  Phony target (prerequisite of .PHONY).
#  Implicit rule search has not been done.
#  File does not exist.
#  File has not been updated.

ContinuousConfigure/fast:
#  Phony target (prerequisite of .PHONY).
#  Implicit rule search has not been done.
#  File does not exist.
#  File has not been updated.
#  recipe to execute (from 'Makefile', line 470):
	$(MAKE) $(MAKESILENT) -f CMakeFiles/ContinuousConfigure.dir/build.make CMakeFiles/ContinuousConfigure.dir/build

NightlyStart: cmake_check_build_system
#  Phony target (prerequisite of .PHONY).
#  Implicit rule search has not been done.
#  File does not exist.
#  File has not been updated.
#  recipe to execute (from 'Makefile', line 231):
	$(MAKE) $(MAKESILENT) -f CMakeFiles/Makefile2 NightlyStart

preinstall/fast:
#  Phony target (prerequisite of .PHONY).
#  Implicit rule search has not been done.
#  File does not exist.
#  File has not been updated.
#  recipe to execute (from 'Makefile', line 166):
	$(MAKE) $(MAKESILENT) -f CMakeFiles/Makefile2 preinstall

lvgl: cmake_check_build_system
#  Phony target (prerequisite of .PHONY).
#  Implicit rule search has not been done.
#  File does not exist.
#  File has not been updated.
#  recipe to execute (from 'Makefile', line 556):
	$(MAKE) $(MAKESILENT) -f CMakeFiles/Makefile2 lvgl
 

edit_cache:
#  Phony target (prerequisite of .PHONY).
#  Implicit rule search has not been done.
#  File does not exist.
#  File has not been updated.
#  recipe to execute (from 'Makefile', line 80):
	@$(CMAKE_COMMAND) -E cmake_echo_color --switch=$(COLOR) --cyan "Running CMake cache editor..."
	/usr/bin/ccmake -S$(CMAKE_SOURCE_DIR) -B$(CMAKE_BINARY_DIR)

NightlyMemCheck: cmake_check_build_system
#  Phony target (prerequisite of .PHONY).
#  Implicit rule search has not been done.
#  File does not exist.
#  File has not been updated.
#  recipe to execute (from 'Makefile', line 309):
	$(MAKE) $(MAKESILENT) -f CMakeFiles/Makefile2 NightlyMemCheck

NightlyUpdate/fast:
#  Phony target (prerequisite of .PHONY).
#  Implicit rule search has not been done.
#  File does not exist.
#  File has not been updated.
#  recipe to execute (from 'Makefile', line 249):
	$(MAKE) $(MAKESILENT) -f CMakeFiles/NightlyUpdate.dir/build.make CMakeFiles/NightlyUpdate.dir/build

tests: cmake_check_build_system
#  Phony target (prerequisite of .PHONY).
#  Implicit rule search has not been done.
#  File does not exist.
#  File has not been updated.
#  recipe to execute (from 'Makefile', line 634):
	$(MAKE) $(MAKESILENT) -f CMakeFiles/Makefile2 tests

rebuild_cache/fast: rebuild_cache
#  Phony target (prerequisite of .PHONY).
#  Implicit rule search has not been done.
#  File does not exist.
#  File has not been updated.

ExperimentalMemCheck: cmake_check_build_system
#  Phony target (prerequisite of .PHONY).
#  Implicit rule search has not been done.
#  File does not exist.
#  File has not been updated.
#  recipe to execute (from 'Makefile', line 413):
	$(MAKE) $(MAKESILENT) -f CMakeFiles/Makefile2 ExperimentalMemCheck

# Not a target:
.hpux_make_needs_suffix_list:
#  Implicit rule search has not been done.
#  Modification time never checked.
#  File has not been updated.

ExperimentalStart/fast:
#  Phony target (prerequisite of .PHONY).
#  Implicit rule search has not been done.
#  File does not exist.
#  File has not been updated.
#  recipe to execute (from 'Makefile', line 340):
	$(MAKE) $(MAKESILENT) -f CMakeFiles/ExperimentalStart.dir/build.make CMakeFiles/ExperimentalStart.dir/build

ContinuousCoverage/fast:
#  Phony target (prerequisite of .PHONY).
#  Implicit rule search has not been done.
#  File does not exist.
#  File has not been updated.
#  recipe to execute (from 'Makefile', line 509):
	$(MAKE) $(MAKESILENT) -f CMakeFiles/ContinuousCoverage.dir/build.make CMakeFiles/ContinuousCoverage.dir/build

ExperimentalStart: cmake_check_build_system
#  Phony target (prerequisite of .PHONY).
#  Implicit rule search has not been done.
#  File does not exist.
#  File has not been updated.
#  recipe to execute (from 'Makefile', line 335):
	$(MAKE) $(MAKESILENT) -f CMakeFiles/Makefile2 ExperimentalStart

Nightly: cmake_check_build_system
#  Phony target (prerequisite of .PHONY).
#  Implicit rule search has not been done.
#  File does not exist.
#  File has not been updated.
#  recipe to execute (from 'Makefile', line 192):
	$(MAKE) $(MAKESILENT) -f CMakeFiles/Makefile2 Nightly

preinstall: all
#  Phony target (prerequisite of .PHONY).
#  Implicit rule search has not been done.
#  File does not exist.
#  File has not been updated.
#  recipe to execute (from 'Makefile', line 161):
	$(MAKE) $(MAKESILENT) -f CMakeFiles/Makefile2 preinstall

# Not a target:
.DEFAULT:
#  Implicit rule search has not been done.
#  Modification time never checked.
#  File has not been updated.

list_install_components/fast: list_install_components
#  Phony target (prerequisite of .PHONY).
#  Implicit rule search has not been done.
#  File does not exist.
#  File has not been updated.

ContinuousBuild: cmake_check_build_system
#  Phony target (prerequisite of .PHONY).
#  Implicit rule search has not been done.
#  File does not exist.
#  File has not been updated.
#  recipe to execute (from 'Makefile', line 478):
	$(MAKE) $(MAKESILENT) -f CMakeFiles/Makefile2 ContinuousBuild

all: cmake_check_build_system
#  Phony target (prerequisite of .PHONY).
#  Command line target.
#  Implicit rule search has not been done.
#  File does not exist.
#  File has been updated.
#  Needs to be updated (-q is set).
# variable set hash-table stats:
# Load=0/32=0%, Rehash=0, Collisions=0/6=0%
#  recipe to execute (from 'Makefile', line 145):
	$(CMAKE_COMMAND) -E cmake_progress_start /home/toast/VSCODE/SeniorProjects/Smart_Symbolic_Graphing_Calculator/CMakeFiles /home/toast/VSCODE/SeniorProjects/Smart_Symbolic_Graphing_Calculator//CMakeFiles/progress.marks
	$(MAKE) $(MAKESILENT) -f CMakeFiles/Makefile2 all
	$(CMAKE_COMMAND) -E cmake_progress_start /home/toast/VSCODE/SeniorProjects/Smart_Symbolic_Graphing_Calculator/CMakeFiles 0

NightlyTest/fast:
#  Phony target (prerequisite of .PHONY).
#  Implicit rule search has not been done.
#  File does not exist.
#  File has not been updated.
#  recipe to execute (from 'Makefile', line 288):
	$(MAKE) $(MAKESILENT) -f CMakeFiles/NightlyTest.dir/build.make CMakeFiles/NightlyTest.dir/build

help:
#  Phony target (prerequisite of .PHONY).
#  Implicit rule search has not been done.
#  File does not exist.
#  File has not been updated.
#  recipe to execute (from 'Makefile', line 644):
	@echo "The following are some of the valid targets for this Makefile:"
	@echo "... all (the default if no target is provided)"
	@echo "... clean"
	@echo "... depend"
	@echo "... edit_cache"
	@echo "... install"
	@echo "... install/local"
	@echo "... install/strip"
	@echo "... list_install_components"
	@echo "... rebuild_cache"
	@echo "... test"
	@echo "... Continuous"
	@echo "... ContinuousBuild"
	@echo "... ContinuousConfigure"
	@echo "... ContinuousCoverage"
	@echo "... ContinuousMemCheck"
	@echo "... ContinuousStart"
	@echo "... ContinuousSubmit"
	@echo "... ContinuousTest"
	@echo "... ContinuousUpdate"
	@echo "... Experimental"
	@echo "... ExperimentalBuild"
	@echo "... ExperimentalConfigure"
	@echo "... ExperimentalCoverage"
	@echo "... ExperimentalMemCheck"
	@echo "... ExperimentalStart"
	@echo "... ExperimentalSubmit"
	@echo "... ExperimentalTest"
	@echo "... ExperimentalUpdate"
	@echo "... Nightly"
	@echo "... NightlyBuild"
	@echo "... NightlyConfigure"
	@echo "... NightlyCoverage"
	@echo "... NightlyMemCheck"
	@echo "... NightlyMemoryCheck"
	@echo "... NightlyStart"
	@echo "... NightlySubmit"
	@echo "... NightlyTest"
	@echo "... NightlyUpdate"
	@echo "... Catch2"
	@echo "... Catch2WithMain"
	@echo "... SSGC"
	@echo "... lv_drivers"
	@echo "... lvgl"
	@echo "... lvgl_demos"
	@echo "... lvgl_examples"
	@echo "... tests"

ContinuousSubmit: cmake_check_build_system
#  Phony target (prerequisite of .PHONY).
#  Implicit rule search has not been done.
#  File does not exist.
#  File has not been updated.
#  recipe to execute (from 'Makefile', line 530):
	$(MAKE) $(MAKESILENT) -f CMakeFiles/Makefile2 ContinuousSubmit

ExperimentalUpdate: cmake_check_build_system
#  Phony target (prerequisite of .PHONY).
#  Implicit rule search has not been done.
#  File does not exist.
#  File has not been updated.
#  recipe to execute (from 'Makefile', line 348):
	$(MAKE) $(MAKESILENT) -f CMakeFiles/Makefile2 ExperimentalUpdate

ExperimentalConfigure/fast:
#  Phony target (prerequisite of .PHONY).
#  Implicit rule search has not been done.
#  File does not exist.
#  File has not been updated.
#  recipe to execute (from 'Makefile', line 366):
	$(MAKE) $(MAKESILENT) -f CMakeFiles/ExperimentalConfigure.dir/build.make CMakeFiles/ExperimentalConfigure.dir/build

clean/fast: clean
#  Phony target (prerequisite of .PHONY).
#  Implicit rule search has not been done.
#  File does not exist.
#  File has not been updated.

NightlyMemoryCheck: cmake_check_build_system
#  Phony target (prerequisite of .PHONY).
#  Implicit rule search has not been done.
#  File does not exist.
#  File has not been updated.
#  recipe to execute (from 'Makefile', line 218):
	$(MAKE) $(MAKESILENT) -f CMakeFiles/Makefile2 NightlyMemoryCheck

ContinuousMemCheck/fast:
#  Phony target (prerequisite of .PHONY).
#  Implicit rule search has not been done.
#  File does not exist.
#  File has not been updated.
#  recipe to execute (from 'Makefile', line 522):
	$(MAKE) $(MAKESILENT) -f CMakeFiles/ContinuousMemCheck.dir/build.make CMakeFiles/ContinuousMemCheck.dir/build

SSGC/fast:
#  Phony target (prerequisite of .PHONY).
#  Implicit rule search has not been done.
#  File does not exist.
#  File has not been updated.
#  recipe to execute (from 'Makefile', line 600):
	$(MAKE) $(MAKESILENT) -f src/CMakeFiles/SSGC.dir/build.make src/CMakeFiles/SSGC.dir/build

test:
#  Phony target (prerequisite of .PHONY).
#  Implicit rule search has not been done.
#  File does not exist.
#  File has not been updated.
#  recipe to execute (from 'Makefile', line 70):
	@$(CMAKE_COMMAND) -E cmake_echo_color --switch=$(COLOR) --cyan "Running tests..."
	/usr/bin/ctest --force-new-ctest-process $(ARGS)

ContinuousConfigure: cmake_check_build_system
#  Phony target (prerequisite of .PHONY).
#  Implicit rule search has not been done.
#  File does not exist.
#  File has not been updated.
#  recipe to execute (from 'Makefile', line 465):
	$(MAKE) $(MAKESILENT) -f CMakeFiles/Makefile2 ContinuousConfigure

ExperimentalTest/fast:
#  Phony target (prerequisite of .PHONY).
#  Implicit rule search has not been done.
#  File does not exist.
#  File has not been updated.
#  recipe to execute (from 'Makefile', line 392):
	$(MAKE) $(MAKESILENT) -f CMakeFiles/ExperimentalTest.dir/build.make CMakeFiles/ExperimentalTest.dir/build

install/fast: preinstall/fast
#  Phony target (prerequisite of .PHONY).
#  Implicit rule search has not been done.
#  File does not exist.
#  File has not been updated.
#  recipe to execute (from 'Makefile', line 115):
	@$(CMAKE_COMMAND) -E cmake_echo_color --switch=$(COLOR) --cyan "Install the project..."
	/usr/bin/cmake -P cmake_install.cmake

NightlyConfigure/fast:
#  Phony target (prerequisite of .PHONY).
#  Implicit rule search has not been done.
#  File does not exist.
#  File has not been updated.
#  recipe to execute (from 'Makefile', line 262):
	$(MAKE) $(MAKESILENT) -f CMakeFiles/NightlyConfigure.dir/build.make CMakeFiles/NightlyConfigure.dir/build

Continuous: cmake_check_build_system
#  Phony target (prerequisite of .PHONY).
#  Implicit rule search has not been done.
#  File does not exist.
#  File has not been updated.
#  recipe to execute (from 'Makefile', line 205):
	$(MAKE) $(MAKESILENT) -f CMakeFiles/Makefile2 Continuous

NightlyBuild/fast:
#  Phony target (prerequisite of .PHONY).
#  Implicit rule search has not been done.
#  File does not exist.
#  File has not been updated.
#  recipe to execute (from 'Makefile', line 275):
	$(MAKE) $(MAKESILENT) -f CMakeFiles/NightlyBuild.dir/build.make CMakeFiles/NightlyBuild.dir/build
 

install/local: preinstall
#  Phony target (prerequisite of .PHONY).
#  Implicit rule search has not been done.
#  File does not exist.
#  File has not been updated.
#  recipe to execute (from 'Makefile', line 121):
	@$(CMAKE_COMMAND) -E cmake_echo_color --switch=$(COLOR) --cyan "Installing only the local directory..."
	/usr/bin/cmake -DCMAKE_INSTALL_LOCAL_ONLY=1 -P cmake_install.cmake

lv_drivers: cmake_check_build_system
#  Phony target (prerequisite of .PHONY).
#  Implicit rule search has not been done.
#  File does not exist.
#  File has not been updated.
#  recipe to execute (from 'Makefile', line 543):
	$(MAKE) $(MAKESILENT) -f CMakeFiles/Makefile2 lv_drivers

.NOTPARALLEL:
#  Implicit rule search has not been done.
#  Modification time never checked.
#  File has not been updated.

ExperimentalUpdate/fast:
#  Phony target (prerequisite of .PHONY).
#  Implicit rule search has not been done.
#  File does not exist.
#  File has not been updated.
#  recipe to execute (from 'Makefile', line 353):
	$(MAKE) $(MAKESILENT) -f CMakeFiles/ExperimentalUpdate.dir/build.make CMakeFiles/ExperimentalUpdate.dir/build

ExperimentalConfigure: cmake_check_build_system
#  Phony target (prerequisite of .PHONY).
#  Implicit rule search has not been done.
#  File does not exist.
#  File has not been updated.
#  recipe to execute (from 'Makefile', line 361):
	$(MAKE) $(MAKESILENT) -f CMakeFiles/Makefile2 ExperimentalConfigure

install: preinstall
#  Phony target (prerequisite of .PHONY).
#  Implicit rule search has not been done.
#  File does not exist.
#  File has not been updated.
#  recipe to execute (from 'Makefile', line 109):
	@$(CMAKE_COMMAND) -E cmake_echo_color --switch=$(COLOR) --cyan "Install the project..."
	/usr/bin/cmake -P cmake_install.cmake

Catch2WithMain/fast:
#  Phony target (prerequisite of .PHONY).
#  Implicit rule search has not been done.
#  File does not exist.
#  File has not been updated.
#  recipe to execute (from 'Makefile', line 626):
	$(MAKE) $(MAKESILENT) -f _deps/catch2-build/src/CMakeFiles/Catch2WithMain.dir/build.make _deps/catch2-build/src/CMakeFiles/Catch2WithMain.dir/build

NightlySubmit: cmake_check_build_system
#  Phony target (prerequisite of .PHONY).
#  Implicit rule search has not been done.
#  File does not exist.
#  File has not been updated.
#  recipe to execute (from 'Makefile', line 322):
	$(MAKE) $(MAKESILENT) -f CMakeFiles/Makefile2 NightlySubmit

ContinuousTest/fast:
#  Phony target (prerequisite of .PHONY).
#  Implicit rule search has not been done.
#  File does not exist.
#  File has not been updated.
#  recipe to execute (from 'Makefile', line 496):
	$(MAKE) $(MAKESILENT) -f CMakeFiles/ContinuousTest.dir/build.make CMakeFiles/ContinuousTest.dir/build

ContinuousUpdate: cmake_check_build_system
#  Phony target (prerequisite of .PHONY).
#  Implicit rule search has not been done.
#  File does not exist.
#  File has not been updated.
#  recipe to execute (from 'Makefile', line 452):
	$(MAKE) $(MAKESILENT) -f CMakeFiles/Makefile2 ContinuousUpdate

list_install_components:
#  Phony target (prerequisite of .PHONY).
#  Implicit rule search has not been done.
#  File does not exist.
#  File has not been updated.
#  recipe to execute (from 'Makefile', line 100):
	@$(CMAKE_COMMAND) -E cmake_echo_color --switch=$(COLOR) --cyan "Available install components are: \"Unspecified\""

cmake_check_build_system:
#  Phony target (prerequisite of .PHONY).
#  Implicit rule search has not been done.
#  Implicit/static pattern stem: ''
#  File does not exist.
#  File has been updated.
#  Needs to be updated (-q is set).
# automatic
# @ := cmake_check_build_system
# automatic
# * := 
# automatic
# < := 
# automatic
# + := 
# automatic
# % := 
# automatic
# ^ := 
# automatic
# ? := 
# automatic
# | := 
# variable set hash-table stats:
# Load=8/32=25%, Rehash=0, Collisions=1/14=7%
#  recipe to execute (from 'Makefile', line 702):
	$(CMAKE_COMMAND) -S$(CMAKE_SOURCE_DIR) -B$(CMAKE_BINARY_DIR) --check-build-system CMakeFiles/Makefile.cmake 0

ContinuousUpdate/fast:
#  Phony target (prerequisite of .PHONY).
#  Implicit rule search has not been done.
#  File does not exist.
#  File has not been updated.
#  recipe to execute (from 'Makefile', line 457):
	$(MAKE) $(MAKESILENT) -f CMakeFiles/ContinuousUpdate.dir/build.make CMakeFiles/ContinuousUpdate.dir/build

install/strip/fast: preinstall/fast
#  Phony target (prerequisite of .PHONY).
#  Implicit rule search has not been done.
#  File does not exist.
#  File has not been updated.
#  recipe to execute (from 'Makefile', line 139):
	@$(CMAKE_COMMAND) -E cmake_echo_color --switch=$(COLOR) --cyan "Installing the project stripped..."
	/usr/bin/cmake -DCMAKE_INSTALL_DO_STRIP=1 -P cmake_install.cmake

NightlyTest: cmake_check_build_system
#  Phony target (prerequisite of .PHONY).
#  Implicit rule search has not been done.
#  File does not exist.
#  File has not been updated.
#  recipe to execute (from 'Makefile', line 283):
	$(MAKE) $(MAKESILENT) -f CMakeFiles/Makefile2 NightlyTest

NightlySubmit/fast:
#  Phony target (prerequisite of .PHONY).
#  Implicit rule search has not been done.
#  File does not exist.
#  File has not been updated.
#  recipe to execute (from 'Makefile', line 327):
	$(MAKE) $(MAKESILENT) -f CMakeFiles/NightlySubmit.dir/build.make CMakeFiles/NightlySubmit.dir/build

ExperimentalBuild/fast:
#  Phony target (prerequisite of .PHONY).
#  Implicit rule search has not been done.
#  File does not exist.
#  File has not been updated.
#  recipe to execute (from 'Makefile', line 379):
	$(MAKE) $(MAKESILENT) -f CMakeFiles/ExperimentalBuild.dir/build.make CMakeFiles/ExperimentalBuild.dir/build

NightlyConfigure: cmake_check_build_system
#  Phony target (prerequisite of .PHONY).
#  Implicit rule search has not been done.
#  File does not exist.
#  File has not been updated.
#  recipe to execute (from 'Makefile', line 257):
	$(MAKE) $(MAKESILENT) -f CMakeFiles/Makefile2 NightlyConfigure

ContinuousCoverage: cmake_check_build_system
#  Phony target (prerequisite of .PHONY).
#  Implicit rule search has not been done.
#  File does not exist.
#  File has not been updated.
#  recipe to execute (from 'Makefile', line 504):
	$(MAKE) $(MAKESILENT) -f CMakeFiles/Makefile2 ContinuousCoverage

lvgl_examples/fast:
#  Phony target (prerequisite of .PHONY).
#  Implicit rule search has not been done.
#  File does not exist.
#  File has not been updated.
#  recipe to execute (from 'Makefile', line 574):
	$(MAKE) $(MAKESILENT) -f lvgl/CMakeFiles/lvgl_examples.dir/build.make lvgl/CMakeFiles/lvgl_examples.dir/build

ExperimentalCoverage: cmake_check_build_system
#  Phony target (prerequisite of .PHONY).
#  Implicit rule search has not been done.
#  File does not exist.
#  File has not been updated.
#  recipe to execute (from 'Makefile', line 400):
	$(MAKE) $(MAKESILENT) -f CMakeFiles/Makefile2 ExperimentalCoverage

lvgl_demos/fast:
#  Phony target (prerequisite of .PHONY).
#  Implicit rule search has not been done.
#  File does not exist.
#  File has not been updated.
#  recipe to execute (from 'Makefile', line 587):
	$(MAKE) $(MAKESILENT) -f lvgl/CMakeFiles/lvgl_demos.dir/build.make lvgl/CMakeFiles/lvgl_demos.dir/build

.SUFFIXES: .hpux_make_needs_suffix_list
#  Implicit rule search has not been done.
#  Modification time never checked.
#  File has not been updated.

install/local/fast: preinstall/fast
#  Phony target (prerequisite of .PHONY).
#  Implicit rule search has not been done.
#  File does not exist.
#  File has not been updated.
#  recipe to execute (from 'Makefile', line 127):
	@$(CMAKE_COMMAND) -E cmake_echo_color --switch=$(COLOR) --cyan "Installing only the local directory..."
	/usr/bin/cmake -DCMAKE_INSTALL_LOCAL_ONLY=1 -P cmake_install.cmake

.PHONY: default_target cmake_force test test/fast edit_cache edit_cache/fast rebuild_cache rebuild_cache/fast list_install_components list_install_components/fast install install/fast install/local install/local/fast install/strip install/strip/fast all clean clean/fast preinstall preinstall/fast depend Experimental Experimental/fast Nightly Nightly/fast Continuous Continuous/fast NightlyMemoryCheck NightlyMemoryCheck/fast NightlyStart NightlyStart/fast NightlyUpdate NightlyUpdate/fast NightlyConfigure NightlyConfigure/fast NightlyBuild NightlyBuild/fast NightlyTest NightlyTest/fast NightlyCoverage NightlyCoverage/fast NightlyMemCheck NightlyMemCheck/fast NightlySubmit NightlySubmit/fast ExperimentalStart ExperimentalStart/fast ExperimentalUpdate ExperimentalUpdate/fast ExperimentalConfigure ExperimentalConfigure/fast ExperimentalBuild ExperimentalBuild/fast ExperimentalTest ExperimentalTest/fast ExperimentalCoverage ExperimentalCoverage/fast ExperimentalMemCheck ExperimentalMemCheck/fast ExperimentalSubmit ExperimentalSubmit/fast ContinuousStart ContinuousStart/fast ContinuousUpdate ContinuousUpdate/fast ContinuousConfigure ContinuousConfigure/fast ContinuousBuild ContinuousBuild/fast ContinuousTest ContinuousTest/fast ContinuousCoverage ContinuousCoverage/fast ContinuousMemCheck ContinuousMemCheck/fast ContinuousSubmit ContinuousSubmit/fast lv_drivers lv_drivers/fast lvgl lvgl/fast lvgl_examples lvgl_examples/fast lvgl_demos lvgl_demos/fast SSGC SSGC/fast Catch2 Catch2/fast Catch2WithMain Catch2WithMain/fast tests tests/fast help cmake_check_build_system
#  Implicit rule search has not been done.
#  Modification time never checked.
#  File has not been updated.

ExperimentalTest: cmake_check_build_system
#  Phony target (prerequisite of .PHONY).
#  Implicit rule search has not been done.
#  File does not exist.
#  File has not been updated.
#  recipe to execute (from 'Makefile', line 387):
	$(MAKE) $(MAKESILENT) -f CMakeFiles/Makefile2 ExperimentalTest

ExperimentalBuild: cmake_check_build_system
#  Phony target (prerequisite of .PHONY).
#  Implicit rule search has not been done.
#  File does not exist.
#  File has not been updated.
#  recipe to execute (from 'Makefile', line 374):
	$(MAKE) $(MAKESILENT) -f CMakeFiles/Makefile2 ExperimentalBuild

lvgl_examples: cmake_check_build_system
#  Phony target (prerequisite of .PHONY).
#  Implicit rule search has not been done.
#  File does not exist.
#  File has not been updated.
#  recipe to execute (from 'Makefile', line 569):
	$(MAKE) $(MAKESILENT) -f CMakeFiles/Makefile2 lvgl_examples

ExperimentalCoverage/fast:
#  Phony target (prerequisite of .PHONY).
#  Implicit rule search has not been done.
#  File does not exist.
#  File has not been updated.
#  recipe to execute (from 'Makefile', line 405):
	$(MAKE) $(MAKESILENT) -f CMakeFiles/ExperimentalCoverage.dir/build.make CMakeFiles/ExperimentalCoverage.dir/build

ContinuousMemCheck: cmake_check_build_system
#  Phony target (prerequisite of .PHONY).
#  Implicit rule search has not been done.
#  File does not exist.
#  File has not been updated.
#  recipe to execute (from 'Makefile', line 517):
	$(MAKE) $(MAKESILENT) -f CMakeFiles/Makefile2 ContinuousMemCheck

ExperimentalSubmit: cmake_check_build_system
#  Phony target (prerequisite of .PHONY).
#  Implicit rule search has not been done.
#  File does not exist.
#  File has not been updated.
#  recipe to execute (from 'Makefile', line 426):
	$(MAKE) $(MAKESILENT) -f CMakeFiles/Makefile2 ExperimentalSubmit

ContinuousBuild/fast:
#  Phony target (prerequisite of .PHONY).
#  Implicit rule search has not been done.
#  File does not exist.
#  File has not been updated.
#  recipe to execute (from 'Makefile', line 483):
	$(MAKE) $(MAKESILENT) -f CMakeFiles/ContinuousBuild.dir/build.make CMakeFiles/ContinuousBuild.dir/build

NightlyMemCheck/fast:
#  Phony target (prerequisite of .PHONY).
#  Implicit rule search has not been done.
#  File does not exist.
#  File has not been updated.
#  recipe to execute (from 'Makefile', line 314):
	$(MAKE) $(MAKESILENT) -f CMakeFiles/NightlyMemCheck.dir/build.make CMakeFiles/NightlyMemCheck.dir/build

install/strip: preinstall
#  Phony target (prerequisite of .PHONY).
#  Implicit rule search has not been done.
#  File does not exist.
#  File has not been updated.
#  recipe to execute (from 'Makefile', line 133):
	@$(CMAKE_COMMAND) -E cmake_echo_color --switch=$(COLOR) --cyan "Installing the project stripped..."
	/usr/bin/cmake -DCMAKE_INSTALL_DO_STRIP=1 -P cmake_install.cmake

ContinuousStart/fast:
#  Phony target (prerequisite of .PHONY).
#  Implicit rule search has not been done.
#  File does not exist.
#  File has not been updated.
#  recipe to execute (from 'Makefile', line 444):
 
	$(MAKE) $(MAKESILENT) -f CMakeFiles/ContinuousStart.dir/build.make CMakeFiles/ContinuousStart.dir/build

# files hash-table stats:
# Load=103/1024=10%, Rehash=0, Collisions=6/362=2%
# VPATH Search Paths

# No 'vpath' search paths.

# No general ('VPATH' variable) search path.

# strcache buffers: 1 (0) / strings = 148 / storage = 2137 B / avg = 14 B
# current buf: size = 8162 B / used = 2137 B / count = 148 / avg = 14 B

# strcache performance: lookups = 600 / hit rate = 75%
# hash-table stats:
# Load=148/8192=2%, Rehash=0, Collisions=0/600=0%
# Finished Make data base on Mon Mar 21 14:21:08 2022

 
