This file contains any messages produced by compilers while
running configure, to aid debugging if configure makes a mistake.

It was created by gsl configure 2.7, which was
generated by GNU Autoconf 2.71.  Invocation command line was

  $ ./configure --prefix=/Users/julianalvarez/Documents/VSCODE/Smart_Symbolic_Graphing_Calculator/tools/macos

## --------- ##
## Platform. ##
## --------- ##

hostname = Julians-MacBook-Pro.local
uname -m = x86_64
uname -r = 20.2.0
uname -s = Darwin
uname -v = Darwin Kernel Version 20.2.0: Wed Dec  2 20:39:59 PST 2020; root:xnu-7195.60.75~1/RELEASE_X86_64

/usr/bin/uname -p = i386
/bin/uname -X     = unknown

/bin/arch              = unknown
/usr/bin/arch -k       = unknown
/usr/convex/getsysinfo = unknown
/usr/bin/hostinfo      = Mach kernel version:
	 Darwin Kernel Version 20.2.0: Wed Dec  2 20:39:59 PST 2020; root:xnu-7195.60.75~1/RELEASE_X86_64
Kernel configured for up to 4 processors.
2 processors are physically available.
4 processors are logically available.
Processor type: x86_64h (Intel x86-64h Haswell)
Processors active: 0 1 2 3
Primary memory available: 8.00 gigabytes
Default processor set: 515 tasks, 2606 threads, 4 processors
Load average: 4.33, Mach factor: 1.53
/bin/machine           = unknown
/usr/bin/oslevel       = unknown
/bin/universe          = unknown

PATH: /Users/julianalvarez/.cabal/bin/
PATH: /Users/julianalvarez/.ghcup/bin/
PATH: /Users/julianalvarez/.cargo/bin/
PATH: /usr/local/bin/
PATH: /usr/bin/
PATH: /bin/
PATH: /usr/sbin/
PATH: /sbin/
PATH: /Users/julianalvarez/.ghcup/env/
PATH: /Library/TeX/texbin/
PATH: /opt/X11/bin/
PATH: /Library/Apple/usr/bin/
PATH: /Applications/Wireshark.app/Contents/MacOS/
PATH: /Users/julianalvarez/.cabal/bin/
PATH: /Users/julianalvarez/.ghcup/bin/
PATH: /Users/julianalvarez/.cargo/bin/
PATH: /Applications/Julia-1.6.app/Contents/Resources/julia/bin/
PATH: /Applications/Julia-1.6.app/Contents/Resources/julia/bin/


## ----------- ##
## Core tests. ##
## ----------- ##

configure:2579: looking for aux files: ltmain.sh compile config.guess config.sub missing install-sh
configure:2592:  trying ./
configure:2621:   ./ltmain.sh found
configure:2621:   ./compile found
configure:2621:   ./config.guess found
configure:2621:   ./config.sub found
configure:2621:   ./missing found
configure:2603:   ./install-sh found
configure:2752: checking for a BSD-compatible install
configure:2825: result: /usr/bin/install -c
configure:2836: checking whether build environment is sane
configure:2891: result: yes
configure:3050: checking for a race-free mkdir -p
configure:3094: result: ./install-sh -c -d
configure:3101: checking for gawk
configure:3136: result: no
configure:3101: checking for mawk
configure:3136: result: no
configure:3101: checking for nawk
configure:3136: result: no
configure:3101: checking for awk
configure:3122: found /usr/bin/awk
configure:3133: result: awk
configure:3144: checking whether make sets $(MAKE)
configure:3167: result: yes
configure:3197: checking whether make supports nested variables
configure:3215: result: yes
configure:3340: checking whether to enable maintainer-specific portions of Makefiles
configure:3350: result: no
configure:3388: checking for a sed that does not truncate output
configure:3458: result: /usr/bin/sed
configure:3470: checking whether make sets $(MAKE)
configure:3493: result: yes
configure:3509: checking build system type
configure:3524: result: x86_64-apple-darwin20.2.0
configure:3544: checking host system type
configure:3558: result: x86_64-apple-darwin20.2.0
configure:3647: checking for gcc
configure:3668: found /usr/bin/gcc
configure:3679: result: gcc
configure:4032: checking for C compiler version
configure:4041: gcc --version >&5
Apple clang version 12.0.5 (clang-1205.0.22.11)
Target: x86_64-apple-darwin20.2.0
Thread model: posix
InstalledDir: /Applications/Xcode.app/Contents/Developer/Toolchains/XcodeDefault.xctoolchain/usr/bin
Configured with: --prefix=/Applications/Xcode.app/Contents/Developer/usr --with-gxx-include-dir=/Library/Developer/CommandLineTools/SDKs/MacOSX.sdk/usr/include/c++/4.2.1
configure:4052: $? = 0
configure:4041: gcc -v >&5
Configured with: --prefix=/Applications/Xcode.app/Contents/Developer/usr --with-gxx-include-dir=/Library/Developer/CommandLineTools/SDKs/MacOSX.sdk/usr/include/c++/4.2.1
Apple clang version 12.0.5 (clang-1205.0.22.11)
Target: x86_64-apple-darwin20.2.0
Thread model: posix
InstalledDir: /Applications/Xcode.app/Contents/Developer/Toolchains/XcodeDefault.xctoolchain/usr/bin
configure:4052: $? = 0
configure:4041: gcc -V >&5
clang: error: argument to '-V' is missing (expected 1 value)
clang: error: no input files
configure:4052: $? = 1
configure:4041: gcc -qversion >&5
clang: error: unknown argument '-qversion'; did you mean '--version'?
clang: error: no input files
configure:4052: $? = 1
configure:4041: gcc -version >&5
clang: error: unknown argument '-version'; did you mean '--version'?
clang: error: no input files
configure:4052: $? = 1
configure:4072: checking whether the C compiler works
configure:4094: gcc    conftest.c  >&5
configure:4098: $? = 0
configure:4148: result: yes
configure:4151: checking for C compiler default output file name
configure:4153: result: a.out
configure:4159: checking for suffix of executables
configure:4166: gcc -o conftest    conftest.c  >&5
configure:4170: $? = 0
configure:4193: result: 
configure:4215: checking whether we are cross compiling
configure:4223: gcc -o conftest    conftest.c  >&5
configure:4227: $? = 0
configure:4234: ./conftest
configure:4238: $? = 0
configure:4253: result: no
configure:4258: checking for suffix of object files
configure:4281: gcc -c   conftest.c >&5
configure:4285: $? = 0
configure:4307: result: o
configure:4311: checking whether the compiler supports GNU C
configure:4331: gcc -c   conftest.c >&5
configure:4331: $? = 0
configure:4341: result: yes
configure:4352: checking whether gcc accepts -g
configure:4373: gcc -c -g  conftest.c >&5
configure:4373: $? = 0
configure:4417: result: yes
configure:4437: checking for gcc option to enable C11 features
configure:4452: gcc  -c -g -O2  conftest.c >&5
configure:4452: $? = 0
configure:4470: result: none needed
configure:4586: checking whether gcc understands -c and -o together
configure:4609: gcc -c conftest.c -o conftest2.o
configure:4612: $? = 0
configure:4609: gcc -c conftest.c -o conftest2.o
configure:4612: $? = 0
configure:4624: result: yes
configure:4644: checking whether make supports the include directive
configure:4659: make -f confmf.GNU && cat confinc.out
this is the am__doit target
configure:4662: $? = 0
configure:4681: result: yes (GNU style)
configure:4707: checking dependency style of gcc
configure:4819: result: gcc3
configure:4839: checking how to run the C preprocessor
configure:4865: gcc -E  conftest.c
configure:4865: $? = 0
configure:4880: gcc -E  conftest.c
conftest.c:12:10: fatal error: 'ac_nonexistent.h' file not found
#include <ac_nonexistent.h>
         ^~~~~~~~~~~~~~~~~~
1 error generated.
configure:4880: $? = 1
configure: failed program was:
| /* confdefs.h */
| #define PACKAGE_NAME "gsl"
| #define PACKAGE_TARNAME "gsl"
| #define PACKAGE_VERSION "2.7"
| #define PACKAGE_STRING "gsl 2.7"
| #define PACKAGE_BUGREPORT ""
| #define PACKAGE_URL ""
| #define PACKAGE "gsl"
| #define VERSION "2.7"
| #define RELEASED /**/
| /* end confdefs.h.  */
| #include <ac_nonexistent.h>
configure:4907: result: gcc -E
configure:4921: gcc -E  conftest.c
configure:4921: $? = 0
configure:4936: gcc -E  conftest.c
conftest.c:12:10: fatal error: 'ac_nonexistent.h' file not found
#include <ac_nonexistent.h>
         ^~~~~~~~~~~~~~~~~~
1 error generated.
configure:4936: $? = 1
configure: failed program was:
| /* confdefs.h */
| #define PACKAGE_NAME "gsl"
| #define PACKAGE_TARNAME "gsl"
| #define PACKAGE_VERSION "2.7"
| #define PACKAGE_STRING "gsl 2.7"
| #define PACKAGE_BUGREPORT ""
| #define PACKAGE_URL ""
| #define PACKAGE "gsl"
| #define VERSION "2.7"
| #define RELEASED /**/
| /* end confdefs.h.  */
| #include <ac_nonexistent.h>
configure:4967: checking whether ln -s works
configure:4971: result: yes
configure:5025: checking how to print strings
configure:5052: result: printf
configure:5073: checking for a sed that does not truncate output
configure:5143: result: /usr/bin/sed
configure:5161: checking for grep that handles long lines and -e
configure:5225: result: /usr/bin/grep
configure:5230: checking for egrep
configure:5298: result: /usr/bin/grep -E
configure:5303: checking for fgrep
configure:5371: result: /usr/bin/grep -F
configure:5407: checking for ld used by gcc
configure:5475: result: /Applications/Xcode.app/Contents/Developer/Toolchains/XcodeDefault.xctoolchain/usr/bin/ld
configure:5482: checking if the linker (/Applications/Xcode.app/Contents/Developer/Toolchains/XcodeDefault.xctoolchain/usr/bin/ld) is GNU ld
configure:5498: result: no
configure:5510: checking for BSD- or MS-compatible name lister (nm)
configure:5565: result: /usr/bin/nm -B
configure:5705: checking the name lister (/usr/bin/nm -B) interface
configure:5713: gcc -c -g -O2  conftest.c >&5
configure:5716: /usr/bin/nm -B "conftest.o"
configure:5719: output
000000000000025c S _some_variable
configure:5726: result: BSD nm
configure:5730: checking the maximum length of command line arguments
configure:5862: result: 786432
configure:5910: checking how to convert x86_64-apple-darwin20.2.0 file names to x86_64-apple-darwin20.2.0 format
configure:5951: result: func_convert_file_noop
configure:5958: checking how to convert x86_64-apple-darwin20.2.0 file names to toolchain format
configure:5979: result: func_convert_file_noop
configure:5986: checking for /Applications/Xcode.app/Contents/Developer/Toolchains/XcodeDefault.xctoolchain/usr/bin/ld option to reload object files
configure:5994: result: -r
configure:6073: checking for objdump
configure:6094: found /usr/bin/objdump
configure:6105: result: objdump
configure:6134: checking how to recognize dependent libraries
configure:6335: result: pass_all
configure:6425: checking for dlltool
configure:6460: result: no
configure:6487: checking how to associate runtime and link libraries
configure:6515: result: printf %s\n
configure:6581: checking for ar
configure:6602: found /usr/bin/ar
configure:6613: result: ar
configure:6650: checking for archiver @FILE support
configure:6668: gcc -c -g -O2  conftest.c >&5
configure:6668: $? = 0
configure:6672: ar cru libconftest.a @conftest.lst >&5
ar: @conftest.lst: No such file or directory
configure:6675: $? = 1
configure:6695: result: no
configure:6758: checking for strip
configure:6779: found /usr/bin/strip
configure:6790: result: strip
configure:6867: checking for ranlib
configure:6888: found /usr/bin/ranlib
configure:6899: result: ranlib
configure:7001: checking command to parse /usr/bin/nm -B output from gcc object
configure:7155: gcc -c -g -O2  conftest.c >&5
configure:7158: $? = 0
configure:7162: /usr/bin/nm -B conftest.o \| sed -n -e 's/^.*[ ]\([BCDEGRST][BCDEGRST]*\)[ ][ ]*\([_A-Za-z][_A-Za-z0-9]*\)$/\1 \2 \2/p' | sed '/ __gnu_lto/d' \> conftest.nm
configure:7165: $? = 0
cannot find nm_test_var in conftest.nm
configure:7155: gcc -c -g -O2  conftest.c >&5
configure:7158: $? = 0
configure:7162: /usr/bin/nm -B conftest.o \| sed -n -e 's/^.*[ ]\([BCDEGRST][BCDEGRST]*\)[ ][ ]*_\([_A-Za-z][_A-Za-z0-9]*\)$/\1 _\2 \2/p' | sed '/ __gnu_lto/d' \> conftest.nm
configure:7165: $? = 0
configure:7231: gcc -o conftest -g -O2   conftest.c conftstm.o >&5
warning: (x86_64)  could not find object file symbol for symbol _main
configure:7234: $? = 0
configure:7272: result: ok
configure:7319: checking for sysroot
configure:7350: result: no
configure:7357: checking for a working dd
configure:7401: result: /bin/dd
configure:7405: checking how to truncate binary pipes
configure:7421: result: /bin/dd bs=4096 count=1
configure:7758: checking for mt
configure:7793: result: no
configure:7813: checking if : is a manifest tool
configure:7820: : '-?'
configure:7828: result: no
configure:7889: checking for dsymutil
configure:7910: found /usr/bin/dsymutil
configure:7921: result: dsymutil
configure:7991: checking for nmedit
configure:8012: found /usr/bin/nmedit
configure:8023: result: nmedit
configure:8093: checking for lipo
configure:8114: found /usr/bin/lipo
configure:8125: result: lipo
configure:8195: checking for otool
configure:8216: found /usr/bin/otool
configure:8227: result: otool
configure:8297: checking for otool64
configure:8332: result: no
configure:8377: checking for -single_module linker flag
gcc -g -O2  -o libconftest.dylib -dynamiclib -Wl,-single_module conftest.c
configure:8411: result: yes
configure:8414: checking for -exported_symbols_list linker flag
configure:8435: gcc -o conftest -g -O2   -Wl,-exported_symbols_list,conftest.sym conftest.c  >&5
configure:8435: $? = 0
configure:8446: result: yes
configure:8449: checking for -force_load linker flag
gcc -g -O2 -c -o conftest.o conftest.c
ar cru libconftest.a conftest.o
ranlib libconftest.a
gcc -g -O2  -o conftest conftest.c -Wl,-force_load,./libconftest.a
configure:8482: result: yes
configure:8558: checking for stdio.h
configure:8558: gcc -c -g -O2  conftest.c >&5
configure:8558: $? = 0
configure:8558: result: yes
configure:8558: checking for stdlib.h
configure:8558: gcc -c -g -O2  conftest.c >&5
configure:8558: $? = 0
configure:8558: result: yes
configure:8558: checking for string.h
configure:8558: gcc -c -g -O2  conftest.c >&5
configure:8558: $? = 0
configure:8558: result: yes
configure:8558: checking for inttypes.h
configure:8558: gcc -c -g -O2  conftest.c >&5
configure:8558: $? = 0
configure:8558: result: yes
configure:8558: checking for stdint.h
configure:8558: gcc -c -g -O2  conftest.c >&5
configure:8558: $? = 0
configure:8558: result: yes
configure:8558: checking for strings.h
configure:8558: gcc -c -g -O2  conftest.c >&5
configure:8558: $? = 0
configure:8558: result: yes
configure:8558: checking for sys/stat.h
configure:8558: gcc -c -g -O2  conftest.c >&5
configure:8558: $? = 0
configure:8558: result: yes
configure:8558: checking for sys/types.h
configure:8558: gcc -c -g -O2  conftest.c >&5
configure:8558: $? = 0
configure:8558: result: yes
configure:8558: checking for unistd.h
configure:8558: gcc -c -g -O2  conftest.c >&5
configure:8558: $? = 0
configure:8558: result: yes
configure:8583: checking for dlfcn.h
configure:8583: gcc -c -g -O2  conftest.c >&5
configure:8583: $? = 0
configure:8583: result: yes
configure:9170: checking for objdir
configure:9186: result: .libs
configure:9446: checking if gcc supports -fno-rtti -fno-exceptions
configure:9465: gcc -c -g -O2  -fno-rtti -fno-exceptions conftest.c >&5
configure:9469: $? = 0
configure:9482: result: yes
configure:9840: checking for gcc option to produce PIC
configure:9848: result: -fno-common -DPIC
configure:9856: checking if gcc PIC flag -fno-common -DPIC works
configure:9875: gcc -c -g -O2  -fno-common -DPIC -DPIC conftest.c >&5
configure:9879: $? = 0
configure:9892: result: yes
configure:9921: checking if gcc static flag -static works
configure:9950: result: no
configure:9965: checking if gcc supports -c -o file.o
configure:9987: gcc -c -g -O2  -o out/conftest2.o conftest.c >&5
configure:9991: $? = 0
configure:10013: result: yes
configure:10021: checking if gcc supports -c -o file.o
configure:10069: result: yes
configure:10102: checking whether the gcc linker (/Applications/Xcode.app/Contents/Developer/Toolchains/XcodeDefault.xctoolchain/usr/bin/ld) supports shared libraries
configure:11368: result: yes
configure:11609: checking dynamic linker characteristics
configure:12430: result: darwin20.2.0 dyld
configure:12552: checking how to hardcode library paths into programs
configure:12577: result: immediate
configure:13129: checking whether stripping libraries is possible
configure:13143: result: yes
configure:13169: checking if libtool supports shared libraries
configure:13171: result: yes
configure:13174: checking whether to build shared libraries
configure:13199: result: yes
configure:13202: checking whether to build static libraries
configure:13206: result: yes
configure:13244: checking for size_t
configure:13244: gcc -c -g -O2  conftest.c >&5
configure:13244: $? = 0
configure:13244: gcc -c -g -O2  conftest.c >&5
conftest.c:55:21: error: expected expression
if (sizeof ((size_t)))
                    ^
1 error generated.
configure:13244: $? = 1
configure: failed program was:
| /* confdefs.h */
| #define PACKAGE_NAME "gsl"
| #define PACKAGE_TARNAME "gsl"
| #define PACKAGE_VERSION "2.7"
| #define PACKAGE_STRING "gsl 2.7"
| #define PACKAGE_BUGREPORT ""
| #define PACKAGE_URL ""
| #define PACKAGE "gsl"
| #define VERSION "2.7"
| #define RELEASED /**/
| #define HAVE_STDIO_H 1
| #define HAVE_STDLIB_H 1
| #define HAVE_STRING_H 1
| #define HAVE_INTTYPES_H 1
| #define HAVE_STDINT_H 1
| #define HAVE_STRINGS_H 1
| #define HAVE_SYS_STAT_H 1
| #define HAVE_SYS_TYPES_H 1
| #define HAVE_UNISTD_H 1
| #define STDC_HEADERS 1
| #define HAVE_DLFCN_H 1
| #define LT_OBJDIR ".libs/"
| /* end confdefs.h.  */
| #include <stddef.h>
| #ifdef HAVE_STDIO_H
| # include <stdio.h>
| #endif
| #ifdef HAVE_STDLIB_H
| # include <stdlib.h>
| #endif
| #ifdef HAVE_STRING_H
| # include <string.h>
| #endif
| #ifdef HAVE_INTTYPES_H
| # include <inttypes.h>
| #endif
| #ifdef HAVE_STDINT_H
| # include <stdint.h>
| #endif
| #ifdef HAVE_STRINGS_H
| # include <strings.h>
| #endif
| #ifdef HAVE_SYS_TYPES_H
| # include <sys/types.h>
| #endif
| #ifdef HAVE_SYS_STAT_H
| # include <sys/stat.h>
| #endif
| #ifdef HAVE_UNISTD_H
| # include <unistd.h>
| #endif
| int
| main (void)
| {
| if (sizeof ((size_t)))
| 	    return 0;
|   ;
|   return 0;
| }
configure:13244: result: yes
configure:13254: checking for working volatile
configure:13274: gcc -c -g -O2  conftest.c >&5
configure:13274: $? = 0
configure:13282: result: yes
configure:13290: checking for inline
configure:13307: gcc -c -g -O2  conftest.c >&5
configure:13307: $? = 0
configure:13316: result: inline
configure:13334: checking whether char is unsigned
configure:13354: gcc -c -g -O2  conftest.c >&5
configure:13354: $? = 0
configure:13362: result: no
configure:13511: checking for GNU-style extern inline
configure:13531: gcc -c -g -O2  conftest.c >&5
conftest.c:26:11: error: redefinition of a 'extern inline' function 'foo' is not supported in C99 mode
   double foo (double x) { return x + 1.0 ; };
          ^
conftest.c:25:25: note: previous definition is here
   extern inline double foo(double x) { return x + 1.0 ; } ;
                        ^
1 error generated.
configure:13531: $? = 1
configure: failed program was:
| /* confdefs.h */
| #define PACKAGE_NAME "gsl"
| #define PACKAGE_TARNAME "gsl"
| #define PACKAGE_VERSION "2.7"
| #define PACKAGE_STRING "gsl 2.7"
| #define PACKAGE_BUGREPORT ""
| #define PACKAGE_URL ""
| #define PACKAGE "gsl"
| #define VERSION "2.7"
| #define RELEASED /**/
| #define HAVE_STDIO_H 1
| #define HAVE_STDLIB_H 1
| #define HAVE_STRING_H 1
| #define HAVE_INTTYPES_H 1
| #define HAVE_STDINT_H 1
| #define HAVE_STRINGS_H 1
| #define HAVE_SYS_STAT_H 1
| #define HAVE_SYS_TYPES_H 1
| #define HAVE_UNISTD_H 1
| #define STDC_HEADERS 1
| #define HAVE_DLFCN_H 1
| #define LT_OBJDIR ".libs/"
| /* end confdefs.h.  */
| extern inline double foo(double x);
|    extern inline double foo(double x) { return x + 1.0 ; } ;
|    double foo (double x) { return x + 1.0 ; };
| int
| main (void)
| {
|   foo(1.0)
|   ;
|   return 0;
| }
configure:13538: result: no
configure:13546: checking for C99-style inline
configure:13564: gcc -c -g -O2  conftest.c >&5
configure:13564: $? = 0
configure:13581: gcc -c -g -O2  conftest.c >&5
configure:13581: $? = 0
configure:13591: result: yes
configure:13604: checking for ieeefp.h
configure:13604: gcc -c -g -O2  conftest.c >&5
conftest.c:54:10: fatal error: 'ieeefp.h' file not found
#include <ieeefp.h>
         ^~~~~~~~~~
1 error generated.
configure:13604: $? = 1
configure: failed program was:
| /* confdefs.h */
| #define PACKAGE_NAME "gsl"
| #define PACKAGE_TARNAME "gsl"
| #define PACKAGE_VERSION "2.7"
| #define PACKAGE_STRING "gsl 2.7"
| #define PACKAGE_BUGREPORT ""
| #define PACKAGE_URL ""
| #define PACKAGE "gsl"
| #define VERSION "2.7"
| #define RELEASED /**/
| #define HAVE_STDIO_H 1
| #define HAVE_STDLIB_H 1
| #define HAVE_STRING_H 1
| #define HAVE_INTTYPES_H 1
| #define HAVE_STDINT_H 1
| #define HAVE_STRINGS_H 1
| #define HAVE_SYS_STAT_H 1
| #define HAVE_SYS_TYPES_H 1
| #define HAVE_UNISTD_H 1
| #define STDC_HEADERS 1
| #define HAVE_DLFCN_H 1
| #define LT_OBJDIR ".libs/"
| #define HAVE_INLINE 1
| #define HAVE_C99_INLINE 1
| /* end confdefs.h.  */
| #include <stddef.h>
| #ifdef HAVE_STDIO_H
| # include <stdio.h>
| #endif
| #ifdef HAVE_STDLIB_H
| # include <stdlib.h>
| #endif
| #ifdef HAVE_STRING_H
| # include <string.h>
| #endif
| #ifdef HAVE_INTTYPES_H
| # include <inttypes.h>
| #endif
| #ifdef HAVE_STDINT_H
| # include <stdint.h>
| #endif
| #ifdef HAVE_STRINGS_H
| # include <strings.h>
| #endif
| #ifdef HAVE_SYS_TYPES_H
| # include <sys/types.h>
| #endif
| #ifdef HAVE_SYS_STAT_H
| # include <sys/stat.h>
| #endif
| #ifdef HAVE_UNISTD_H
| # include <unistd.h>
| #endif
| #include <ieeefp.h>
configure:13604: result: no
configure:13611: checking for complex.h
configure:13611: gcc -c -g -O2  conftest.c >&5
configure:13611: $? = 0
configure:13611: result: yes
configure:13639: checking for vprintf
configure:13639: gcc -o conftest -g -O2   conftest.c  >&5
conftest.c:43:6: warning: incompatible redeclaration of library function 'vprintf' [-Wincompatible-library-redeclaration]
char vprintf ();
     ^
conftest.c:43:6: note: 'vprintf' is a builtin with type 'int (const char *, struct __va_list_tag *)'
1 warning generated.
configure:13639: $? = 0
configure:13639: result: yes
configure:13661: checking for memcpy
configure:13661: gcc -o conftest -g -O2   conftest.c  >&5
conftest.c:44:6: warning: incompatible redeclaration of library function 'memcpy' [-Wincompatible-library-redeclaration]
char memcpy ();
     ^
conftest.c:44:6: note: 'memcpy' is a builtin with type 'void *(void *, const void *, unsigned long)'
1 warning generated.
configure:13661: $? = 0
configure:13661: result: yes
configure:13674: checking for memmove
configure:13674: gcc -o conftest -g -O2   conftest.c  >&5
conftest.c:45:6: warning: incompatible redeclaration of library function 'memmove' [-Wincompatible-library-redeclaration]
char memmove ();
     ^
conftest.c:45:6: note: 'memmove' is a builtin with type 'void *(void *, const void *, unsigned long)'
1 warning generated.
configure:13674: $? = 0
configure:13674: result: yes
configure:13687: checking for strdup
configure:13687: gcc -o conftest -g -O2   conftest.c  >&5
conftest.c:46:6: warning: incompatible redeclaration of library function 'strdup' [-Wincompatible-library-redeclaration]
char strdup ();
     ^
conftest.c:46:6: note: 'strdup' is a builtin with type 'char *(const char *)'
1 warning generated.
configure:13687: $? = 0
configure:13687: result: yes
configure:13700: checking for strtol
configure:13700: gcc -o conftest -g -O2   conftest.c  >&5
conftest.c:47:6: warning: incompatible redeclaration of library function 'strtol' [-Wincompatible-library-redeclaration]
char strtol ();
     ^
conftest.c:47:6: note: 'strtol' is a builtin with type 'long (const char *, char **, int)'
1 warning generated.
configure:13700: $? = 0
configure:13700: result: yes
configure:13713: checking for strtoul
configure:13713: gcc -o conftest -g -O2   conftest.c  >&5
conftest.c:48:6: warning: incompatible redeclaration of library function 'strtoul' [-Wincompatible-library-redeclaration]
char strtoul ();
     ^
conftest.c:48:6: note: 'strtoul' is a builtin with type 'unsigned long (const char *, char **, int)'
1 warning generated.
configure:13713: $? = 0
configure:13713: result: yes
configure:13728: checking for EXIT_SUCCESS and EXIT_FAILURE
configure:13755: result: yes
configure:13766: checking for cos in -lm
configure:13789: gcc -o conftest -g -O2   conftest.c -lm   >&5
conftest.c:38:6: warning: incompatible redeclaration of library function 'cos' [-Wincompatible-library-redeclaration]
char cos ();
     ^
conftest.c:38:6: note: 'cos' is a builtin with type 'double (double)'
1 warning generated.
configure:13789: $? = 0
configure:13799: result: yes
configure:13811: checking for gcc options needed to detect all undeclared functions
configure:13833: gcc -c -g -O2   conftest.c >&5
conftest.c:39:8: error: implicitly declaring library function 'strchr' with type 'char *(const char *, int)' [-Werror,-Wimplicit-function-declaration]
(void) strchr;
       ^
conftest.c:39:8: note: include the header <string.h> or explicitly provide a declaration for 'strchr'
1 error generated.
configure:13833: $? = 1
configure: failed program was:
| /* confdefs.h */
| #define PACKAGE_NAME "gsl"
| #define PACKAGE_TARNAME "gsl"
| #define PACKAGE_VERSION "2.7"
| #define PACKAGE_STRING "gsl 2.7"
| #define PACKAGE_BUGREPORT ""
| #define PACKAGE_URL ""
| #define PACKAGE "gsl"
| #define VERSION "2.7"
| #define RELEASED /**/
| #define HAVE_STDIO_H 1
| #define HAVE_STDLIB_H 1
| #define HAVE_STRING_H 1
| #define HAVE_INTTYPES_H 1
| #define HAVE_STDINT_H 1
| #define HAVE_STRINGS_H 1
| #define HAVE_SYS_STAT_H 1
| #define HAVE_SYS_TYPES_H 1
| #define HAVE_UNISTD_H 1
| #define STDC_HEADERS 1
| #define HAVE_DLFCN_H 1
| #define LT_OBJDIR ".libs/"
| #define HAVE_INLINE 1
| #define HAVE_C99_INLINE 1
| #define HAVE_COMPLEX_H 1
| #define HAVE_VPRINTF 1
| #define HAVE_MEMCPY 1
| #define HAVE_MEMMOVE 1
| #define HAVE_STRDUP 1
| #define HAVE_STRTOL 1
| #define HAVE_STRTOUL 1
| #define HAVE_EXIT_SUCCESS_AND_FAILURE 1
| #define HAVE_LIBM 1
| /* end confdefs.h.  */
| 
| int
| main (void)
| {
| (void) strchr;
|   ;
|   return 0;
| }
configure:13860: gcc -c -g -O2   conftest.c >&5
configure:13860: $? = 0
configure:13877: result: none needed
configure:13891: checking whether feenableexcept is declared
configure:13891: gcc -c -g -O2   conftest.c >&5
conftest.c:45:10: error: use of undeclared identifier 'feenableexcept'
  (void) feenableexcept;
         ^
1 error generated.
configure:13891: $? = 1
configure: failed program was:
| /* confdefs.h */
| #define PACKAGE_NAME "gsl"
| #define PACKAGE_TARNAME "gsl"
| #define PACKAGE_VERSION "2.7"
| #define PACKAGE_STRING "gsl 2.7"
| #define PACKAGE_BUGREPORT ""
| #define PACKAGE_URL ""
| #define PACKAGE "gsl"
| #define VERSION "2.7"
| #define RELEASED /**/
| #define HAVE_STDIO_H 1
| #define HAVE_STDLIB_H 1
| #define HAVE_STRING_H 1
| #define HAVE_INTTYPES_H 1
| #define HAVE_STDINT_H 1
| #define HAVE_STRINGS_H 1
| #define HAVE_SYS_STAT_H 1
| #define HAVE_SYS_TYPES_H 1
| #define HAVE_UNISTD_H 1
| #define STDC_HEADERS 1
| #define HAVE_DLFCN_H 1
| #define LT_OBJDIR ".libs/"
| #define HAVE_INLINE 1
| #define HAVE_C99_INLINE 1
| #define HAVE_COMPLEX_H 1
| #define HAVE_VPRINTF 1
| #define HAVE_MEMCPY 1
| #define HAVE_MEMMOVE 1
| #define HAVE_STRDUP 1
| #define HAVE_STRTOL 1
| #define HAVE_STRTOUL 1
| #define HAVE_EXIT_SUCCESS_AND_FAILURE 1
| #define HAVE_LIBM 1
| /* end confdefs.h.  */
| #define _GNU_SOURCE 1
| #include <fenv.h>
| 
| int
| main (void)
| {
| #ifndef feenableexcept
| #ifdef __cplusplus
|   (void) feenableexcept;
| #else
|   (void) feenableexcept;
| #endif
| #endif
| 
|   ;
|   return 0;
| }
configure:13891: result: no
configure:13902: checking whether fesettrapenable is declared
configure:13902: gcc -c -g -O2   conftest.c >&5
conftest.c:46:10: error: use of undeclared identifier 'fesettrapenable'
  (void) fesettrapenable;
         ^
1 error generated.
configure:13902: $? = 1
configure: failed program was:
| /* confdefs.h */
| #define PACKAGE_NAME "gsl"
| #define PACKAGE_TARNAME "gsl"
| #define PACKAGE_VERSION "2.7"
| #define PACKAGE_STRING "gsl 2.7"
| #define PACKAGE_BUGREPORT ""
| #define PACKAGE_URL ""
| #define PACKAGE "gsl"
| #define VERSION "2.7"
| #define RELEASED /**/
| #define HAVE_STDIO_H 1
| #define HAVE_STDLIB_H 1
| #define HAVE_STRING_H 1
| #define HAVE_INTTYPES_H 1
| #define HAVE_STDINT_H 1
| #define HAVE_STRINGS_H 1
| #define HAVE_SYS_STAT_H 1
| #define HAVE_SYS_TYPES_H 1
| #define HAVE_UNISTD_H 1
| #define STDC_HEADERS 1
| #define HAVE_DLFCN_H 1
| #define LT_OBJDIR ".libs/"
| #define HAVE_INLINE 1
| #define HAVE_C99_INLINE 1
| #define HAVE_COMPLEX_H 1
| #define HAVE_VPRINTF 1
| #define HAVE_MEMCPY 1
| #define HAVE_MEMMOVE 1
| #define HAVE_STRDUP 1
| #define HAVE_STRTOL 1
| #define HAVE_STRTOUL 1
| #define HAVE_EXIT_SUCCESS_AND_FAILURE 1
| #define HAVE_LIBM 1
| #define HAVE_DECL_FEENABLEEXCEPT 0
| /* end confdefs.h.  */
| #define _GNU_SOURCE 1
| #include <fenv.h>
| 
| int
| main (void)
| {
| #ifndef fesettrapenable
| #ifdef __cplusplus
|   (void) fesettrapenable;
| #else
|   (void) fesettrapenable;
| #endif
| #endif
| 
|   ;
|   return 0;
| }
configure:13902: result: no
configure:13913: checking whether hypot is declared
configure:13913: gcc -c -g -O2   conftest.c >&5
configure:13913: $? = 0
configure:13913: result: yes
configure:13923: checking whether expm1 is declared
configure:13923: gcc -c -g -O2   conftest.c >&5
configure:13923: $? = 0
configure:13923: result: yes
configure:13933: checking whether acosh is declared
configure:13933: gcc -c -g -O2   conftest.c >&5
configure:13933: $? = 0
configure:13933: result: yes
configure:13943: checking whether asinh is declared
configure:13943: gcc -c -g -O2   conftest.c >&5
configure:13943: $? = 0
configure:13943: result: yes
configure:13953: checking whether atanh is declared
configure:13953: gcc -c -g -O2   conftest.c >&5
configure:13953: $? = 0
configure:13953: result: yes
configure:13963: checking whether ldexp is declared
configure:13963: gcc -c -g -O2   conftest.c >&5
configure:13963: $? = 0
configure:13963: result: yes
configure:13973: checking whether frexp is declared
configure:13973: gcc -c -g -O2   conftest.c >&5
configure:13973: $? = 0
configure:13973: result: yes
configure:13983: checking whether fprnd_t is declared
configure:13983: gcc -c -g -O2   conftest.c >&5
conftest.c:53:10: error: use of undeclared identifier 'fprnd_t'
  (void) fprnd_t;
         ^
1 error generated.
configure:13983: $? = 1
configure: failed program was:
| /* confdefs.h */
| #define PACKAGE_NAME "gsl"
| #define PACKAGE_TARNAME "gsl"
| #define PACKAGE_VERSION "2.7"
| #define PACKAGE_STRING "gsl 2.7"
| #define PACKAGE_BUGREPORT ""
| #define PACKAGE_URL ""
| #define PACKAGE "gsl"
| #define VERSION "2.7"
| #define RELEASED /**/
| #define HAVE_STDIO_H 1
| #define HAVE_STDLIB_H 1
| #define HAVE_STRING_H 1
| #define HAVE_INTTYPES_H 1
| #define HAVE_STDINT_H 1
| #define HAVE_STRINGS_H 1
| #define HAVE_SYS_STAT_H 1
| #define HAVE_SYS_TYPES_H 1
| #define HAVE_UNISTD_H 1
| #define STDC_HEADERS 1
| #define HAVE_DLFCN_H 1
| #define LT_OBJDIR ".libs/"
| #define HAVE_INLINE 1
| #define HAVE_C99_INLINE 1
| #define HAVE_COMPLEX_H 1
| #define HAVE_VPRINTF 1
| #define HAVE_MEMCPY 1
| #define HAVE_MEMMOVE 1
| #define HAVE_STRDUP 1
| #define HAVE_STRTOL 1
| #define HAVE_STRTOUL 1
| #define HAVE_EXIT_SUCCESS_AND_FAILURE 1
| #define HAVE_LIBM 1
| #define HAVE_DECL_FEENABLEEXCEPT 0
| #define HAVE_DECL_FESETTRAPENABLE 0
| #define HAVE_DECL_HYPOT 1
| #define HAVE_DECL_EXPM1 1
| #define HAVE_DECL_ACOSH 1
| #define HAVE_DECL_ASINH 1
| #define HAVE_DECL_ATANH 1
| #define HAVE_DECL_LDEXP 1
| #define HAVE_DECL_FREXP 1
| /* end confdefs.h.  */
| #include <float.h>
| 
| int
| main (void)
| {
| #ifndef fprnd_t
| #ifdef __cplusplus
|   (void) fprnd_t;
| #else
|   (void) fprnd_t;
| #endif
| #endif
| 
|   ;
|   return 0;
| }
configure:13983: result: no
configure:13993: checking whether isinf is declared
configure:13993: gcc -c -g -O2   conftest.c >&5
configure:13993: $? = 0
configure:13993: result: yes
configure:14003: checking whether isfinite is declared
configure:14003: gcc -c -g -O2   conftest.c >&5
configure:14003: $? = 0
configure:14003: result: yes
configure:14013: checking whether finite is declared
configure:14013: gcc -c -g -O2   conftest.c >&5
conftest.c:59:10: warning: 'finite' is deprecated: first deprecated in macOS 10.9 - Use `isfinite((double)x)` instead. [-Wdeprecated-declarations]
  (void) finite;
         ^
/Library/Developer/CommandLineTools/SDKs/MacOSX.sdk/usr/include/math.h:752:12: note: 'finite' has been explicitly marked deprecated here
extern int finite(double)
           ^
1 warning generated.
configure:14013: $? = 0
configure:14013: result: yes
configure:14026: checking whether isnan is declared
configure:14026: gcc -c -g -O2   conftest.c >&5
configure:14026: $? = 0
configure:14026: result: yes
configure:14043: checking whether log1p is declared
configure:14043: gcc -c -g -O2   conftest.c >&5
configure:14043: $? = 0
configure:14043: result: yes
configure:14056: checking for long double stdio
configure:14079: gcc -o conftest -g -O2   conftest.c -lm  >&5
configure:14079: $? = 0
configure:14079: ./conftest
1.234
configure:14079: $? = 0
configure:14090: result: yes
configure:14099: checking for extended floating point registers
configure:14133: result: yes
configure:14142: checking for IEEE arithmetic interface type
configure:14206: result: unknown
configure:14340: checking for IEEE compiler flags
configure:14381: result: none
configure:14390: checking for IEEE comparisons
configure:14413: gcc -o conftest -g -O2   conftest.c -lm  >&5
conftest.c:61:4: error: implicitly declaring library function 'exit' with type 'void (int) __attribute__((noreturn))' [-Werror,-Wimplicit-function-declaration]
   exit (status);
   ^
conftest.c:61:4: note: include the header <stdlib.h> or explicitly provide a declaration for 'exit'
1 error generated.
configure:14413: $? = 1
configure: program exited with status 1
configure: failed program was:
| /* confdefs.h */
| #define PACKAGE_NAME "gsl"
| #define PACKAGE_TARNAME "gsl"
| #define PACKAGE_VERSION "2.7"
| #define PACKAGE_STRING "gsl 2.7"
| #define PACKAGE_BUGREPORT ""
| #define PACKAGE_URL ""
| #define PACKAGE "gsl"
| #define VERSION "2.7"
| #define RELEASED /**/
| #define HAVE_STDIO_H 1
| #define HAVE_STDLIB_H 1
| #define HAVE_STRING_H 1
| #define HAVE_INTTYPES_H 1
| #define HAVE_STDINT_H 1
| #define HAVE_STRINGS_H 1
| #define HAVE_SYS_STAT_H 1
| #define HAVE_SYS_TYPES_H 1
| #define HAVE_UNISTD_H 1
| #define STDC_HEADERS 1
| #define HAVE_DLFCN_H 1
| #define LT_OBJDIR ".libs/"
| #define HAVE_INLINE 1
| #define HAVE_C99_INLINE 1
| #define HAVE_COMPLEX_H 1
| #define HAVE_VPRINTF 1
| #define HAVE_MEMCPY 1
| #define HAVE_MEMMOVE 1
| #define HAVE_STRDUP 1
| #define HAVE_STRTOL 1
| #define HAVE_STRTOUL 1
| #define HAVE_EXIT_SUCCESS_AND_FAILURE 1
| #define HAVE_LIBM 1
| #define HAVE_DECL_FEENABLEEXCEPT 0
| #define HAVE_DECL_FESETTRAPENABLE 0
| #define HAVE_DECL_HYPOT 1
| #define HAVE_DECL_EXPM1 1
| #define HAVE_DECL_ACOSH 1
| #define HAVE_DECL_ASINH 1
| #define HAVE_DECL_ATANH 1
| #define HAVE_DECL_LDEXP 1
| #define HAVE_DECL_FREXP 1
| #define HAVE_DECL_FPRND_T 0
| #define HAVE_DECL_ISINF 1
| #define HAVE_DECL_ISFINITE 1
| #define HAVE_DECL_FINITE 1
| #define HAVE_DECL_ISNAN 1
| #define HAVE_DECL_LOG1P 1
| #define HAVE_PRINTF_LONGDOUBLE 1
| #define HAVE_EXTENDED_PRECISION_REGISTERS 1
| #define HAVE_UNKNOWN_IEEE_INTERFACE 1
| /* end confdefs.h.  */
| 
| #include <math.h>
| int main (void)
| {
|    int status; double inf, nan;
|    inf = exp(1.0e10);
|    nan = inf / inf ;
|    status = (nan == nan);
|    exit (status);
| }
configure:14425: result: no
configure:14434: checking for IEEE denormalized values
configure:14458: gcc -o conftest -g -O2   conftest.c -lm  >&5
conftest.c:62:4: error: implicitly declaring library function 'exit' with type 'void (int) __attribute__((noreturn))' [-Werror,-Wimplicit-function-declaration]
   exit (status);
   ^
conftest.c:62:4: note: include the header <stdlib.h> or explicitly provide a declaration for 'exit'
1 error generated.
configure:14458: $? = 1
configure: program exited with status 1
configure: failed program was:
| /* confdefs.h */
| #define PACKAGE_NAME "gsl"
| #define PACKAGE_TARNAME "gsl"
| #define PACKAGE_VERSION "2.7"
| #define PACKAGE_STRING "gsl 2.7"
| #define PACKAGE_BUGREPORT ""
| #define PACKAGE_URL ""
| #define PACKAGE "gsl"
| #define VERSION "2.7"
| #define RELEASED /**/
| #define HAVE_STDIO_H 1
| #define HAVE_STDLIB_H 1
| #define HAVE_STRING_H 1
| #define HAVE_INTTYPES_H 1
| #define HAVE_STDINT_H 1
| #define HAVE_STRINGS_H 1
| #define HAVE_SYS_STAT_H 1
| #define HAVE_SYS_TYPES_H 1
| #define HAVE_UNISTD_H 1
| #define STDC_HEADERS 1
| #define HAVE_DLFCN_H 1
| #define LT_OBJDIR ".libs/"
| #define HAVE_INLINE 1
| #define HAVE_C99_INLINE 1
| #define HAVE_COMPLEX_H 1
| #define HAVE_VPRINTF 1
| #define HAVE_MEMCPY 1
| #define HAVE_MEMMOVE 1
| #define HAVE_STRDUP 1
| #define HAVE_STRTOL 1
| #define HAVE_STRTOUL 1
| #define HAVE_EXIT_SUCCESS_AND_FAILURE 1
| #define HAVE_LIBM 1
| #define HAVE_DECL_FEENABLEEXCEPT 0
| #define HAVE_DECL_FESETTRAPENABLE 0
| #define HAVE_DECL_HYPOT 1
| #define HAVE_DECL_EXPM1 1
| #define HAVE_DECL_ACOSH 1
| #define HAVE_DECL_ASINH 1
| #define HAVE_DECL_ATANH 1
| #define HAVE_DECL_LDEXP 1
| #define HAVE_DECL_FREXP 1
| #define HAVE_DECL_FPRND_T 0
| #define HAVE_DECL_ISINF 1
| #define HAVE_DECL_ISFINITE 1
| #define HAVE_DECL_FINITE 1
| #define HAVE_DECL_ISNAN 1
| #define HAVE_DECL_LOG1P 1
| #define HAVE_PRINTF_LONGDOUBLE 1
| #define HAVE_EXTENDED_PRECISION_REGISTERS 1
| #define HAVE_UNKNOWN_IEEE_INTERFACE 1
| /* end confdefs.h.  */
| 
| #include <math.h>
| int main (void)
| {
|    int i, status;
|    volatile double z = 1e-308;
|    for (i = 0; i < 5; i++) { z = z / 10.0 ; };
|    for (i = 0; i < 5; i++) { z = z * 10.0 ; };
|    status = (z == 0.0);
|    exit (status);
| }
configure:14470: result: no
configure:14609: checking that generated files are newer than configure
configure:14615: result: done
configure:14642: creating ./config.status

## ---------------------- ##
## Running config.status. ##
## ---------------------- ##

This file was extended by gsl config.status 2.7, which was
generated by GNU Autoconf 2.71.  Invocation command line was

  CONFIG_FILES    = 
  CONFIG_HEADERS  = 
  CONFIG_LINKS    = 
  CONFIG_COMMANDS = 
  $ ./config.status 

on Julians-MacBook-Pro.local

config.status:1199: creating Makefile
config.status:1199: creating gsl_version.h
config.status:1199: creating gsl.spec
config.status:1199: creating blas/Makefile
config.status:1199: creating block/Makefile
config.status:1199: creating bspline/Makefile
config.status:1199: creating bst/Makefile
config.status:1199: creating cblas/Makefile
config.status:1199: creating cdf/Makefile
config.status:1199: creating cheb/Makefile
config.status:1199: creating combination/Makefile
config.status:1199: creating complex/Makefile
config.status:1199: creating const/Makefile
config.status:1199: creating deriv/Makefile
config.status:1199: creating dht/Makefile
config.status:1199: creating diff/Makefile
config.status:1199: creating doc/Makefile
config.status:1199: creating doc/examples/Makefile
config.status:1199: creating eigen/Makefile
config.status:1199: creating err/Makefile
config.status:1199: creating fft/Makefile
config.status:1199: creating filter/Makefile
config.status:1199: creating fit/Makefile
config.status:1199: creating gsl/Makefile
config.status:1199: creating histogram/Makefile
config.status:1199: creating ieee-utils/Makefile
config.status:1199: creating integration/Makefile
config.status:1199: creating interpolation/Makefile
config.status:1199: creating linalg/Makefile
config.status:1199: creating matrix/Makefile
config.status:1199: creating min/Makefile
config.status:1199: creating monte/Makefile
config.status:1199: creating movstat/Makefile
config.status:1199: creating multifit/Makefile
config.status:1199: creating multifit_nlinear/Makefile
config.status:1199: creating multilarge/Makefile
config.status:1199: creating multilarge_nlinear/Makefile
config.status:1199: creating multimin/Makefile
config.status:1199: creating multiroots/Makefile
config.status:1199: creating multiset/Makefile
config.status:1199: creating ntuple/Makefile
config.status:1199: creating ode-initval/Makefile
config.status:1199: creating ode-initval2/Makefile
config.status:1199: creating permutation/Makefile
config.status:1199: creating poly/Makefile
config.status:1199: creating qrng/Makefile
config.status:1199: creating randist/Makefile
config.status:1199: creating rng/Makefile
config.status:1199: creating roots/Makefile
config.status:1199: creating rstat/Makefile
config.status:1199: creating siman/Makefile
config.status:1199: creating sort/Makefile
config.status:1199: creating spblas/Makefile
config.status:1199: creating splinalg/Makefile
config.status:1199: creating spmatrix/Makefile
config.status:1199: creating specfunc/Makefile
config.status:1199: creating statistics/Makefile
config.status:1199: creating sum/Makefile
config.status:1199: creating sys/Makefile
config.status:1199: creating test/Makefile
config.status:1199: creating utils/Makefile
config.status:1199: creating vector/Makefile
config.status:1199: creating wavelet/Makefile
config.status:1199: creating config.h
config.status:1428: executing depfiles commands
config.status:1505: cd .       && sed -e '/# am--include-marker/d' Makefile         | make -f - am--depfiles
config.status:1510: $? = 0
config.status:1505: cd blas       && sed -e '/# am--include-marker/d' Makefile         | make -f - am--depfiles
config.status:1510: $? = 0
config.status:1505: cd block       && sed -e '/# am--include-marker/d' Makefile         | make -f - am--depfiles
config.status:1510: $? = 0
config.status:1505: cd bspline       && sed -e '/# am--include-marker/d' Makefile         | make -f - am--depfiles
config.status:1510: $? = 0
config.status:1505: cd bst       && sed -e '/# am--include-marker/d' Makefile         | make -f - am--depfiles
config.status:1510: $? = 0
config.status:1505: cd cblas       && sed -e '/# am--include-marker/d' Makefile         | make -f - am--depfiles
config.status:1510: $? = 0
config.status:1505: cd cdf       && sed -e '/# am--include-marker/d' Makefile         | make -f - am--depfiles
config.status:1510: $? = 0
config.status:1505: cd cheb       && sed -e '/# am--include-marker/d' Makefile         | make -f - am--depfiles
config.status:1510: $? = 0
config.status:1505: cd combination       && sed -e '/# am--include-marker/d' Makefile         | make -f - am--depfiles
config.status:1510: $? = 0
config.status:1505: cd complex       && sed -e '/# am--include-marker/d' Makefile         | make -f - am--depfiles
config.status:1510: $? = 0
config.status:1505: cd const       && sed -e '/# am--include-marker/d' Makefile         | make -f - am--depfiles
config.status:1510: $? = 0
config.status:1505: cd deriv       && sed -e '/# am--include-marker/d' Makefile         | make -f - am--depfiles
config.status:1510: $? = 0
config.status:1505: cd dht       && sed -e '/# am--include-marker/d' Makefile         | make -f - am--depfiles
config.status:1510: $? = 0
config.status:1505: cd diff       && sed -e '/# am--include-marker/d' Makefile         | make -f - am--depfiles
config.status:1510: $? = 0
config.status:1505: cd doc/examples       && sed -e '/# am--include-marker/d' Makefile         | make -f - am--depfiles
config.status:1510: $? = 0
config.status:1505: cd eigen       && sed -e '/# am--include-marker/d' Makefile         | make -f - am--depfiles
config.status:1510: $? = 0
config.status:1505: cd err       && sed -e '/# am--include-marker/d' Makefile         | make -f - am--depfiles
config.status:1510: $? = 0
config.status:1505: cd fft       && sed -e '/# am--include-marker/d' Makefile         | make -f - am--depfiles
config.status:1510: $? = 0
config.status:1505: cd filter       && sed -e '/# am--include-marker/d' Makefile         | make -f - am--depfiles
config.status:1510: $? = 0
config.status:1505: cd fit       && sed -e '/# am--include-marker/d' Makefile         | make -f - am--depfiles
config.status:1510: $? = 0
config.status:1505: cd histogram       && sed -e '/# am--include-marker/d' Makefile         | make -f - am--depfiles
config.status:1510: $? = 0
config.status:1505: cd ieee-utils       && sed -e '/# am--include-marker/d' Makefile         | make -f - am--depfiles
config.status:1510: $? = 0
config.status:1505: cd integration       && sed -e '/# am--include-marker/d' Makefile         | make -f - am--depfiles
config.status:1510: $? = 0
config.status:1505: cd interpolation       && sed -e '/# am--include-marker/d' Makefile         | make -f - am--depfiles
config.status:1510: $? = 0
config.status:1505: cd linalg       && sed -e '/# am--include-marker/d' Makefile         | make -f - am--depfiles
config.status:1510: $? = 0
config.status:1505: cd matrix       && sed -e '/# am--include-marker/d' Makefile         | make -f - am--depfiles
config.status:1510: $? = 0
config.status:1505: cd min       && sed -e '/# am--include-marker/d' Makefile         | make -f - am--depfiles
config.status:1510: $? = 0
config.status:1505: cd monte       && sed -e '/# am--include-marker/d' Makefile         | make -f - am--depfiles
config.status:1510: $? = 0
config.status:1505: cd movstat       && sed -e '/# am--include-marker/d' Makefile         | make -f - am--depfiles
config.status:1510: $? = 0
config.status:1505: cd multifit       && sed -e '/# am--include-marker/d' Makefile         | make -f - am--depfiles
config.status:1510: $? = 0
config.status:1505: cd multifit_nlinear       && sed -e '/# am--include-marker/d' Makefile         | make -f - am--depfiles
config.status:1510: $? = 0
config.status:1505: cd multilarge       && sed -e '/# am--include-marker/d' Makefile         | make -f - am--depfiles
config.status:1510: $? = 0
config.status:1505: cd multilarge_nlinear       && sed -e '/# am--include-marker/d' Makefile         | make -f - am--depfiles
config.status:1510: $? = 0
config.status:1505: cd multimin       && sed -e '/# am--include-marker/d' Makefile         | make -f - am--depfiles
config.status:1510: $? = 0
config.status:1505: cd multiroots       && sed -e '/# am--include-marker/d' Makefile         | make -f - am--depfiles
config.status:1510: $? = 0
config.status:1505: cd multiset       && sed -e '/# am--include-marker/d' Makefile         | make -f - am--depfiles
config.status:1510: $? = 0
config.status:1505: cd ntuple       && sed -e '/# am--include-marker/d' Makefile         | make -f - am--depfiles
config.status:1510: $? = 0
config.status:1505: cd ode-initval       && sed -e '/# am--include-marker/d' Makefile         | make -f - am--depfiles
config.status:1510: $? = 0
config.status:1505: cd ode-initval2       && sed -e '/# am--include-marker/d' Makefile         | make -f - am--depfiles
config.status:1510: $? = 0
config.status:1505: cd permutation       && sed -e '/# am--include-marker/d' Makefile         | make -f - am--depfiles
config.status:1510: $? = 0
config.status:1505: cd poly       && sed -e '/# am--include-marker/d' Makefile         | make -f - am--depfiles
config.status:1510: $? = 0
config.status:1505: cd qrng       && sed -e '/# am--include-marker/d' Makefile         | make -f - am--depfiles
config.status:1510: $? = 0
config.status:1505: cd randist       && sed -e '/# am--include-marker/d' Makefile         | make -f - am--depfiles
config.status:1510: $? = 0
config.status:1505: cd rng       && sed -e '/# am--include-marker/d' Makefile         | make -f - am--depfiles
config.status:1510: $? = 0
config.status:1505: cd roots       && sed -e '/# am--include-marker/d' Makefile         | make -f - am--depfiles
config.status:1510: $? = 0
config.status:1505: cd rstat       && sed -e '/# am--include-marker/d' Makefile         | make -f - am--depfiles
config.status:1510: $? = 0
config.status:1505: cd siman       && sed -e '/# am--include-marker/d' Makefile         | make -f - am--depfiles
config.status:1510: $? = 0
config.status:1505: cd sort       && sed -e '/# am--include-marker/d' Makefile         | make -f - am--depfiles
config.status:1510: $? = 0
config.status:1505: cd spblas       && sed -e '/# am--include-marker/d' Makefile         | make -f - am--depfiles
config.status:1510: $? = 0
config.status:1505: cd splinalg       && sed -e '/# am--include-marker/d' Makefile         | make -f - am--depfiles
config.status:1510: $? = 0
config.status:1505: cd spmatrix       && sed -e '/# am--include-marker/d' Makefile         | make -f - am--depfiles
config.status:1510: $? = 0
config.status:1505: cd specfunc       && sed -e '/# am--include-marker/d' Makefile         | make -f - am--depfiles
config.status:1510: $? = 0
config.status:1505: cd statistics       && sed -e '/# am--include-marker/d' Makefile         | make -f - am--depfiles
config.status:1510: $? = 0
config.status:1505: cd sum       && sed -e '/# am--include-marker/d' Makefile         | make -f - am--depfiles
config.status:1510: $? = 0
config.status:1505: cd sys       && sed -e '/# am--include-marker/d' Makefile         | make -f - am--depfiles
config.status:1510: $? = 0
config.status:1505: cd test       && sed -e '/# am--include-marker/d' Makefile         | make -f - am--depfiles
config.status:1510: $? = 0
config.status:1505: cd utils       && sed -e '/# am--include-marker/d' Makefile         | make -f - am--depfiles
config.status:1510: $? = 0
config.status:1505: cd vector       && sed -e '/# am--include-marker/d' Makefile         | make -f - am--depfiles
config.status:1510: $? = 0
config.status:1505: cd wavelet       && sed -e '/# am--include-marker/d' Makefile         | make -f - am--depfiles
config.status:1510: $? = 0
config.status:1428: executing libtool commands

## ---------------- ##
## Cache variables. ##
## ---------------- ##

ac_cv_build=x86_64-apple-darwin20.2.0
ac_cv_c_c99inline=yes
ac_cv_c_char_unsigned=no
ac_cv_c_compiler_gnu=yes
ac_cv_c_extended_fp=yes
ac_cv_c_extern_inline=no
ac_cv_c_ieee_comparisons=no
ac_cv_c_ieee_denormals=no
ac_cv_c_ieee_flags=none
ac_cv_c_ieee_interface=unknown
ac_cv_c_inline=inline
ac_cv_c_undeclared_builtin_options='none needed'
ac_cv_c_volatile=yes
ac_cv_decl_exit_success_and_failure=yes
ac_cv_env_CC_set=
ac_cv_env_CC_value=
ac_cv_env_CFLAGS_set=
ac_cv_env_CFLAGS_value=
ac_cv_env_CPPFLAGS_set=
ac_cv_env_CPPFLAGS_value=
ac_cv_env_CPP_set=
ac_cv_env_CPP_value=
ac_cv_env_LDFLAGS_set=
ac_cv_env_LDFLAGS_value=
ac_cv_env_LIBS_set=
ac_cv_env_LIBS_value=
ac_cv_env_LT_SYS_LIBRARY_PATH_set=
ac_cv_env_LT_SYS_LIBRARY_PATH_value=
ac_cv_env_build_alias_set=
ac_cv_env_build_alias_value=
ac_cv_env_host_alias_set=
ac_cv_env_host_alias_value=
ac_cv_env_target_alias_set=
ac_cv_env_target_alias_value=
ac_cv_func_memcpy=yes
ac_cv_func_memmove=yes
ac_cv_func_printf_longdouble=yes
ac_cv_func_strdup=yes
ac_cv_func_strtol=yes
ac_cv_func_strtoul=yes
ac_cv_func_vprintf=yes
ac_cv_have_decl_acosh=yes
ac_cv_have_decl_asinh=yes
ac_cv_have_decl_atanh=yes
ac_cv_have_decl_expm1=yes
ac_cv_have_decl_feenableexcept=no
ac_cv_have_decl_fesettrapenable=no
ac_cv_have_decl_finite=yes
ac_cv_have_decl_fprnd_t=no
ac_cv_have_decl_frexp=yes
ac_cv_have_decl_hypot=yes
ac_cv_have_decl_isfinite=yes
ac_cv_have_decl_isinf=yes
ac_cv_have_decl_isnan=yes
ac_cv_have_decl_ldexp=yes
ac_cv_have_decl_log1p=yes
ac_cv_header_complex_h=yes
ac_cv_header_dlfcn_h=yes
ac_cv_header_ieeefp_h=no
ac_cv_header_inttypes_h=yes
ac_cv_header_stdint_h=yes
ac_cv_header_stdio_h=yes
ac_cv_header_stdlib_h=yes
ac_cv_header_string_h=yes
ac_cv_header_strings_h=yes
ac_cv_header_sys_stat_h=yes
ac_cv_header_sys_types_h=yes
ac_cv_header_unistd_h=yes
ac_cv_host=x86_64-apple-darwin20.2.0
ac_cv_lib_m_cos=yes
ac_cv_objext=o
ac_cv_path_EGREP='/usr/bin/grep -E'
ac_cv_path_FGREP='/usr/bin/grep -F'
ac_cv_path_GREP=/usr/bin/grep
ac_cv_path_SED=/usr/bin/sed
ac_cv_path_install='/usr/bin/install -c'
ac_cv_path_lt_DD=/bin/dd
ac_cv_prog_AWK=awk
ac_cv_prog_CPP='gcc -E'
ac_cv_prog_ac_ct_AR=ar
ac_cv_prog_ac_ct_CC=gcc
ac_cv_prog_ac_ct_DSYMUTIL=dsymutil
ac_cv_prog_ac_ct_LIPO=lipo
ac_cv_prog_ac_ct_NMEDIT=nmedit
ac_cv_prog_ac_ct_OBJDUMP=objdump
ac_cv_prog_ac_ct_OTOOL=otool
ac_cv_prog_ac_ct_RANLIB=ranlib
ac_cv_prog_ac_ct_STRIP=strip
ac_cv_prog_cc_c11=
ac_cv_prog_cc_g=yes
ac_cv_prog_cc_stdc=
ac_cv_prog_make_make_set=yes
ac_cv_type_size_t=yes
am_cv_CC_dependencies_compiler_type=gcc3
am_cv_make_support_nested_variables=yes
am_cv_prog_cc_c_o=yes
lt_cv_apple_cc_single_mod=yes
lt_cv_ar_at_file=no
lt_cv_deplibs_check_method=pass_all
lt_cv_file_magic_cmd='$MAGIC_CMD'
lt_cv_file_magic_test_file=
lt_cv_ld_exported_symbols_list=yes
lt_cv_ld_force_load=yes
lt_cv_ld_reload_flag=-r
lt_cv_nm_interface='BSD nm'
lt_cv_objdir=.libs
lt_cv_path_LD=/Applications/Xcode.app/Contents/Developer/Toolchains/XcodeDefault.xctoolchain/usr/bin/ld
lt_cv_path_NM='/usr/bin/nm -B'
lt_cv_path_mainfest_tool=no
lt_cv_prog_compiler_c_o=yes
lt_cv_prog_compiler_pic='-fno-common -DPIC'
lt_cv_prog_compiler_pic_works=yes
lt_cv_prog_compiler_rtti_exceptions=yes
lt_cv_prog_compiler_static_works=no
lt_cv_prog_gnu_ld=no
lt_cv_sharedlib_from_linklib_cmd='printf %s\n'
lt_cv_sys_global_symbol_pipe='sed -n -e '\''s/^.*[	 ]\([BCDEGRST][BCDEGRST]*\)[	 ][	 ]*_\([_A-Za-z][_A-Za-z0-9]*\)$/\1 _\2 \2/p'\'' | sed '\''/ __gnu_lto/d'\'''
lt_cv_sys_global_symbol_to_c_name_address='sed -n -e '\''s/^: \(.*\) .*$/  {"\1", (void *) 0},/p'\'' -e '\''s/^[BCDEGRST][BCDEGRST]* .* \(.*\)$/  {"\1", (void *) \&\1},/p'\'''
lt_cv_sys_global_symbol_to_c_name_address_lib_prefix='sed -n -e '\''s/^: \(.*\) .*$/  {"\1", (void *) 0},/p'\'' -e '\''s/^[BCDEGRST][BCDEGRST]* .* \(lib.*\)$/  {"\1", (void *) \&\1},/p'\'' -e '\''s/^[BCDEGRST][BCDEGRST]* .* \(.*\)$/  {"lib\1", (void *) \&\1},/p'\'''
lt_cv_sys_global_symbol_to_cdecl='sed -n -e '\''s/^T .* \(.*\)$/extern int \1();/p'\'' -e '\''s/^[BCDEGRST][BCDEGRST]* .* \(.*\)$/extern char \1;/p'\'''
lt_cv_sys_global_symbol_to_import=
lt_cv_sys_max_cmd_len=786432
lt_cv_to_host_file_cmd=func_convert_file_noop
lt_cv_to_tool_file_cmd=func_convert_file_noop
lt_cv_truncate_bin='/bin/dd bs=4096 count=1'

## ----------------- ##
## Output variables. ##
## ----------------- ##

ACLOCAL='${SHELL} '\''/Users/julianalvarez/Documents/VSCODE/Smart_Symbolic_Graphing_Calculator/dependencies/gsl-2.7/missing'\'' aclocal-1.16'
AMDEPBACKSLASH='\'
AMDEP_FALSE='#'
AMDEP_TRUE=''
AMTAR='$${TAR-tar}'
AM_BACKSLASH='\'
AM_DEFAULT_V='$(AM_DEFAULT_VERBOSITY)'
AM_DEFAULT_VERBOSITY='1'
AM_V='$(V)'
AR='ar'
AS='as'
AUTOCONF='${SHELL} '\''/Users/julianalvarez/Documents/VSCODE/Smart_Symbolic_Graphing_Calculator/dependencies/gsl-2.7/missing'\'' autoconf'
AUTOHEADER='${SHELL} '\''/Users/julianalvarez/Documents/VSCODE/Smart_Symbolic_Graphing_Calculator/dependencies/gsl-2.7/missing'\'' autoheader'
AUTOMAKE='${SHELL} '\''/Users/julianalvarez/Documents/VSCODE/Smart_Symbolic_Graphing_Calculator/dependencies/gsl-2.7/missing'\'' automake-1.16'
AWK='awk'
CC='gcc'
CCDEPMODE='depmode=gcc3'
CFLAGS='-g -O2'
CPP='gcc -E'
CPPFLAGS=''
CYGPATH_W='echo'
DEFS='-DHAVE_CONFIG_H'
DEPDIR='.deps'
DLLTOOL='false'
DSYMUTIL='dsymutil'
DUMPBIN=''
ECHO_C='\c'
ECHO_N=''
ECHO_T=''
EGREP='/usr/bin/grep -E'
EXEEXT=''
FGREP='/usr/bin/grep -F'
GREP='/usr/bin/grep'
GSLCBLAS_LDFLAGS=''
GSL_CFLAGS='-I${prefix}/include'
GSL_LDFLAGS=''
GSL_LIBADD=''
GSL_LIBM=''
GSL_LIBS='-L${exec_prefix}/lib -lgsl'
GSL_LT_CBLAS_VERSION='0:0:0'
GSL_LT_VERSION='26:0:1'
GSL_MAJOR_VERSION='2'
GSL_MINOR_VERSION='7'
HAVE_AIX_IEEE_INTERFACE=''
HAVE_DARWIN86_IEEE_INTERFACE=''
HAVE_DARWIN_IEEE_INTERFACE=''
HAVE_FREEBSD_IEEE_INTERFACE=''
HAVE_GNUM68K_IEEE_INTERFACE=''
HAVE_GNUPPC_IEEE_INTERFACE=''
HAVE_GNUSPARC_IEEE_INTERFACE=''
HAVE_GNUX86_IEEE_INTERFACE=''
HAVE_HPUX11_IEEE_INTERFACE=''
HAVE_HPUX_IEEE_INTERFACE=''
HAVE_IRIX_IEEE_INTERFACE=''
HAVE_NETBSD_IEEE_INTERFACE=''
HAVE_OPENBSD_IEEE_INTERFACE=''
HAVE_OS2EMX_IEEE_INTERFACE=''
HAVE_SOLARIS_IEEE_INTERFACE=''
HAVE_SUNOS4_IEEE_INTERFACE=''
HAVE_TRU64_IEEE_INTERFACE=''
INSTALL_DATA='${INSTALL} -m 644'
INSTALL_PROGRAM='${INSTALL}'
INSTALL_SCRIPT='${INSTALL}'
INSTALL_STRIP_PROGRAM='$(install_sh) -c -s'
LD='/Applications/Xcode.app/Contents/Developer/Toolchains/XcodeDefault.xctoolchain/usr/bin/ld'
LDFLAGS=''
LIBM=''
LIBOBJS=''
LIBS='-lm '
LIBTOOL='$(SHELL) $(top_builddir)/libtool'
LIPO='lipo'
LN_S='ln -s'
LTLIBOBJS=''
LT_SYS_LIBRARY_PATH=''
MAINT='#'
MAINTAINER_MODE_FALSE=''
MAINTAINER_MODE_TRUE='#'
MAKEINFO='${SHELL} '\''/Users/julianalvarez/Documents/VSCODE/Smart_Symbolic_Graphing_Calculator/dependencies/gsl-2.7/missing'\'' makeinfo'
MANIFEST_TOOL=':'
MKDIR_P='./install-sh -c -d'
NM='/usr/bin/nm -B'
NMEDIT='nmedit'
OBJDUMP='objdump'
OBJEXT='o'
OTOOL64=':'
OTOOL='otool'
PACKAGE='gsl'
PACKAGE_BUGREPORT=''
PACKAGE_NAME='gsl'
PACKAGE_STRING='gsl 2.7'
PACKAGE_TARNAME='gsl'
PACKAGE_URL=''
PACKAGE_VERSION='2.7'
PATH_SEPARATOR=':'
RANLIB='ranlib'
SED='/usr/bin/sed'
SET_MAKE=''
SHELL='/bin/sh'
STRIP='strip'
VERSION='2.7'
ac_ct_AR='ar'
ac_ct_CC='gcc'
ac_ct_DUMPBIN=''
am__EXEEXT_FALSE=''
am__EXEEXT_TRUE='#'
am__fastdepCC_FALSE='#'
am__fastdepCC_TRUE=''
am__include='include'
am__isrc=''
am__leading_dot='.'
am__nodep='_no'
am__quote=''
am__tar='$${TAR-tar} chof - "$$tardir"'
am__untar='$${TAR-tar} xf -'
bindir='${exec_prefix}/bin'
build='x86_64-apple-darwin20.2.0'
build_alias=''
build_cpu='x86_64'
build_os='darwin20.2.0'
build_vendor='apple'
datadir='${datarootdir}'
datarootdir='${prefix}/share'
docdir='${datarootdir}/doc/${PACKAGE_TARNAME}'
dvidir='${docdir}'
exec_prefix='${prefix}'
host='x86_64-apple-darwin20.2.0'
host_alias=''
host_cpu='x86_64'
host_os='darwin20.2.0'
host_vendor='apple'
htmldir='${docdir}'
includedir='${prefix}/include'
infodir='${datarootdir}/info'
install_sh='${SHELL} /Users/julianalvarez/Documents/VSCODE/Smart_Symbolic_Graphing_Calculator/dependencies/gsl-2.7/install-sh'
libdir='${exec_prefix}/lib'
libexecdir='${exec_prefix}/libexec'
localedir='${datarootdir}/locale'
localstatedir='${prefix}/var'
mandir='${datarootdir}/man'
mkdir_p='$(MKDIR_P)'
oldincludedir='/usr/include'
pdfdir='${docdir}'
prefix='/Users/julianalvarez/Documents/VSCODE/Smart_Symbolic_Graphing_Calculator/tools/macos'
program_transform_name='s,x,x,'
psdir='${docdir}'
runstatedir='${localstatedir}/run'
sbindir='${exec_prefix}/sbin'
sharedstatedir='${prefix}/com'
sysconfdir='${prefix}/etc'
target_alias=''

## ----------- ##
## confdefs.h. ##
## ----------- ##

/* confdefs.h */
#define PACKAGE_NAME "gsl"
#define PACKAGE_TARNAME "gsl"
#define PACKAGE_VERSION "2.7"
#define PACKAGE_STRING "gsl 2.7"
#define PACKAGE_BUGREPORT ""
#define PACKAGE_URL ""
#define PACKAGE "gsl"
#define VERSION "2.7"
#define RELEASED /**/
#define HAVE_STDIO_H 1
#define HAVE_STDLIB_H 1
#define HAVE_STRING_H 1
#define HAVE_INTTYPES_H 1
#define HAVE_STDINT_H 1
#define HAVE_STRINGS_H 1
#define HAVE_SYS_STAT_H 1
#define HAVE_SYS_TYPES_H 1
#define HAVE_UNISTD_H 1
#define STDC_HEADERS 1
#define HAVE_DLFCN_H 1
#define LT_OBJDIR ".libs/"
#define HAVE_INLINE 1
#define HAVE_C99_INLINE 1
#define HAVE_COMPLEX_H 1
#define HAVE_VPRINTF 1
#define HAVE_MEMCPY 1
#define HAVE_MEMMOVE 1
#define HAVE_STRDUP 1
#define HAVE_STRTOL 1
#define HAVE_STRTOUL 1
#define HAVE_EXIT_SUCCESS_AND_FAILURE 1
#define HAVE_LIBM 1
#define HAVE_DECL_FEENABLEEXCEPT 0
#define HAVE_DECL_FESETTRAPENABLE 0
#define HAVE_DECL_HYPOT 1
#define HAVE_DECL_EXPM1 1
#define HAVE_DECL_ACOSH 1
#define HAVE_DECL_ASINH 1
#define HAVE_DECL_ATANH 1
#define HAVE_DECL_LDEXP 1
#define HAVE_DECL_FREXP 1
#define HAVE_DECL_FPRND_T 0
#define HAVE_DECL_ISINF 1
#define HAVE_DECL_ISFINITE 1
#define HAVE_DECL_FINITE 1
#define HAVE_DECL_ISNAN 1
#define HAVE_DECL_LOG1P 1
#define HAVE_PRINTF_LONGDOUBLE 1
#define HAVE_EXTENDED_PRECISION_REGISTERS 1
#define HAVE_UNKNOWN_IEEE_INTERFACE 1

configure: exit 0
